[2024-10-06T20:38:09.910-0300] {processor.py:157} INFO - Started process (PID=10911) to work on /home/diego/Escritorio/NOVA-BI/airflow/dags/new_etl.py
[2024-10-06T20:38:09.912-0300] {processor.py:829} INFO - Processing file /home/diego/Escritorio/NOVA-BI/airflow/dags/new_etl.py for tasks to queue
[2024-10-06T20:38:09.914-0300] {logging_mixin.py:151} INFO - [2024-10-06T20:38:09.913-0300] {dagbag.py:536} INFO - Filling up the DagBag from /home/diego/Escritorio/NOVA-BI/airflow/dags/new_etl.py
[2024-10-06T20:38:09.936-0300] {processor.py:839} INFO - DAG(s) dict_keys(['aaa']) retrieved from /home/diego/Escritorio/NOVA-BI/airflow/dags/new_etl.py
[2024-10-06T20:38:09.995-0300] {logging_mixin.py:151} INFO - [2024-10-06T20:38:09.994-0300] {dag.py:2941} INFO - Sync 1 DAGs
[2024-10-06T20:38:10.031-0300] {logging_mixin.py:151} INFO - [2024-10-06T20:38:10.031-0300] {dag.py:3722} INFO - Setting next_dagrun for aaa to 2024-10-05T00:00:00+00:00, run_after=2024-10-06T00:00:00+00:00
[2024-10-06T20:38:10.089-0300] {processor.py:179} INFO - Processing /home/diego/Escritorio/NOVA-BI/airflow/dags/new_etl.py took 0.185 seconds
[2024-10-06T20:38:41.183-0300] {processor.py:157} INFO - Started process (PID=11139) to work on /home/diego/Escritorio/NOVA-BI/airflow/dags/new_etl.py
[2024-10-06T20:38:41.189-0300] {processor.py:829} INFO - Processing file /home/diego/Escritorio/NOVA-BI/airflow/dags/new_etl.py for tasks to queue
[2024-10-06T20:38:41.193-0300] {logging_mixin.py:151} INFO - [2024-10-06T20:38:41.192-0300] {dagbag.py:536} INFO - Filling up the DagBag from /home/diego/Escritorio/NOVA-BI/airflow/dags/new_etl.py
[2024-10-06T20:38:41.211-0300] {processor.py:839} INFO - DAG(s) dict_keys(['aaa']) retrieved from /home/diego/Escritorio/NOVA-BI/airflow/dags/new_etl.py
[2024-10-06T20:38:41.259-0300] {logging_mixin.py:151} INFO - [2024-10-06T20:38:41.259-0300] {dag.py:2941} INFO - Sync 1 DAGs
[2024-10-06T20:38:41.300-0300] {logging_mixin.py:151} INFO - [2024-10-06T20:38:41.300-0300] {dag.py:3722} INFO - Setting next_dagrun for aaa to 2024-10-05T00:00:00+00:00, run_after=2024-10-06T00:00:00+00:00
[2024-10-06T20:38:41.338-0300] {processor.py:179} INFO - Processing /home/diego/Escritorio/NOVA-BI/airflow/dags/new_etl.py took 0.160 seconds
[2024-10-06T20:39:11.614-0300] {processor.py:157} INFO - Started process (PID=11571) to work on /home/diego/Escritorio/NOVA-BI/airflow/dags/new_etl.py
[2024-10-06T20:39:11.615-0300] {processor.py:829} INFO - Processing file /home/diego/Escritorio/NOVA-BI/airflow/dags/new_etl.py for tasks to queue
[2024-10-06T20:39:11.621-0300] {logging_mixin.py:151} INFO - [2024-10-06T20:39:11.620-0300] {dagbag.py:536} INFO - Filling up the DagBag from /home/diego/Escritorio/NOVA-BI/airflow/dags/new_etl.py
[2024-10-06T20:39:11.639-0300] {processor.py:839} INFO - DAG(s) dict_keys(['aaa']) retrieved from /home/diego/Escritorio/NOVA-BI/airflow/dags/new_etl.py
[2024-10-06T20:39:11.704-0300] {logging_mixin.py:151} INFO - [2024-10-06T20:39:11.704-0300] {dag.py:2941} INFO - Sync 1 DAGs
[2024-10-06T20:39:11.754-0300] {logging_mixin.py:151} INFO - [2024-10-06T20:39:11.754-0300] {dag.py:3722} INFO - Setting next_dagrun for aaa to 2024-10-05T00:00:00+00:00, run_after=2024-10-06T00:00:00+00:00
[2024-10-06T20:39:11.792-0300] {processor.py:179} INFO - Processing /home/diego/Escritorio/NOVA-BI/airflow/dags/new_etl.py took 0.183 seconds
[2024-10-06T20:39:42.099-0300] {processor.py:157} INFO - Started process (PID=11802) to work on /home/diego/Escritorio/NOVA-BI/airflow/dags/new_etl.py
[2024-10-06T20:39:42.103-0300] {processor.py:829} INFO - Processing file /home/diego/Escritorio/NOVA-BI/airflow/dags/new_etl.py for tasks to queue
[2024-10-06T20:39:42.112-0300] {logging_mixin.py:151} INFO - [2024-10-06T20:39:42.111-0300] {dagbag.py:536} INFO - Filling up the DagBag from /home/diego/Escritorio/NOVA-BI/airflow/dags/new_etl.py
[2024-10-06T20:39:42.150-0300] {processor.py:839} INFO - DAG(s) dict_keys(['aaa']) retrieved from /home/diego/Escritorio/NOVA-BI/airflow/dags/new_etl.py
[2024-10-06T20:39:42.204-0300] {logging_mixin.py:151} INFO - [2024-10-06T20:39:42.204-0300] {dag.py:2941} INFO - Sync 1 DAGs
[2024-10-06T20:39:42.245-0300] {logging_mixin.py:151} INFO - [2024-10-06T20:39:42.245-0300] {dag.py:3722} INFO - Setting next_dagrun for aaa to 2024-10-05T00:00:00+00:00, run_after=2024-10-06T00:00:00+00:00
[2024-10-06T20:39:42.281-0300] {processor.py:179} INFO - Processing /home/diego/Escritorio/NOVA-BI/airflow/dags/new_etl.py took 0.188 seconds
[2024-10-06T20:40:12.555-0300] {processor.py:157} INFO - Started process (PID=12018) to work on /home/diego/Escritorio/NOVA-BI/airflow/dags/new_etl.py
[2024-10-06T20:40:12.557-0300] {processor.py:829} INFO - Processing file /home/diego/Escritorio/NOVA-BI/airflow/dags/new_etl.py for tasks to queue
[2024-10-06T20:40:12.561-0300] {logging_mixin.py:151} INFO - [2024-10-06T20:40:12.560-0300] {dagbag.py:536} INFO - Filling up the DagBag from /home/diego/Escritorio/NOVA-BI/airflow/dags/new_etl.py
[2024-10-06T20:40:12.585-0300] {processor.py:839} INFO - DAG(s) dict_keys(['aaa']) retrieved from /home/diego/Escritorio/NOVA-BI/airflow/dags/new_etl.py
[2024-10-06T20:40:12.644-0300] {logging_mixin.py:151} INFO - [2024-10-06T20:40:12.644-0300] {dag.py:2941} INFO - Sync 1 DAGs
[2024-10-06T20:40:12.690-0300] {logging_mixin.py:151} INFO - [2024-10-06T20:40:12.690-0300] {dag.py:3722} INFO - Setting next_dagrun for aaa to 2024-10-05T00:00:00+00:00, run_after=2024-10-06T00:00:00+00:00
[2024-10-06T20:40:12.725-0300] {processor.py:179} INFO - Processing /home/diego/Escritorio/NOVA-BI/airflow/dags/new_etl.py took 0.175 seconds
[2024-10-06T20:40:42.784-0300] {processor.py:157} INFO - Started process (PID=12052) to work on /home/diego/Escritorio/NOVA-BI/airflow/dags/new_etl.py
[2024-10-06T20:40:42.797-0300] {processor.py:829} INFO - Processing file /home/diego/Escritorio/NOVA-BI/airflow/dags/new_etl.py for tasks to queue
[2024-10-06T20:40:42.800-0300] {logging_mixin.py:151} INFO - [2024-10-06T20:40:42.800-0300] {dagbag.py:536} INFO - Filling up the DagBag from /home/diego/Escritorio/NOVA-BI/airflow/dags/new_etl.py
[2024-10-06T20:40:42.818-0300] {processor.py:839} INFO - DAG(s) dict_keys(['aaa']) retrieved from /home/diego/Escritorio/NOVA-BI/airflow/dags/new_etl.py
[2024-10-06T20:40:42.870-0300] {logging_mixin.py:151} INFO - [2024-10-06T20:40:42.869-0300] {dag.py:2941} INFO - Sync 1 DAGs
[2024-10-06T20:40:42.912-0300] {logging_mixin.py:151} INFO - [2024-10-06T20:40:42.912-0300] {dag.py:3722} INFO - Setting next_dagrun for aaa to 2024-10-05T00:00:00+00:00, run_after=2024-10-06T00:00:00+00:00
[2024-10-06T20:40:42.946-0300] {processor.py:179} INFO - Processing /home/diego/Escritorio/NOVA-BI/airflow/dags/new_etl.py took 0.167 seconds
[2024-10-06T20:41:13.199-0300] {processor.py:157} INFO - Started process (PID=12113) to work on /home/diego/Escritorio/NOVA-BI/airflow/dags/new_etl.py
[2024-10-06T20:41:13.201-0300] {processor.py:829} INFO - Processing file /home/diego/Escritorio/NOVA-BI/airflow/dags/new_etl.py for tasks to queue
[2024-10-06T20:41:13.207-0300] {logging_mixin.py:151} INFO - [2024-10-06T20:41:13.207-0300] {dagbag.py:536} INFO - Filling up the DagBag from /home/diego/Escritorio/NOVA-BI/airflow/dags/new_etl.py
[2024-10-06T20:41:13.232-0300] {processor.py:839} INFO - DAG(s) dict_keys(['aaa']) retrieved from /home/diego/Escritorio/NOVA-BI/airflow/dags/new_etl.py
[2024-10-06T20:41:13.293-0300] {logging_mixin.py:151} INFO - [2024-10-06T20:41:13.293-0300] {dag.py:2941} INFO - Sync 1 DAGs
[2024-10-06T20:41:13.338-0300] {logging_mixin.py:151} INFO - [2024-10-06T20:41:13.338-0300] {dag.py:3722} INFO - Setting next_dagrun for aaa to 2024-10-05T00:00:00+00:00, run_after=2024-10-06T00:00:00+00:00
[2024-10-06T20:41:13.404-0300] {processor.py:179} INFO - Processing /home/diego/Escritorio/NOVA-BI/airflow/dags/new_etl.py took 0.214 seconds
[2024-10-06T20:41:43.639-0300] {processor.py:157} INFO - Started process (PID=12189) to work on /home/diego/Escritorio/NOVA-BI/airflow/dags/new_etl.py
[2024-10-06T20:41:43.641-0300] {processor.py:829} INFO - Processing file /home/diego/Escritorio/NOVA-BI/airflow/dags/new_etl.py for tasks to queue
[2024-10-06T20:41:43.644-0300] {logging_mixin.py:151} INFO - [2024-10-06T20:41:43.644-0300] {dagbag.py:536} INFO - Filling up the DagBag from /home/diego/Escritorio/NOVA-BI/airflow/dags/new_etl.py
[2024-10-06T20:41:43.665-0300] {processor.py:839} INFO - DAG(s) dict_keys(['aaa']) retrieved from /home/diego/Escritorio/NOVA-BI/airflow/dags/new_etl.py
[2024-10-06T20:41:43.714-0300] {logging_mixin.py:151} INFO - [2024-10-06T20:41:43.713-0300] {dag.py:2941} INFO - Sync 1 DAGs
[2024-10-06T20:41:43.753-0300] {logging_mixin.py:151} INFO - [2024-10-06T20:41:43.753-0300] {dag.py:3722} INFO - Setting next_dagrun for aaa to 2024-10-05T00:00:00+00:00, run_after=2024-10-06T00:00:00+00:00
[2024-10-06T20:41:43.808-0300] {processor.py:179} INFO - Processing /home/diego/Escritorio/NOVA-BI/airflow/dags/new_etl.py took 0.173 seconds
[2024-10-06T20:42:14.043-0300] {processor.py:157} INFO - Started process (PID=12247) to work on /home/diego/Escritorio/NOVA-BI/airflow/dags/new_etl.py
[2024-10-06T20:42:14.044-0300] {processor.py:829} INFO - Processing file /home/diego/Escritorio/NOVA-BI/airflow/dags/new_etl.py for tasks to queue
[2024-10-06T20:42:14.048-0300] {logging_mixin.py:151} INFO - [2024-10-06T20:42:14.047-0300] {dagbag.py:536} INFO - Filling up the DagBag from /home/diego/Escritorio/NOVA-BI/airflow/dags/new_etl.py
[2024-10-06T20:42:14.070-0300] {processor.py:839} INFO - DAG(s) dict_keys(['aaa']) retrieved from /home/diego/Escritorio/NOVA-BI/airflow/dags/new_etl.py
[2024-10-06T20:42:14.121-0300] {logging_mixin.py:151} INFO - [2024-10-06T20:42:14.120-0300] {dag.py:2941} INFO - Sync 1 DAGs
[2024-10-06T20:42:14.163-0300] {logging_mixin.py:151} INFO - [2024-10-06T20:42:14.163-0300] {dag.py:3722} INFO - Setting next_dagrun for aaa to 2024-10-05T00:00:00+00:00, run_after=2024-10-06T00:00:00+00:00
[2024-10-06T20:42:14.199-0300] {processor.py:179} INFO - Processing /home/diego/Escritorio/NOVA-BI/airflow/dags/new_etl.py took 0.161 seconds
[2024-10-06T20:43:31.204-0300] {processor.py:157} INFO - Started process (PID=12564) to work on /home/diego/Escritorio/NOVA-BI/airflow/dags/new_etl.py
[2024-10-06T20:43:31.208-0300] {processor.py:829} INFO - Processing file /home/diego/Escritorio/NOVA-BI/airflow/dags/new_etl.py for tasks to queue
[2024-10-06T20:43:31.210-0300] {logging_mixin.py:151} INFO - [2024-10-06T20:43:31.209-0300] {dagbag.py:536} INFO - Filling up the DagBag from /home/diego/Escritorio/NOVA-BI/airflow/dags/new_etl.py
[2024-10-06T20:43:31.238-0300] {processor.py:839} INFO - DAG(s) dict_keys(['aaa']) retrieved from /home/diego/Escritorio/NOVA-BI/airflow/dags/new_etl.py
[2024-10-06T20:43:31.363-0300] {logging_mixin.py:151} INFO - [2024-10-06T20:43:31.362-0300] {dag.py:2941} INFO - Sync 1 DAGs
[2024-10-06T20:43:31.433-0300] {logging_mixin.py:151} INFO - [2024-10-06T20:43:31.432-0300] {dag.py:3722} INFO - Setting next_dagrun for aaa to 2024-10-05T00:00:00+00:00, run_after=2024-10-06T00:00:00+00:00
[2024-10-06T20:43:31.488-0300] {processor.py:179} INFO - Processing /home/diego/Escritorio/NOVA-BI/airflow/dags/new_etl.py took 0.289 seconds
[2024-10-06T20:44:02.700-0300] {processor.py:157} INFO - Started process (PID=12738) to work on /home/diego/Escritorio/NOVA-BI/airflow/dags/new_etl.py
[2024-10-06T20:44:02.701-0300] {processor.py:829} INFO - Processing file /home/diego/Escritorio/NOVA-BI/airflow/dags/new_etl.py for tasks to queue
[2024-10-06T20:44:02.704-0300] {logging_mixin.py:151} INFO - [2024-10-06T20:44:02.704-0300] {dagbag.py:536} INFO - Filling up the DagBag from /home/diego/Escritorio/NOVA-BI/airflow/dags/new_etl.py
[2024-10-06T20:44:02.723-0300] {processor.py:839} INFO - DAG(s) dict_keys(['aaa']) retrieved from /home/diego/Escritorio/NOVA-BI/airflow/dags/new_etl.py
[2024-10-06T20:44:02.775-0300] {logging_mixin.py:151} INFO - [2024-10-06T20:44:02.775-0300] {dag.py:2941} INFO - Sync 1 DAGs
[2024-10-06T20:44:02.815-0300] {logging_mixin.py:151} INFO - [2024-10-06T20:44:02.814-0300] {dag.py:3722} INFO - Setting next_dagrun for aaa to 2024-10-05T00:00:00+00:00, run_after=2024-10-06T00:00:00+00:00
[2024-10-06T20:44:02.865-0300] {processor.py:179} INFO - Processing /home/diego/Escritorio/NOVA-BI/airflow/dags/new_etl.py took 0.170 seconds
