[2024-10-06T18:54:48.712-0300] {processor.py:157} INFO - Started process (PID=31264) to work on /home/diego/Escritorio/NOVA-BI/airflow/dags/stg_post_to_snow.py
[2024-10-06T18:54:48.713-0300] {processor.py:829} INFO - Processing file /home/diego/Escritorio/NOVA-BI/airflow/dags/stg_post_to_snow.py for tasks to queue
[2024-10-06T18:54:48.716-0300] {logging_mixin.py:151} INFO - [2024-10-06T18:54:48.715-0300] {dagbag.py:536} INFO - Filling up the DagBag from /home/diego/Escritorio/NOVA-BI/airflow/dags/stg_post_to_snow.py
[2024-10-06T18:54:48.726-0300] {processor.py:839} INFO - DAG(s) dict_keys(['stg_post_to_snow']) retrieved from /home/diego/Escritorio/NOVA-BI/airflow/dags/stg_post_to_snow.py
[2024-10-06T18:54:48.765-0300] {logging_mixin.py:151} INFO - [2024-10-06T18:54:48.765-0300] {dag.py:2941} INFO - Sync 1 DAGs
[2024-10-06T18:54:48.780-0300] {logging_mixin.py:151} INFO - [2024-10-06T18:54:48.779-0300] {dag.py:3722} INFO - Setting next_dagrun for stg_post_to_snow to None, run_after=None
[2024-10-06T18:54:48.801-0300] {processor.py:179} INFO - Processing /home/diego/Escritorio/NOVA-BI/airflow/dags/stg_post_to_snow.py took 0.092 seconds
[2024-10-06T18:55:18.948-0300] {processor.py:157} INFO - Started process (PID=31830) to work on /home/diego/Escritorio/NOVA-BI/airflow/dags/stg_post_to_snow.py
[2024-10-06T18:55:18.948-0300] {processor.py:829} INFO - Processing file /home/diego/Escritorio/NOVA-BI/airflow/dags/stg_post_to_snow.py for tasks to queue
[2024-10-06T18:55:18.952-0300] {logging_mixin.py:151} INFO - [2024-10-06T18:55:18.952-0300] {dagbag.py:536} INFO - Filling up the DagBag from /home/diego/Escritorio/NOVA-BI/airflow/dags/stg_post_to_snow.py
[2024-10-06T18:55:18.965-0300] {processor.py:839} INFO - DAG(s) dict_keys(['stg_post_to_snow']) retrieved from /home/diego/Escritorio/NOVA-BI/airflow/dags/stg_post_to_snow.py
[2024-10-06T18:55:18.997-0300] {logging_mixin.py:151} INFO - [2024-10-06T18:55:18.996-0300] {dag.py:2941} INFO - Sync 1 DAGs
[2024-10-06T18:55:19.009-0300] {logging_mixin.py:151} INFO - [2024-10-06T18:55:19.009-0300] {dag.py:3722} INFO - Setting next_dagrun for stg_post_to_snow to None, run_after=None
[2024-10-06T18:55:19.037-0300] {processor.py:179} INFO - Processing /home/diego/Escritorio/NOVA-BI/airflow/dags/stg_post_to_snow.py took 0.094 seconds
[2024-10-06T18:55:49.137-0300] {processor.py:157} INFO - Started process (PID=32106) to work on /home/diego/Escritorio/NOVA-BI/airflow/dags/stg_post_to_snow.py
[2024-10-06T18:55:49.137-0300] {processor.py:829} INFO - Processing file /home/diego/Escritorio/NOVA-BI/airflow/dags/stg_post_to_snow.py for tasks to queue
[2024-10-06T18:55:49.139-0300] {logging_mixin.py:151} INFO - [2024-10-06T18:55:49.139-0300] {dagbag.py:536} INFO - Filling up the DagBag from /home/diego/Escritorio/NOVA-BI/airflow/dags/stg_post_to_snow.py
[2024-10-06T18:55:49.151-0300] {processor.py:839} INFO - DAG(s) dict_keys(['stg_post_to_snow']) retrieved from /home/diego/Escritorio/NOVA-BI/airflow/dags/stg_post_to_snow.py
[2024-10-06T18:55:49.185-0300] {logging_mixin.py:151} INFO - [2024-10-06T18:55:49.184-0300] {dag.py:2941} INFO - Sync 1 DAGs
[2024-10-06T18:55:49.198-0300] {logging_mixin.py:151} INFO - [2024-10-06T18:55:49.198-0300] {dag.py:3722} INFO - Setting next_dagrun for stg_post_to_snow to None, run_after=None
[2024-10-06T18:55:49.217-0300] {processor.py:179} INFO - Processing /home/diego/Escritorio/NOVA-BI/airflow/dags/stg_post_to_snow.py took 0.084 seconds
[2024-10-06T18:56:19.364-0300] {processor.py:157} INFO - Started process (PID=32517) to work on /home/diego/Escritorio/NOVA-BI/airflow/dags/stg_post_to_snow.py
[2024-10-06T18:56:19.365-0300] {processor.py:829} INFO - Processing file /home/diego/Escritorio/NOVA-BI/airflow/dags/stg_post_to_snow.py for tasks to queue
[2024-10-06T18:56:19.367-0300] {logging_mixin.py:151} INFO - [2024-10-06T18:56:19.367-0300] {dagbag.py:536} INFO - Filling up the DagBag from /home/diego/Escritorio/NOVA-BI/airflow/dags/stg_post_to_snow.py
[2024-10-06T18:56:19.380-0300] {processor.py:839} INFO - DAG(s) dict_keys(['stg_post_to_snow']) retrieved from /home/diego/Escritorio/NOVA-BI/airflow/dags/stg_post_to_snow.py
[2024-10-06T18:56:19.417-0300] {logging_mixin.py:151} INFO - [2024-10-06T18:56:19.416-0300] {dag.py:2941} INFO - Sync 1 DAGs
[2024-10-06T18:56:19.432-0300] {logging_mixin.py:151} INFO - [2024-10-06T18:56:19.432-0300] {dag.py:3722} INFO - Setting next_dagrun for stg_post_to_snow to None, run_after=None
[2024-10-06T18:56:19.458-0300] {processor.py:179} INFO - Processing /home/diego/Escritorio/NOVA-BI/airflow/dags/stg_post_to_snow.py took 0.097 seconds
[2024-10-06T18:56:49.568-0300] {processor.py:157} INFO - Started process (PID=32776) to work on /home/diego/Escritorio/NOVA-BI/airflow/dags/stg_post_to_snow.py
[2024-10-06T18:56:49.572-0300] {processor.py:829} INFO - Processing file /home/diego/Escritorio/NOVA-BI/airflow/dags/stg_post_to_snow.py for tasks to queue
[2024-10-06T18:56:49.575-0300] {logging_mixin.py:151} INFO - [2024-10-06T18:56:49.575-0300] {dagbag.py:536} INFO - Filling up the DagBag from /home/diego/Escritorio/NOVA-BI/airflow/dags/stg_post_to_snow.py
[2024-10-06T18:56:49.590-0300] {processor.py:839} INFO - DAG(s) dict_keys(['stg_post_to_snow']) retrieved from /home/diego/Escritorio/NOVA-BI/airflow/dags/stg_post_to_snow.py
[2024-10-06T18:56:49.622-0300] {logging_mixin.py:151} INFO - [2024-10-06T18:56:49.622-0300] {dag.py:2941} INFO - Sync 1 DAGs
[2024-10-06T18:56:49.636-0300] {logging_mixin.py:151} INFO - [2024-10-06T18:56:49.636-0300] {dag.py:3722} INFO - Setting next_dagrun for stg_post_to_snow to None, run_after=None
[2024-10-06T18:56:49.656-0300] {processor.py:179} INFO - Processing /home/diego/Escritorio/NOVA-BI/airflow/dags/stg_post_to_snow.py took 0.094 seconds
[2024-10-06T18:57:19.795-0300] {processor.py:157} INFO - Started process (PID=33186) to work on /home/diego/Escritorio/NOVA-BI/airflow/dags/stg_post_to_snow.py
[2024-10-06T18:57:19.795-0300] {processor.py:829} INFO - Processing file /home/diego/Escritorio/NOVA-BI/airflow/dags/stg_post_to_snow.py for tasks to queue
[2024-10-06T18:57:19.798-0300] {logging_mixin.py:151} INFO - [2024-10-06T18:57:19.797-0300] {dagbag.py:536} INFO - Filling up the DagBag from /home/diego/Escritorio/NOVA-BI/airflow/dags/stg_post_to_snow.py
[2024-10-06T18:57:19.809-0300] {processor.py:839} INFO - DAG(s) dict_keys(['stg_post_to_snow']) retrieved from /home/diego/Escritorio/NOVA-BI/airflow/dags/stg_post_to_snow.py
[2024-10-06T18:57:19.841-0300] {logging_mixin.py:151} INFO - [2024-10-06T18:57:19.839-0300] {dag.py:2941} INFO - Sync 1 DAGs
[2024-10-06T18:57:19.856-0300] {logging_mixin.py:151} INFO - [2024-10-06T18:57:19.856-0300] {dag.py:3722} INFO - Setting next_dagrun for stg_post_to_snow to None, run_after=None
[2024-10-06T18:57:19.883-0300] {processor.py:179} INFO - Processing /home/diego/Escritorio/NOVA-BI/airflow/dags/stg_post_to_snow.py took 0.092 seconds
[2024-10-06T18:57:49.989-0300] {processor.py:157} INFO - Started process (PID=33447) to work on /home/diego/Escritorio/NOVA-BI/airflow/dags/stg_post_to_snow.py
[2024-10-06T18:57:49.997-0300] {processor.py:829} INFO - Processing file /home/diego/Escritorio/NOVA-BI/airflow/dags/stg_post_to_snow.py for tasks to queue
[2024-10-06T18:57:50.000-0300] {logging_mixin.py:151} INFO - [2024-10-06T18:57:50.000-0300] {dagbag.py:536} INFO - Filling up the DagBag from /home/diego/Escritorio/NOVA-BI/airflow/dags/stg_post_to_snow.py
[2024-10-06T18:57:50.012-0300] {processor.py:839} INFO - DAG(s) dict_keys(['stg_post_to_snow']) retrieved from /home/diego/Escritorio/NOVA-BI/airflow/dags/stg_post_to_snow.py
[2024-10-06T18:57:50.045-0300] {logging_mixin.py:151} INFO - [2024-10-06T18:57:50.044-0300] {dag.py:2941} INFO - Sync 1 DAGs
[2024-10-06T18:57:50.059-0300] {logging_mixin.py:151} INFO - [2024-10-06T18:57:50.059-0300] {dag.py:3722} INFO - Setting next_dagrun for stg_post_to_snow to None, run_after=None
[2024-10-06T18:57:50.080-0300] {processor.py:179} INFO - Processing /home/diego/Escritorio/NOVA-BI/airflow/dags/stg_post_to_snow.py took 0.094 seconds
[2024-10-06T18:58:20.212-0300] {processor.py:157} INFO - Started process (PID=33871) to work on /home/diego/Escritorio/NOVA-BI/airflow/dags/stg_post_to_snow.py
[2024-10-06T18:58:20.212-0300] {processor.py:829} INFO - Processing file /home/diego/Escritorio/NOVA-BI/airflow/dags/stg_post_to_snow.py for tasks to queue
[2024-10-06T18:58:20.215-0300] {logging_mixin.py:151} INFO - [2024-10-06T18:58:20.214-0300] {dagbag.py:536} INFO - Filling up the DagBag from /home/diego/Escritorio/NOVA-BI/airflow/dags/stg_post_to_snow.py
[2024-10-06T18:58:20.227-0300] {processor.py:839} INFO - DAG(s) dict_keys(['stg_post_to_snow']) retrieved from /home/diego/Escritorio/NOVA-BI/airflow/dags/stg_post_to_snow.py
[2024-10-06T18:58:20.264-0300] {logging_mixin.py:151} INFO - [2024-10-06T18:58:20.263-0300] {dag.py:2941} INFO - Sync 1 DAGs
[2024-10-06T18:58:20.277-0300] {logging_mixin.py:151} INFO - [2024-10-06T18:58:20.277-0300] {dag.py:3722} INFO - Setting next_dagrun for stg_post_to_snow to None, run_after=None
[2024-10-06T18:58:20.298-0300] {processor.py:179} INFO - Processing /home/diego/Escritorio/NOVA-BI/airflow/dags/stg_post_to_snow.py took 0.089 seconds
[2024-10-06T18:58:50.414-0300] {processor.py:157} INFO - Started process (PID=34221) to work on /home/diego/Escritorio/NOVA-BI/airflow/dags/stg_post_to_snow.py
[2024-10-06T18:58:50.418-0300] {processor.py:829} INFO - Processing file /home/diego/Escritorio/NOVA-BI/airflow/dags/stg_post_to_snow.py for tasks to queue
[2024-10-06T18:58:50.420-0300] {logging_mixin.py:151} INFO - [2024-10-06T18:58:50.420-0300] {dagbag.py:536} INFO - Filling up the DagBag from /home/diego/Escritorio/NOVA-BI/airflow/dags/stg_post_to_snow.py
[2024-10-06T18:58:50.431-0300] {processor.py:839} INFO - DAG(s) dict_keys(['stg_post_to_snow']) retrieved from /home/diego/Escritorio/NOVA-BI/airflow/dags/stg_post_to_snow.py
[2024-10-06T18:58:50.463-0300] {logging_mixin.py:151} INFO - [2024-10-06T18:58:50.462-0300] {dag.py:2941} INFO - Sync 1 DAGs
[2024-10-06T18:58:50.475-0300] {logging_mixin.py:151} INFO - [2024-10-06T18:58:50.475-0300] {dag.py:3722} INFO - Setting next_dagrun for stg_post_to_snow to None, run_after=None
[2024-10-06T18:58:50.494-0300] {processor.py:179} INFO - Processing /home/diego/Escritorio/NOVA-BI/airflow/dags/stg_post_to_snow.py took 0.086 seconds
[2024-10-06T18:59:20.686-0300] {processor.py:157} INFO - Started process (PID=34552) to work on /home/diego/Escritorio/NOVA-BI/airflow/dags/stg_post_to_snow.py
[2024-10-06T18:59:20.687-0300] {processor.py:829} INFO - Processing file /home/diego/Escritorio/NOVA-BI/airflow/dags/stg_post_to_snow.py for tasks to queue
[2024-10-06T18:59:20.689-0300] {logging_mixin.py:151} INFO - [2024-10-06T18:59:20.688-0300] {dagbag.py:536} INFO - Filling up the DagBag from /home/diego/Escritorio/NOVA-BI/airflow/dags/stg_post_to_snow.py
[2024-10-06T18:59:20.701-0300] {processor.py:839} INFO - DAG(s) dict_keys(['stg_post_to_snow']) retrieved from /home/diego/Escritorio/NOVA-BI/airflow/dags/stg_post_to_snow.py
[2024-10-06T18:59:20.732-0300] {logging_mixin.py:151} INFO - [2024-10-06T18:59:20.731-0300] {dag.py:2941} INFO - Sync 1 DAGs
[2024-10-06T18:59:20.746-0300] {logging_mixin.py:151} INFO - [2024-10-06T18:59:20.745-0300] {dag.py:3722} INFO - Setting next_dagrun for stg_post_to_snow to None, run_after=None
[2024-10-06T18:59:20.774-0300] {processor.py:179} INFO - Processing /home/diego/Escritorio/NOVA-BI/airflow/dags/stg_post_to_snow.py took 0.091 seconds
[2024-10-06T18:59:50.864-0300] {processor.py:157} INFO - Started process (PID=34899) to work on /home/diego/Escritorio/NOVA-BI/airflow/dags/stg_post_to_snow.py
[2024-10-06T18:59:50.876-0300] {processor.py:829} INFO - Processing file /home/diego/Escritorio/NOVA-BI/airflow/dags/stg_post_to_snow.py for tasks to queue
[2024-10-06T18:59:50.879-0300] {logging_mixin.py:151} INFO - [2024-10-06T18:59:50.879-0300] {dagbag.py:536} INFO - Filling up the DagBag from /home/diego/Escritorio/NOVA-BI/airflow/dags/stg_post_to_snow.py
[2024-10-06T18:59:50.902-0300] {processor.py:839} INFO - DAG(s) dict_keys(['stg_post_to_snow']) retrieved from /home/diego/Escritorio/NOVA-BI/airflow/dags/stg_post_to_snow.py
[2024-10-06T18:59:50.942-0300] {logging_mixin.py:151} INFO - [2024-10-06T18:59:50.941-0300] {dag.py:2941} INFO - Sync 1 DAGs
[2024-10-06T18:59:50.961-0300] {logging_mixin.py:151} INFO - [2024-10-06T18:59:50.960-0300] {dag.py:3722} INFO - Setting next_dagrun for stg_post_to_snow to None, run_after=None
[2024-10-06T18:59:50.983-0300] {processor.py:179} INFO - Processing /home/diego/Escritorio/NOVA-BI/airflow/dags/stg_post_to_snow.py took 0.122 seconds
[2024-10-06T19:00:21.177-0300] {processor.py:157} INFO - Started process (PID=35367) to work on /home/diego/Escritorio/NOVA-BI/airflow/dags/stg_post_to_snow.py
[2024-10-06T19:00:21.178-0300] {processor.py:829} INFO - Processing file /home/diego/Escritorio/NOVA-BI/airflow/dags/stg_post_to_snow.py for tasks to queue
[2024-10-06T19:00:21.181-0300] {logging_mixin.py:151} INFO - [2024-10-06T19:00:21.180-0300] {dagbag.py:536} INFO - Filling up the DagBag from /home/diego/Escritorio/NOVA-BI/airflow/dags/stg_post_to_snow.py
[2024-10-06T19:00:21.192-0300] {processor.py:839} INFO - DAG(s) dict_keys(['stg_post_to_snow']) retrieved from /home/diego/Escritorio/NOVA-BI/airflow/dags/stg_post_to_snow.py
[2024-10-06T19:00:21.223-0300] {logging_mixin.py:151} INFO - [2024-10-06T19:00:21.223-0300] {dag.py:2941} INFO - Sync 1 DAGs
[2024-10-06T19:00:21.235-0300] {logging_mixin.py:151} INFO - [2024-10-06T19:00:21.235-0300] {dag.py:3722} INFO - Setting next_dagrun for stg_post_to_snow to None, run_after=None
[2024-10-06T19:00:21.264-0300] {processor.py:179} INFO - Processing /home/diego/Escritorio/NOVA-BI/airflow/dags/stg_post_to_snow.py took 0.090 seconds
[2024-10-06T19:00:51.517-0300] {processor.py:157} INFO - Started process (PID=35621) to work on /home/diego/Escritorio/NOVA-BI/airflow/dags/stg_post_to_snow.py
[2024-10-06T19:00:51.518-0300] {processor.py:829} INFO - Processing file /home/diego/Escritorio/NOVA-BI/airflow/dags/stg_post_to_snow.py for tasks to queue
[2024-10-06T19:00:51.521-0300] {logging_mixin.py:151} INFO - [2024-10-06T19:00:51.521-0300] {dagbag.py:536} INFO - Filling up the DagBag from /home/diego/Escritorio/NOVA-BI/airflow/dags/stg_post_to_snow.py
[2024-10-06T19:00:51.535-0300] {processor.py:839} INFO - DAG(s) dict_keys(['stg_post_to_snow']) retrieved from /home/diego/Escritorio/NOVA-BI/airflow/dags/stg_post_to_snow.py
[2024-10-06T19:00:51.570-0300] {logging_mixin.py:151} INFO - [2024-10-06T19:00:51.570-0300] {dag.py:2941} INFO - Sync 1 DAGs
[2024-10-06T19:00:51.586-0300] {logging_mixin.py:151} INFO - [2024-10-06T19:00:51.585-0300] {dag.py:3722} INFO - Setting next_dagrun for stg_post_to_snow to None, run_after=None
[2024-10-06T19:00:51.625-0300] {processor.py:179} INFO - Processing /home/diego/Escritorio/NOVA-BI/airflow/dags/stg_post_to_snow.py took 0.116 seconds
[2024-10-06T19:01:21.698-0300] {processor.py:157} INFO - Started process (PID=36147) to work on /home/diego/Escritorio/NOVA-BI/airflow/dags/stg_post_to_snow.py
[2024-10-06T19:01:21.699-0300] {processor.py:829} INFO - Processing file /home/diego/Escritorio/NOVA-BI/airflow/dags/stg_post_to_snow.py for tasks to queue
[2024-10-06T19:01:21.703-0300] {logging_mixin.py:151} INFO - [2024-10-06T19:01:21.702-0300] {dagbag.py:536} INFO - Filling up the DagBag from /home/diego/Escritorio/NOVA-BI/airflow/dags/stg_post_to_snow.py
[2024-10-06T19:01:21.714-0300] {processor.py:839} INFO - DAG(s) dict_keys(['stg_post_to_snow']) retrieved from /home/diego/Escritorio/NOVA-BI/airflow/dags/stg_post_to_snow.py
[2024-10-06T19:01:21.743-0300] {logging_mixin.py:151} INFO - [2024-10-06T19:01:21.742-0300] {dag.py:2941} INFO - Sync 1 DAGs
[2024-10-06T19:01:21.755-0300] {logging_mixin.py:151} INFO - [2024-10-06T19:01:21.755-0300] {dag.py:3722} INFO - Setting next_dagrun for stg_post_to_snow to None, run_after=None
[2024-10-06T19:01:21.774-0300] {processor.py:179} INFO - Processing /home/diego/Escritorio/NOVA-BI/airflow/dags/stg_post_to_snow.py took 0.081 seconds
[2024-10-06T19:01:51.962-0300] {processor.py:157} INFO - Started process (PID=36401) to work on /home/diego/Escritorio/NOVA-BI/airflow/dags/stg_post_to_snow.py
[2024-10-06T19:01:51.974-0300] {processor.py:829} INFO - Processing file /home/diego/Escritorio/NOVA-BI/airflow/dags/stg_post_to_snow.py for tasks to queue
[2024-10-06T19:01:51.976-0300] {logging_mixin.py:151} INFO - [2024-10-06T19:01:51.976-0300] {dagbag.py:536} INFO - Filling up the DagBag from /home/diego/Escritorio/NOVA-BI/airflow/dags/stg_post_to_snow.py
[2024-10-06T19:01:51.988-0300] {processor.py:839} INFO - DAG(s) dict_keys(['stg_post_to_snow']) retrieved from /home/diego/Escritorio/NOVA-BI/airflow/dags/stg_post_to_snow.py
[2024-10-06T19:01:52.018-0300] {logging_mixin.py:151} INFO - [2024-10-06T19:01:52.017-0300] {dag.py:2941} INFO - Sync 1 DAGs
[2024-10-06T19:01:52.031-0300] {logging_mixin.py:151} INFO - [2024-10-06T19:01:52.030-0300] {dag.py:3722} INFO - Setting next_dagrun for stg_post_to_snow to None, run_after=None
[2024-10-06T19:01:52.048-0300] {processor.py:179} INFO - Processing /home/diego/Escritorio/NOVA-BI/airflow/dags/stg_post_to_snow.py took 0.089 seconds
[2024-10-06T19:02:22.235-0300] {processor.py:157} INFO - Started process (PID=36573) to work on /home/diego/Escritorio/NOVA-BI/airflow/dags/stg_post_to_snow.py
[2024-10-06T19:02:22.248-0300] {processor.py:829} INFO - Processing file /home/diego/Escritorio/NOVA-BI/airflow/dags/stg_post_to_snow.py for tasks to queue
[2024-10-06T19:02:22.261-0300] {logging_mixin.py:151} INFO - [2024-10-06T19:02:22.260-0300] {dagbag.py:536} INFO - Filling up the DagBag from /home/diego/Escritorio/NOVA-BI/airflow/dags/stg_post_to_snow.py
[2024-10-06T19:02:22.282-0300] {processor.py:839} INFO - DAG(s) dict_keys(['stg_post_to_snow']) retrieved from /home/diego/Escritorio/NOVA-BI/airflow/dags/stg_post_to_snow.py
[2024-10-06T19:02:22.316-0300] {logging_mixin.py:151} INFO - [2024-10-06T19:02:22.316-0300] {dag.py:2941} INFO - Sync 1 DAGs
[2024-10-06T19:02:22.332-0300] {logging_mixin.py:151} INFO - [2024-10-06T19:02:22.331-0300] {dag.py:3722} INFO - Setting next_dagrun for stg_post_to_snow to None, run_after=None
[2024-10-06T19:02:22.364-0300] {processor.py:179} INFO - Processing /home/diego/Escritorio/NOVA-BI/airflow/dags/stg_post_to_snow.py took 0.135 seconds
[2024-10-06T19:02:52.543-0300] {processor.py:157} INFO - Started process (PID=36916) to work on /home/diego/Escritorio/NOVA-BI/airflow/dags/stg_post_to_snow.py
[2024-10-06T19:02:52.544-0300] {processor.py:829} INFO - Processing file /home/diego/Escritorio/NOVA-BI/airflow/dags/stg_post_to_snow.py for tasks to queue
[2024-10-06T19:02:52.547-0300] {logging_mixin.py:151} INFO - [2024-10-06T19:02:52.547-0300] {dagbag.py:536} INFO - Filling up the DagBag from /home/diego/Escritorio/NOVA-BI/airflow/dags/stg_post_to_snow.py
[2024-10-06T19:02:52.560-0300] {processor.py:839} INFO - DAG(s) dict_keys(['stg_post_to_snow']) retrieved from /home/diego/Escritorio/NOVA-BI/airflow/dags/stg_post_to_snow.py
[2024-10-06T19:02:52.596-0300] {logging_mixin.py:151} INFO - [2024-10-06T19:02:52.596-0300] {dag.py:2941} INFO - Sync 1 DAGs
[2024-10-06T19:02:52.611-0300] {logging_mixin.py:151} INFO - [2024-10-06T19:02:52.611-0300] {dag.py:3722} INFO - Setting next_dagrun for stg_post_to_snow to None, run_after=None
[2024-10-06T19:02:52.650-0300] {processor.py:179} INFO - Processing /home/diego/Escritorio/NOVA-BI/airflow/dags/stg_post_to_snow.py took 0.110 seconds
[2024-10-06T19:03:22.827-0300] {processor.py:157} INFO - Started process (PID=37404) to work on /home/diego/Escritorio/NOVA-BI/airflow/dags/stg_post_to_snow.py
[2024-10-06T19:03:22.842-0300] {processor.py:829} INFO - Processing file /home/diego/Escritorio/NOVA-BI/airflow/dags/stg_post_to_snow.py for tasks to queue
[2024-10-06T19:03:22.845-0300] {logging_mixin.py:151} INFO - [2024-10-06T19:03:22.844-0300] {dagbag.py:536} INFO - Filling up the DagBag from /home/diego/Escritorio/NOVA-BI/airflow/dags/stg_post_to_snow.py
[2024-10-06T19:03:22.857-0300] {processor.py:839} INFO - DAG(s) dict_keys(['stg_post_to_snow']) retrieved from /home/diego/Escritorio/NOVA-BI/airflow/dags/stg_post_to_snow.py
[2024-10-06T19:03:22.886-0300] {logging_mixin.py:151} INFO - [2024-10-06T19:03:22.886-0300] {dag.py:2941} INFO - Sync 1 DAGs
[2024-10-06T19:03:22.898-0300] {logging_mixin.py:151} INFO - [2024-10-06T19:03:22.898-0300] {dag.py:3722} INFO - Setting next_dagrun for stg_post_to_snow to None, run_after=None
[2024-10-06T19:03:22.917-0300] {processor.py:179} INFO - Processing /home/diego/Escritorio/NOVA-BI/airflow/dags/stg_post_to_snow.py took 0.093 seconds
[2024-10-06T19:03:53.104-0300] {processor.py:157} INFO - Started process (PID=37628) to work on /home/diego/Escritorio/NOVA-BI/airflow/dags/stg_post_to_snow.py
[2024-10-06T19:03:53.105-0300] {processor.py:829} INFO - Processing file /home/diego/Escritorio/NOVA-BI/airflow/dags/stg_post_to_snow.py for tasks to queue
[2024-10-06T19:03:53.109-0300] {logging_mixin.py:151} INFO - [2024-10-06T19:03:53.109-0300] {dagbag.py:536} INFO - Filling up the DagBag from /home/diego/Escritorio/NOVA-BI/airflow/dags/stg_post_to_snow.py
[2024-10-06T19:03:53.120-0300] {processor.py:839} INFO - DAG(s) dict_keys(['stg_post_to_snow']) retrieved from /home/diego/Escritorio/NOVA-BI/airflow/dags/stg_post_to_snow.py
[2024-10-06T19:03:53.154-0300] {logging_mixin.py:151} INFO - [2024-10-06T19:03:53.154-0300] {dag.py:2941} INFO - Sync 1 DAGs
[2024-10-06T19:03:53.167-0300] {logging_mixin.py:151} INFO - [2024-10-06T19:03:53.167-0300] {dag.py:3722} INFO - Setting next_dagrun for stg_post_to_snow to None, run_after=None
[2024-10-06T19:03:53.184-0300] {processor.py:179} INFO - Processing /home/diego/Escritorio/NOVA-BI/airflow/dags/stg_post_to_snow.py took 0.085 seconds
[2024-10-06T19:04:23.363-0300] {processor.py:157} INFO - Started process (PID=37780) to work on /home/diego/Escritorio/NOVA-BI/airflow/dags/stg_post_to_snow.py
[2024-10-06T19:04:23.366-0300] {processor.py:829} INFO - Processing file /home/diego/Escritorio/NOVA-BI/airflow/dags/stg_post_to_snow.py for tasks to queue
[2024-10-06T19:04:23.368-0300] {logging_mixin.py:151} INFO - [2024-10-06T19:04:23.368-0300] {dagbag.py:536} INFO - Filling up the DagBag from /home/diego/Escritorio/NOVA-BI/airflow/dags/stg_post_to_snow.py
[2024-10-06T19:04:23.379-0300] {processor.py:839} INFO - DAG(s) dict_keys(['stg_post_to_snow']) retrieved from /home/diego/Escritorio/NOVA-BI/airflow/dags/stg_post_to_snow.py
[2024-10-06T19:04:23.413-0300] {logging_mixin.py:151} INFO - [2024-10-06T19:04:23.412-0300] {dag.py:2941} INFO - Sync 1 DAGs
[2024-10-06T19:04:23.425-0300] {logging_mixin.py:151} INFO - [2024-10-06T19:04:23.425-0300] {dag.py:3722} INFO - Setting next_dagrun for stg_post_to_snow to None, run_after=None
[2024-10-06T19:04:23.444-0300] {processor.py:179} INFO - Processing /home/diego/Escritorio/NOVA-BI/airflow/dags/stg_post_to_snow.py took 0.085 seconds
[2024-10-06T19:04:53.706-0300] {processor.py:157} INFO - Started process (PID=38321) to work on /home/diego/Escritorio/NOVA-BI/airflow/dags/stg_post_to_snow.py
[2024-10-06T19:04:53.707-0300] {processor.py:829} INFO - Processing file /home/diego/Escritorio/NOVA-BI/airflow/dags/stg_post_to_snow.py for tasks to queue
[2024-10-06T19:04:53.710-0300] {logging_mixin.py:151} INFO - [2024-10-06T19:04:53.709-0300] {dagbag.py:536} INFO - Filling up the DagBag from /home/diego/Escritorio/NOVA-BI/airflow/dags/stg_post_to_snow.py
[2024-10-06T19:04:53.728-0300] {processor.py:839} INFO - DAG(s) dict_keys(['stg_post_to_snow']) retrieved from /home/diego/Escritorio/NOVA-BI/airflow/dags/stg_post_to_snow.py
[2024-10-06T19:04:53.765-0300] {logging_mixin.py:151} INFO - [2024-10-06T19:04:53.764-0300] {dag.py:2941} INFO - Sync 1 DAGs
[2024-10-06T19:04:53.780-0300] {logging_mixin.py:151} INFO - [2024-10-06T19:04:53.780-0300] {dag.py:3722} INFO - Setting next_dagrun for stg_post_to_snow to None, run_after=None
[2024-10-06T19:04:53.835-0300] {processor.py:179} INFO - Processing /home/diego/Escritorio/NOVA-BI/airflow/dags/stg_post_to_snow.py took 0.132 seconds
[2024-10-06T19:05:24.063-0300] {processor.py:157} INFO - Started process (PID=38593) to work on /home/diego/Escritorio/NOVA-BI/airflow/dags/stg_post_to_snow.py
[2024-10-06T19:05:24.071-0300] {processor.py:829} INFO - Processing file /home/diego/Escritorio/NOVA-BI/airflow/dags/stg_post_to_snow.py for tasks to queue
[2024-10-06T19:05:24.073-0300] {logging_mixin.py:151} INFO - [2024-10-06T19:05:24.073-0300] {dagbag.py:536} INFO - Filling up the DagBag from /home/diego/Escritorio/NOVA-BI/airflow/dags/stg_post_to_snow.py
[2024-10-06T19:05:24.084-0300] {processor.py:839} INFO - DAG(s) dict_keys(['stg_post_to_snow']) retrieved from /home/diego/Escritorio/NOVA-BI/airflow/dags/stg_post_to_snow.py
[2024-10-06T19:05:24.114-0300] {logging_mixin.py:151} INFO - [2024-10-06T19:05:24.114-0300] {dag.py:2941} INFO - Sync 1 DAGs
[2024-10-06T19:05:24.126-0300] {logging_mixin.py:151} INFO - [2024-10-06T19:05:24.126-0300] {dag.py:3722} INFO - Setting next_dagrun for stg_post_to_snow to None, run_after=None
[2024-10-06T19:05:24.147-0300] {processor.py:179} INFO - Processing /home/diego/Escritorio/NOVA-BI/airflow/dags/stg_post_to_snow.py took 0.087 seconds
[2024-10-06T19:05:54.334-0300] {processor.py:157} INFO - Started process (PID=38971) to work on /home/diego/Escritorio/NOVA-BI/airflow/dags/stg_post_to_snow.py
[2024-10-06T19:05:54.335-0300] {processor.py:829} INFO - Processing file /home/diego/Escritorio/NOVA-BI/airflow/dags/stg_post_to_snow.py for tasks to queue
[2024-10-06T19:05:54.337-0300] {logging_mixin.py:151} INFO - [2024-10-06T19:05:54.337-0300] {dagbag.py:536} INFO - Filling up the DagBag from /home/diego/Escritorio/NOVA-BI/airflow/dags/stg_post_to_snow.py
[2024-10-06T19:05:54.347-0300] {processor.py:839} INFO - DAG(s) dict_keys(['stg_post_to_snow']) retrieved from /home/diego/Escritorio/NOVA-BI/airflow/dags/stg_post_to_snow.py
[2024-10-06T19:05:54.378-0300] {logging_mixin.py:151} INFO - [2024-10-06T19:05:54.378-0300] {dag.py:2941} INFO - Sync 1 DAGs
[2024-10-06T19:05:54.391-0300] {logging_mixin.py:151} INFO - [2024-10-06T19:05:54.390-0300] {dag.py:3722} INFO - Setting next_dagrun for stg_post_to_snow to None, run_after=None
[2024-10-06T19:05:54.407-0300] {processor.py:179} INFO - Processing /home/diego/Escritorio/NOVA-BI/airflow/dags/stg_post_to_snow.py took 0.080 seconds
[2024-10-06T19:06:24.618-0300] {processor.py:157} INFO - Started process (PID=39886) to work on /home/diego/Escritorio/NOVA-BI/airflow/dags/stg_post_to_snow.py
[2024-10-06T19:06:24.619-0300] {processor.py:829} INFO - Processing file /home/diego/Escritorio/NOVA-BI/airflow/dags/stg_post_to_snow.py for tasks to queue
[2024-10-06T19:06:24.621-0300] {logging_mixin.py:151} INFO - [2024-10-06T19:06:24.621-0300] {dagbag.py:536} INFO - Filling up the DagBag from /home/diego/Escritorio/NOVA-BI/airflow/dags/stg_post_to_snow.py
[2024-10-06T19:06:24.633-0300] {processor.py:839} INFO - DAG(s) dict_keys(['stg_post_to_snow']) retrieved from /home/diego/Escritorio/NOVA-BI/airflow/dags/stg_post_to_snow.py
[2024-10-06T19:06:24.664-0300] {logging_mixin.py:151} INFO - [2024-10-06T19:06:24.663-0300] {dag.py:2941} INFO - Sync 1 DAGs
[2024-10-06T19:06:24.678-0300] {logging_mixin.py:151} INFO - [2024-10-06T19:06:24.678-0300] {dag.py:3722} INFO - Setting next_dagrun for stg_post_to_snow to None, run_after=None
[2024-10-06T19:06:24.696-0300] {processor.py:179} INFO - Processing /home/diego/Escritorio/NOVA-BI/airflow/dags/stg_post_to_snow.py took 0.081 seconds
[2024-10-06T19:06:54.870-0300] {processor.py:157} INFO - Started process (PID=40278) to work on /home/diego/Escritorio/NOVA-BI/airflow/dags/stg_post_to_snow.py
[2024-10-06T19:06:54.870-0300] {processor.py:829} INFO - Processing file /home/diego/Escritorio/NOVA-BI/airflow/dags/stg_post_to_snow.py for tasks to queue
[2024-10-06T19:06:54.872-0300] {logging_mixin.py:151} INFO - [2024-10-06T19:06:54.872-0300] {dagbag.py:536} INFO - Filling up the DagBag from /home/diego/Escritorio/NOVA-BI/airflow/dags/stg_post_to_snow.py
[2024-10-06T19:06:54.884-0300] {processor.py:839} INFO - DAG(s) dict_keys(['stg_post_to_snow']) retrieved from /home/diego/Escritorio/NOVA-BI/airflow/dags/stg_post_to_snow.py
[2024-10-06T19:06:54.917-0300] {logging_mixin.py:151} INFO - [2024-10-06T19:06:54.917-0300] {dag.py:2941} INFO - Sync 1 DAGs
[2024-10-06T19:06:54.931-0300] {logging_mixin.py:151} INFO - [2024-10-06T19:06:54.931-0300] {dag.py:3722} INFO - Setting next_dagrun for stg_post_to_snow to None, run_after=None
[2024-10-06T19:06:54.954-0300] {processor.py:179} INFO - Processing /home/diego/Escritorio/NOVA-BI/airflow/dags/stg_post_to_snow.py took 0.088 seconds
[2024-10-06T19:07:25.130-0300] {processor.py:157} INFO - Started process (PID=40501) to work on /home/diego/Escritorio/NOVA-BI/airflow/dags/stg_post_to_snow.py
[2024-10-06T19:07:25.142-0300] {processor.py:829} INFO - Processing file /home/diego/Escritorio/NOVA-BI/airflow/dags/stg_post_to_snow.py for tasks to queue
[2024-10-06T19:07:25.145-0300] {logging_mixin.py:151} INFO - [2024-10-06T19:07:25.144-0300] {dagbag.py:536} INFO - Filling up the DagBag from /home/diego/Escritorio/NOVA-BI/airflow/dags/stg_post_to_snow.py
[2024-10-06T19:07:25.157-0300] {processor.py:839} INFO - DAG(s) dict_keys(['stg_post_to_snow']) retrieved from /home/diego/Escritorio/NOVA-BI/airflow/dags/stg_post_to_snow.py
[2024-10-06T19:07:25.191-0300] {logging_mixin.py:151} INFO - [2024-10-06T19:07:25.190-0300] {dag.py:2941} INFO - Sync 1 DAGs
[2024-10-06T19:07:25.206-0300] {logging_mixin.py:151} INFO - [2024-10-06T19:07:25.206-0300] {dag.py:3722} INFO - Setting next_dagrun for stg_post_to_snow to None, run_after=None
[2024-10-06T19:07:25.226-0300] {processor.py:179} INFO - Processing /home/diego/Escritorio/NOVA-BI/airflow/dags/stg_post_to_snow.py took 0.100 seconds
[2024-10-06T19:07:55.396-0300] {processor.py:157} INFO - Started process (PID=40807) to work on /home/diego/Escritorio/NOVA-BI/airflow/dags/stg_post_to_snow.py
[2024-10-06T19:07:55.397-0300] {processor.py:829} INFO - Processing file /home/diego/Escritorio/NOVA-BI/airflow/dags/stg_post_to_snow.py for tasks to queue
[2024-10-06T19:07:55.399-0300] {logging_mixin.py:151} INFO - [2024-10-06T19:07:55.398-0300] {dagbag.py:536} INFO - Filling up the DagBag from /home/diego/Escritorio/NOVA-BI/airflow/dags/stg_post_to_snow.py
[2024-10-06T19:07:55.410-0300] {processor.py:839} INFO - DAG(s) dict_keys(['stg_post_to_snow']) retrieved from /home/diego/Escritorio/NOVA-BI/airflow/dags/stg_post_to_snow.py
[2024-10-06T19:07:55.441-0300] {logging_mixin.py:151} INFO - [2024-10-06T19:07:55.440-0300] {dag.py:2941} INFO - Sync 1 DAGs
[2024-10-06T19:07:55.454-0300] {logging_mixin.py:151} INFO - [2024-10-06T19:07:55.454-0300] {dag.py:3722} INFO - Setting next_dagrun for stg_post_to_snow to None, run_after=None
[2024-10-06T19:07:55.475-0300] {processor.py:179} INFO - Processing /home/diego/Escritorio/NOVA-BI/airflow/dags/stg_post_to_snow.py took 0.081 seconds
[2024-10-06T19:08:25.672-0300] {processor.py:157} INFO - Started process (PID=41327) to work on /home/diego/Escritorio/NOVA-BI/airflow/dags/stg_post_to_snow.py
[2024-10-06T19:08:25.673-0300] {processor.py:829} INFO - Processing file /home/diego/Escritorio/NOVA-BI/airflow/dags/stg_post_to_snow.py for tasks to queue
[2024-10-06T19:08:25.675-0300] {logging_mixin.py:151} INFO - [2024-10-06T19:08:25.675-0300] {dagbag.py:536} INFO - Filling up the DagBag from /home/diego/Escritorio/NOVA-BI/airflow/dags/stg_post_to_snow.py
[2024-10-06T19:08:25.686-0300] {processor.py:839} INFO - DAG(s) dict_keys(['stg_post_to_snow']) retrieved from /home/diego/Escritorio/NOVA-BI/airflow/dags/stg_post_to_snow.py
[2024-10-06T19:08:25.715-0300] {logging_mixin.py:151} INFO - [2024-10-06T19:08:25.714-0300] {dag.py:2941} INFO - Sync 1 DAGs
[2024-10-06T19:08:25.728-0300] {logging_mixin.py:151} INFO - [2024-10-06T19:08:25.728-0300] {dag.py:3722} INFO - Setting next_dagrun for stg_post_to_snow to None, run_after=None
[2024-10-06T19:08:25.749-0300] {processor.py:179} INFO - Processing /home/diego/Escritorio/NOVA-BI/airflow/dags/stg_post_to_snow.py took 0.080 seconds
[2024-10-06T19:08:55.959-0300] {processor.py:157} INFO - Started process (PID=41938) to work on /home/diego/Escritorio/NOVA-BI/airflow/dags/stg_post_to_snow.py
[2024-10-06T19:08:55.960-0300] {processor.py:829} INFO - Processing file /home/diego/Escritorio/NOVA-BI/airflow/dags/stg_post_to_snow.py for tasks to queue
[2024-10-06T19:08:55.963-0300] {logging_mixin.py:151} INFO - [2024-10-06T19:08:55.963-0300] {dagbag.py:536} INFO - Filling up the DagBag from /home/diego/Escritorio/NOVA-BI/airflow/dags/stg_post_to_snow.py
[2024-10-06T19:08:55.984-0300] {processor.py:839} INFO - DAG(s) dict_keys(['stg_post_to_snow']) retrieved from /home/diego/Escritorio/NOVA-BI/airflow/dags/stg_post_to_snow.py
[2024-10-06T19:08:56.025-0300] {logging_mixin.py:151} INFO - [2024-10-06T19:08:56.024-0300] {dag.py:2941} INFO - Sync 1 DAGs
[2024-10-06T19:08:56.039-0300] {logging_mixin.py:151} INFO - [2024-10-06T19:08:56.038-0300] {dag.py:3722} INFO - Setting next_dagrun for stg_post_to_snow to None, run_after=None
[2024-10-06T19:08:56.058-0300] {processor.py:179} INFO - Processing /home/diego/Escritorio/NOVA-BI/airflow/dags/stg_post_to_snow.py took 0.105 seconds
[2024-10-06T19:09:26.251-0300] {processor.py:157} INFO - Started process (PID=42366) to work on /home/diego/Escritorio/NOVA-BI/airflow/dags/stg_post_to_snow.py
[2024-10-06T19:09:26.254-0300] {processor.py:829} INFO - Processing file /home/diego/Escritorio/NOVA-BI/airflow/dags/stg_post_to_snow.py for tasks to queue
[2024-10-06T19:09:26.257-0300] {logging_mixin.py:151} INFO - [2024-10-06T19:09:26.256-0300] {dagbag.py:536} INFO - Filling up the DagBag from /home/diego/Escritorio/NOVA-BI/airflow/dags/stg_post_to_snow.py
[2024-10-06T19:09:26.273-0300] {processor.py:839} INFO - DAG(s) dict_keys(['stg_post_to_snow']) retrieved from /home/diego/Escritorio/NOVA-BI/airflow/dags/stg_post_to_snow.py
[2024-10-06T19:09:26.306-0300] {logging_mixin.py:151} INFO - [2024-10-06T19:09:26.305-0300] {dag.py:2941} INFO - Sync 1 DAGs
[2024-10-06T19:09:26.319-0300] {logging_mixin.py:151} INFO - [2024-10-06T19:09:26.319-0300] {dag.py:3722} INFO - Setting next_dagrun for stg_post_to_snow to None, run_after=None
[2024-10-06T19:09:26.340-0300] {processor.py:179} INFO - Processing /home/diego/Escritorio/NOVA-BI/airflow/dags/stg_post_to_snow.py took 0.097 seconds
[2024-10-06T19:09:56.548-0300] {processor.py:157} INFO - Started process (PID=42911) to work on /home/diego/Escritorio/NOVA-BI/airflow/dags/stg_post_to_snow.py
[2024-10-06T19:09:56.551-0300] {processor.py:829} INFO - Processing file /home/diego/Escritorio/NOVA-BI/airflow/dags/stg_post_to_snow.py for tasks to queue
[2024-10-06T19:09:56.553-0300] {logging_mixin.py:151} INFO - [2024-10-06T19:09:56.553-0300] {dagbag.py:536} INFO - Filling up the DagBag from /home/diego/Escritorio/NOVA-BI/airflow/dags/stg_post_to_snow.py
[2024-10-06T19:09:56.573-0300] {processor.py:839} INFO - DAG(s) dict_keys(['stg_post_to_snow']) retrieved from /home/diego/Escritorio/NOVA-BI/airflow/dags/stg_post_to_snow.py
[2024-10-06T19:09:56.604-0300] {logging_mixin.py:151} INFO - [2024-10-06T19:09:56.603-0300] {dag.py:2941} INFO - Sync 1 DAGs
[2024-10-06T19:09:56.617-0300] {logging_mixin.py:151} INFO - [2024-10-06T19:09:56.617-0300] {dag.py:3722} INFO - Setting next_dagrun for stg_post_to_snow to None, run_after=None
[2024-10-06T19:09:56.635-0300] {processor.py:179} INFO - Processing /home/diego/Escritorio/NOVA-BI/airflow/dags/stg_post_to_snow.py took 0.093 seconds
[2024-10-06T19:10:26.827-0300] {processor.py:157} INFO - Started process (PID=42974) to work on /home/diego/Escritorio/NOVA-BI/airflow/dags/stg_post_to_snow.py
[2024-10-06T19:10:26.827-0300] {processor.py:829} INFO - Processing file /home/diego/Escritorio/NOVA-BI/airflow/dags/stg_post_to_snow.py for tasks to queue
[2024-10-06T19:10:26.830-0300] {logging_mixin.py:151} INFO - [2024-10-06T19:10:26.830-0300] {dagbag.py:536} INFO - Filling up the DagBag from /home/diego/Escritorio/NOVA-BI/airflow/dags/stg_post_to_snow.py
[2024-10-06T19:10:26.840-0300] {processor.py:839} INFO - DAG(s) dict_keys(['stg_post_to_snow']) retrieved from /home/diego/Escritorio/NOVA-BI/airflow/dags/stg_post_to_snow.py
[2024-10-06T19:10:26.875-0300] {logging_mixin.py:151} INFO - [2024-10-06T19:10:26.874-0300] {dag.py:2941} INFO - Sync 1 DAGs
[2024-10-06T19:10:26.887-0300] {logging_mixin.py:151} INFO - [2024-10-06T19:10:26.887-0300] {dag.py:3722} INFO - Setting next_dagrun for stg_post_to_snow to None, run_after=None
[2024-10-06T19:10:26.905-0300] {processor.py:179} INFO - Processing /home/diego/Escritorio/NOVA-BI/airflow/dags/stg_post_to_snow.py took 0.081 seconds
[2024-10-06T19:10:57.087-0300] {processor.py:157} INFO - Started process (PID=43402) to work on /home/diego/Escritorio/NOVA-BI/airflow/dags/stg_post_to_snow.py
[2024-10-06T19:10:57.088-0300] {processor.py:829} INFO - Processing file /home/diego/Escritorio/NOVA-BI/airflow/dags/stg_post_to_snow.py for tasks to queue
[2024-10-06T19:10:57.090-0300] {logging_mixin.py:151} INFO - [2024-10-06T19:10:57.090-0300] {dagbag.py:536} INFO - Filling up the DagBag from /home/diego/Escritorio/NOVA-BI/airflow/dags/stg_post_to_snow.py
[2024-10-06T19:10:57.103-0300] {processor.py:839} INFO - DAG(s) dict_keys(['stg_post_to_snow']) retrieved from /home/diego/Escritorio/NOVA-BI/airflow/dags/stg_post_to_snow.py
[2024-10-06T19:10:57.136-0300] {logging_mixin.py:151} INFO - [2024-10-06T19:10:57.136-0300] {dag.py:2941} INFO - Sync 1 DAGs
[2024-10-06T19:10:57.150-0300] {logging_mixin.py:151} INFO - [2024-10-06T19:10:57.150-0300] {dag.py:3722} INFO - Setting next_dagrun for stg_post_to_snow to None, run_after=None
[2024-10-06T19:10:57.170-0300] {processor.py:179} INFO - Processing /home/diego/Escritorio/NOVA-BI/airflow/dags/stg_post_to_snow.py took 0.086 seconds
[2024-10-06T19:11:27.352-0300] {processor.py:157} INFO - Started process (PID=43481) to work on /home/diego/Escritorio/NOVA-BI/airflow/dags/stg_post_to_snow.py
[2024-10-06T19:11:27.353-0300] {processor.py:829} INFO - Processing file /home/diego/Escritorio/NOVA-BI/airflow/dags/stg_post_to_snow.py for tasks to queue
[2024-10-06T19:11:27.358-0300] {logging_mixin.py:151} INFO - [2024-10-06T19:11:27.357-0300] {dagbag.py:536} INFO - Filling up the DagBag from /home/diego/Escritorio/NOVA-BI/airflow/dags/stg_post_to_snow.py
[2024-10-06T19:11:27.369-0300] {processor.py:839} INFO - DAG(s) dict_keys(['stg_post_to_snow']) retrieved from /home/diego/Escritorio/NOVA-BI/airflow/dags/stg_post_to_snow.py
[2024-10-06T19:11:27.403-0300] {logging_mixin.py:151} INFO - [2024-10-06T19:11:27.402-0300] {dag.py:2941} INFO - Sync 1 DAGs
[2024-10-06T19:11:27.416-0300] {logging_mixin.py:151} INFO - [2024-10-06T19:11:27.416-0300] {dag.py:3722} INFO - Setting next_dagrun for stg_post_to_snow to None, run_after=None
[2024-10-06T19:11:27.435-0300] {processor.py:179} INFO - Processing /home/diego/Escritorio/NOVA-BI/airflow/dags/stg_post_to_snow.py took 0.088 seconds
[2024-10-06T19:11:57.629-0300] {processor.py:157} INFO - Started process (PID=43916) to work on /home/diego/Escritorio/NOVA-BI/airflow/dags/stg_post_to_snow.py
[2024-10-06T19:11:57.630-0300] {processor.py:829} INFO - Processing file /home/diego/Escritorio/NOVA-BI/airflow/dags/stg_post_to_snow.py for tasks to queue
[2024-10-06T19:11:57.632-0300] {logging_mixin.py:151} INFO - [2024-10-06T19:11:57.632-0300] {dagbag.py:536} INFO - Filling up the DagBag from /home/diego/Escritorio/NOVA-BI/airflow/dags/stg_post_to_snow.py
[2024-10-06T19:11:57.643-0300] {processor.py:839} INFO - DAG(s) dict_keys(['stg_post_to_snow']) retrieved from /home/diego/Escritorio/NOVA-BI/airflow/dags/stg_post_to_snow.py
[2024-10-06T19:11:57.676-0300] {logging_mixin.py:151} INFO - [2024-10-06T19:11:57.676-0300] {dag.py:2941} INFO - Sync 1 DAGs
[2024-10-06T19:11:57.689-0300] {logging_mixin.py:151} INFO - [2024-10-06T19:11:57.689-0300] {dag.py:3722} INFO - Setting next_dagrun for stg_post_to_snow to None, run_after=None
[2024-10-06T19:11:57.716-0300] {processor.py:179} INFO - Processing /home/diego/Escritorio/NOVA-BI/airflow/dags/stg_post_to_snow.py took 0.093 seconds
[2024-10-06T19:12:27.907-0300] {processor.py:157} INFO - Started process (PID=44071) to work on /home/diego/Escritorio/NOVA-BI/airflow/dags/stg_post_to_snow.py
[2024-10-06T19:12:27.915-0300] {processor.py:829} INFO - Processing file /home/diego/Escritorio/NOVA-BI/airflow/dags/stg_post_to_snow.py for tasks to queue
[2024-10-06T19:12:27.920-0300] {logging_mixin.py:151} INFO - [2024-10-06T19:12:27.919-0300] {dagbag.py:536} INFO - Filling up the DagBag from /home/diego/Escritorio/NOVA-BI/airflow/dags/stg_post_to_snow.py
[2024-10-06T19:12:27.934-0300] {processor.py:839} INFO - DAG(s) dict_keys(['stg_post_to_snow']) retrieved from /home/diego/Escritorio/NOVA-BI/airflow/dags/stg_post_to_snow.py
[2024-10-06T19:12:27.965-0300] {logging_mixin.py:151} INFO - [2024-10-06T19:12:27.964-0300] {dag.py:2941} INFO - Sync 1 DAGs
[2024-10-06T19:12:27.978-0300] {logging_mixin.py:151} INFO - [2024-10-06T19:12:27.978-0300] {dag.py:3722} INFO - Setting next_dagrun for stg_post_to_snow to None, run_after=None
[2024-10-06T19:12:27.997-0300] {processor.py:179} INFO - Processing /home/diego/Escritorio/NOVA-BI/airflow/dags/stg_post_to_snow.py took 0.096 seconds
[2024-10-06T19:12:58.177-0300] {processor.py:157} INFO - Started process (PID=44606) to work on /home/diego/Escritorio/NOVA-BI/airflow/dags/stg_post_to_snow.py
[2024-10-06T19:12:58.177-0300] {processor.py:829} INFO - Processing file /home/diego/Escritorio/NOVA-BI/airflow/dags/stg_post_to_snow.py for tasks to queue
[2024-10-06T19:12:58.180-0300] {logging_mixin.py:151} INFO - [2024-10-06T19:12:58.179-0300] {dagbag.py:536} INFO - Filling up the DagBag from /home/diego/Escritorio/NOVA-BI/airflow/dags/stg_post_to_snow.py
[2024-10-06T19:12:58.190-0300] {processor.py:839} INFO - DAG(s) dict_keys(['stg_post_to_snow']) retrieved from /home/diego/Escritorio/NOVA-BI/airflow/dags/stg_post_to_snow.py
[2024-10-06T19:12:58.221-0300] {logging_mixin.py:151} INFO - [2024-10-06T19:12:58.221-0300] {dag.py:2941} INFO - Sync 1 DAGs
[2024-10-06T19:12:58.236-0300] {logging_mixin.py:151} INFO - [2024-10-06T19:12:58.236-0300] {dag.py:3722} INFO - Setting next_dagrun for stg_post_to_snow to None, run_after=None
[2024-10-06T19:12:58.257-0300] {processor.py:179} INFO - Processing /home/diego/Escritorio/NOVA-BI/airflow/dags/stg_post_to_snow.py took 0.082 seconds
[2024-10-06T19:13:28.438-0300] {processor.py:157} INFO - Started process (PID=44683) to work on /home/diego/Escritorio/NOVA-BI/airflow/dags/stg_post_to_snow.py
[2024-10-06T19:13:28.447-0300] {processor.py:829} INFO - Processing file /home/diego/Escritorio/NOVA-BI/airflow/dags/stg_post_to_snow.py for tasks to queue
[2024-10-06T19:13:28.449-0300] {logging_mixin.py:151} INFO - [2024-10-06T19:13:28.449-0300] {dagbag.py:536} INFO - Filling up the DagBag from /home/diego/Escritorio/NOVA-BI/airflow/dags/stg_post_to_snow.py
[2024-10-06T19:13:28.461-0300] {processor.py:839} INFO - DAG(s) dict_keys(['stg_post_to_snow']) retrieved from /home/diego/Escritorio/NOVA-BI/airflow/dags/stg_post_to_snow.py
[2024-10-06T19:13:28.492-0300] {logging_mixin.py:151} INFO - [2024-10-06T19:13:28.491-0300] {dag.py:2941} INFO - Sync 1 DAGs
[2024-10-06T19:13:28.507-0300] {logging_mixin.py:151} INFO - [2024-10-06T19:13:28.507-0300] {dag.py:3722} INFO - Setting next_dagrun for stg_post_to_snow to None, run_after=None
[2024-10-06T19:13:28.528-0300] {processor.py:179} INFO - Processing /home/diego/Escritorio/NOVA-BI/airflow/dags/stg_post_to_snow.py took 0.094 seconds
[2024-10-06T19:13:58.724-0300] {processor.py:157} INFO - Started process (PID=45327) to work on /home/diego/Escritorio/NOVA-BI/airflow/dags/stg_post_to_snow.py
[2024-10-06T19:13:58.724-0300] {processor.py:829} INFO - Processing file /home/diego/Escritorio/NOVA-BI/airflow/dags/stg_post_to_snow.py for tasks to queue
[2024-10-06T19:13:58.727-0300] {logging_mixin.py:151} INFO - [2024-10-06T19:13:58.727-0300] {dagbag.py:536} INFO - Filling up the DagBag from /home/diego/Escritorio/NOVA-BI/airflow/dags/stg_post_to_snow.py
[2024-10-06T19:13:58.746-0300] {processor.py:839} INFO - DAG(s) dict_keys(['stg_post_to_snow']) retrieved from /home/diego/Escritorio/NOVA-BI/airflow/dags/stg_post_to_snow.py
[2024-10-06T19:13:58.778-0300] {logging_mixin.py:151} INFO - [2024-10-06T19:13:58.777-0300] {dag.py:2941} INFO - Sync 1 DAGs
[2024-10-06T19:13:58.791-0300] {logging_mixin.py:151} INFO - [2024-10-06T19:13:58.791-0300] {dag.py:3722} INFO - Setting next_dagrun for stg_post_to_snow to None, run_after=None
[2024-10-06T19:13:58.834-0300] {processor.py:179} INFO - Processing /home/diego/Escritorio/NOVA-BI/airflow/dags/stg_post_to_snow.py took 0.112 seconds
[2024-10-06T19:14:29.022-0300] {processor.py:157} INFO - Started process (PID=46029) to work on /home/diego/Escritorio/NOVA-BI/airflow/dags/stg_post_to_snow.py
[2024-10-06T19:14:29.024-0300] {processor.py:829} INFO - Processing file /home/diego/Escritorio/NOVA-BI/airflow/dags/stg_post_to_snow.py for tasks to queue
[2024-10-06T19:14:29.026-0300] {logging_mixin.py:151} INFO - [2024-10-06T19:14:29.026-0300] {dagbag.py:536} INFO - Filling up the DagBag from /home/diego/Escritorio/NOVA-BI/airflow/dags/stg_post_to_snow.py
[2024-10-06T19:14:29.051-0300] {processor.py:839} INFO - DAG(s) dict_keys(['stg_post_to_snow']) retrieved from /home/diego/Escritorio/NOVA-BI/airflow/dags/stg_post_to_snow.py
[2024-10-06T19:14:29.093-0300] {logging_mixin.py:151} INFO - [2024-10-06T19:14:29.093-0300] {dag.py:2941} INFO - Sync 1 DAGs
[2024-10-06T19:14:29.112-0300] {logging_mixin.py:151} INFO - [2024-10-06T19:14:29.111-0300] {dag.py:3722} INFO - Setting next_dagrun for stg_post_to_snow to None, run_after=None
[2024-10-06T19:14:29.136-0300] {processor.py:179} INFO - Processing /home/diego/Escritorio/NOVA-BI/airflow/dags/stg_post_to_snow.py took 0.117 seconds
[2024-10-06T19:14:59.395-0300] {processor.py:157} INFO - Started process (PID=46823) to work on /home/diego/Escritorio/NOVA-BI/airflow/dags/stg_post_to_snow.py
[2024-10-06T19:14:59.396-0300] {processor.py:829} INFO - Processing file /home/diego/Escritorio/NOVA-BI/airflow/dags/stg_post_to_snow.py for tasks to queue
[2024-10-06T19:14:59.398-0300] {logging_mixin.py:151} INFO - [2024-10-06T19:14:59.398-0300] {dagbag.py:536} INFO - Filling up the DagBag from /home/diego/Escritorio/NOVA-BI/airflow/dags/stg_post_to_snow.py
[2024-10-06T19:14:59.412-0300] {processor.py:839} INFO - DAG(s) dict_keys(['stg_post_to_snow']) retrieved from /home/diego/Escritorio/NOVA-BI/airflow/dags/stg_post_to_snow.py
[2024-10-06T19:14:59.446-0300] {logging_mixin.py:151} INFO - [2024-10-06T19:14:59.446-0300] {dag.py:2941} INFO - Sync 1 DAGs
[2024-10-06T19:14:59.458-0300] {logging_mixin.py:151} INFO - [2024-10-06T19:14:59.458-0300] {dag.py:3722} INFO - Setting next_dagrun for stg_post_to_snow to None, run_after=None
[2024-10-06T19:14:59.477-0300] {processor.py:179} INFO - Processing /home/diego/Escritorio/NOVA-BI/airflow/dags/stg_post_to_snow.py took 0.085 seconds
[2024-10-06T19:15:29.680-0300] {processor.py:157} INFO - Started process (PID=47446) to work on /home/diego/Escritorio/NOVA-BI/airflow/dags/stg_post_to_snow.py
[2024-10-06T19:15:29.696-0300] {processor.py:829} INFO - Processing file /home/diego/Escritorio/NOVA-BI/airflow/dags/stg_post_to_snow.py for tasks to queue
[2024-10-06T19:15:29.700-0300] {logging_mixin.py:151} INFO - [2024-10-06T19:15:29.698-0300] {dagbag.py:536} INFO - Filling up the DagBag from /home/diego/Escritorio/NOVA-BI/airflow/dags/stg_post_to_snow.py
[2024-10-06T19:15:29.781-0300] {processor.py:839} INFO - DAG(s) dict_keys(['stg_post_to_snow']) retrieved from /home/diego/Escritorio/NOVA-BI/airflow/dags/stg_post_to_snow.py
[2024-10-06T19:15:29.824-0300] {logging_mixin.py:151} INFO - [2024-10-06T19:15:29.824-0300] {dag.py:2941} INFO - Sync 1 DAGs
[2024-10-06T19:15:29.839-0300] {logging_mixin.py:151} INFO - [2024-10-06T19:15:29.839-0300] {dag.py:3722} INFO - Setting next_dagrun for stg_post_to_snow to None, run_after=None
[2024-10-06T19:15:29.861-0300] {processor.py:179} INFO - Processing /home/diego/Escritorio/NOVA-BI/airflow/dags/stg_post_to_snow.py took 0.195 seconds
[2024-10-06T19:16:00.059-0300] {processor.py:157} INFO - Started process (PID=48492) to work on /home/diego/Escritorio/NOVA-BI/airflow/dags/stg_post_to_snow.py
[2024-10-06T19:16:00.060-0300] {processor.py:829} INFO - Processing file /home/diego/Escritorio/NOVA-BI/airflow/dags/stg_post_to_snow.py for tasks to queue
[2024-10-06T19:16:00.062-0300] {logging_mixin.py:151} INFO - [2024-10-06T19:16:00.062-0300] {dagbag.py:536} INFO - Filling up the DagBag from /home/diego/Escritorio/NOVA-BI/airflow/dags/stg_post_to_snow.py
[2024-10-06T19:16:00.086-0300] {processor.py:839} INFO - DAG(s) dict_keys(['stg_post_to_snow']) retrieved from /home/diego/Escritorio/NOVA-BI/airflow/dags/stg_post_to_snow.py
[2024-10-06T19:16:00.122-0300] {logging_mixin.py:151} INFO - [2024-10-06T19:16:00.121-0300] {dag.py:2941} INFO - Sync 1 DAGs
[2024-10-06T19:16:00.135-0300] {logging_mixin.py:151} INFO - [2024-10-06T19:16:00.134-0300] {dag.py:3722} INFO - Setting next_dagrun for stg_post_to_snow to None, run_after=None
[2024-10-06T19:16:00.154-0300] {processor.py:179} INFO - Processing /home/diego/Escritorio/NOVA-BI/airflow/dags/stg_post_to_snow.py took 0.098 seconds
[2024-10-06T19:16:30.328-0300] {processor.py:157} INFO - Started process (PID=48706) to work on /home/diego/Escritorio/NOVA-BI/airflow/dags/stg_post_to_snow.py
[2024-10-06T19:16:30.329-0300] {processor.py:829} INFO - Processing file /home/diego/Escritorio/NOVA-BI/airflow/dags/stg_post_to_snow.py for tasks to queue
[2024-10-06T19:16:30.333-0300] {logging_mixin.py:151} INFO - [2024-10-06T19:16:30.333-0300] {dagbag.py:536} INFO - Filling up the DagBag from /home/diego/Escritorio/NOVA-BI/airflow/dags/stg_post_to_snow.py
[2024-10-06T19:16:30.347-0300] {processor.py:839} INFO - DAG(s) dict_keys(['stg_post_to_snow']) retrieved from /home/diego/Escritorio/NOVA-BI/airflow/dags/stg_post_to_snow.py
[2024-10-06T19:16:30.382-0300] {logging_mixin.py:151} INFO - [2024-10-06T19:16:30.381-0300] {dag.py:2941} INFO - Sync 1 DAGs
[2024-10-06T19:16:30.396-0300] {logging_mixin.py:151} INFO - [2024-10-06T19:16:30.395-0300] {dag.py:3722} INFO - Setting next_dagrun for stg_post_to_snow to None, run_after=None
[2024-10-06T19:16:30.432-0300] {processor.py:179} INFO - Processing /home/diego/Escritorio/NOVA-BI/airflow/dags/stg_post_to_snow.py took 0.109 seconds
[2024-10-06T19:17:00.625-0300] {processor.py:157} INFO - Started process (PID=49171) to work on /home/diego/Escritorio/NOVA-BI/airflow/dags/stg_post_to_snow.py
[2024-10-06T19:17:00.626-0300] {processor.py:829} INFO - Processing file /home/diego/Escritorio/NOVA-BI/airflow/dags/stg_post_to_snow.py for tasks to queue
[2024-10-06T19:17:00.628-0300] {logging_mixin.py:151} INFO - [2024-10-06T19:17:00.627-0300] {dagbag.py:536} INFO - Filling up the DagBag from /home/diego/Escritorio/NOVA-BI/airflow/dags/stg_post_to_snow.py
[2024-10-06T19:17:00.639-0300] {processor.py:839} INFO - DAG(s) dict_keys(['stg_post_to_snow']) retrieved from /home/diego/Escritorio/NOVA-BI/airflow/dags/stg_post_to_snow.py
[2024-10-06T19:17:00.672-0300] {logging_mixin.py:151} INFO - [2024-10-06T19:17:00.672-0300] {dag.py:2941} INFO - Sync 1 DAGs
[2024-10-06T19:17:00.685-0300] {logging_mixin.py:151} INFO - [2024-10-06T19:17:00.685-0300] {dag.py:3722} INFO - Setting next_dagrun for stg_post_to_snow to None, run_after=None
[2024-10-06T19:17:00.707-0300] {processor.py:179} INFO - Processing /home/diego/Escritorio/NOVA-BI/airflow/dags/stg_post_to_snow.py took 0.085 seconds
[2024-10-06T19:17:30.887-0300] {processor.py:157} INFO - Started process (PID=49260) to work on /home/diego/Escritorio/NOVA-BI/airflow/dags/stg_post_to_snow.py
[2024-10-06T19:17:30.888-0300] {processor.py:829} INFO - Processing file /home/diego/Escritorio/NOVA-BI/airflow/dags/stg_post_to_snow.py for tasks to queue
[2024-10-06T19:17:30.890-0300] {logging_mixin.py:151} INFO - [2024-10-06T19:17:30.890-0300] {dagbag.py:536} INFO - Filling up the DagBag from /home/diego/Escritorio/NOVA-BI/airflow/dags/stg_post_to_snow.py
[2024-10-06T19:17:30.901-0300] {processor.py:839} INFO - DAG(s) dict_keys(['stg_post_to_snow']) retrieved from /home/diego/Escritorio/NOVA-BI/airflow/dags/stg_post_to_snow.py
[2024-10-06T19:17:30.935-0300] {logging_mixin.py:151} INFO - [2024-10-06T19:17:30.934-0300] {dag.py:2941} INFO - Sync 1 DAGs
[2024-10-06T19:17:30.948-0300] {logging_mixin.py:151} INFO - [2024-10-06T19:17:30.947-0300] {dag.py:3722} INFO - Setting next_dagrun for stg_post_to_snow to None, run_after=None
[2024-10-06T19:17:30.981-0300] {processor.py:179} INFO - Processing /home/diego/Escritorio/NOVA-BI/airflow/dags/stg_post_to_snow.py took 0.099 seconds
[2024-10-06T19:18:01.187-0300] {processor.py:157} INFO - Started process (PID=49905) to work on /home/diego/Escritorio/NOVA-BI/airflow/dags/stg_post_to_snow.py
[2024-10-06T19:18:01.190-0300] {processor.py:829} INFO - Processing file /home/diego/Escritorio/NOVA-BI/airflow/dags/stg_post_to_snow.py for tasks to queue
[2024-10-06T19:18:01.197-0300] {logging_mixin.py:151} INFO - [2024-10-06T19:18:01.194-0300] {dagbag.py:536} INFO - Filling up the DagBag from /home/diego/Escritorio/NOVA-BI/airflow/dags/stg_post_to_snow.py
[2024-10-06T19:18:01.220-0300] {processor.py:839} INFO - DAG(s) dict_keys(['stg_post_to_snow']) retrieved from /home/diego/Escritorio/NOVA-BI/airflow/dags/stg_post_to_snow.py
[2024-10-06T19:18:01.264-0300] {logging_mixin.py:151} INFO - [2024-10-06T19:18:01.264-0300] {dag.py:2941} INFO - Sync 1 DAGs
[2024-10-06T19:18:01.279-0300] {logging_mixin.py:151} INFO - [2024-10-06T19:18:01.279-0300] {dag.py:3722} INFO - Setting next_dagrun for stg_post_to_snow to None, run_after=None
[2024-10-06T19:18:01.307-0300] {processor.py:179} INFO - Processing /home/diego/Escritorio/NOVA-BI/airflow/dags/stg_post_to_snow.py took 0.126 seconds
[2024-10-06T19:18:31.593-0300] {processor.py:157} INFO - Started process (PID=50250) to work on /home/diego/Escritorio/NOVA-BI/airflow/dags/stg_post_to_snow.py
[2024-10-06T19:18:31.594-0300] {processor.py:829} INFO - Processing file /home/diego/Escritorio/NOVA-BI/airflow/dags/stg_post_to_snow.py for tasks to queue
[2024-10-06T19:18:31.607-0300] {logging_mixin.py:151} INFO - [2024-10-06T19:18:31.600-0300] {dagbag.py:536} INFO - Filling up the DagBag from /home/diego/Escritorio/NOVA-BI/airflow/dags/stg_post_to_snow.py
[2024-10-06T19:18:31.669-0300] {processor.py:839} INFO - DAG(s) dict_keys(['stg_post_to_snow']) retrieved from /home/diego/Escritorio/NOVA-BI/airflow/dags/stg_post_to_snow.py
[2024-10-06T19:18:31.805-0300] {logging_mixin.py:151} INFO - [2024-10-06T19:18:31.804-0300] {dag.py:2941} INFO - Sync 1 DAGs
[2024-10-06T19:18:31.821-0300] {logging_mixin.py:151} INFO - [2024-10-06T19:18:31.821-0300] {dag.py:3722} INFO - Setting next_dagrun for stg_post_to_snow to None, run_after=None
[2024-10-06T19:18:31.853-0300] {processor.py:179} INFO - Processing /home/diego/Escritorio/NOVA-BI/airflow/dags/stg_post_to_snow.py took 0.272 seconds
[2024-10-06T19:19:02.005-0300] {processor.py:157} INFO - Started process (PID=50811) to work on /home/diego/Escritorio/NOVA-BI/airflow/dags/stg_post_to_snow.py
[2024-10-06T19:19:02.006-0300] {processor.py:829} INFO - Processing file /home/diego/Escritorio/NOVA-BI/airflow/dags/stg_post_to_snow.py for tasks to queue
[2024-10-06T19:19:02.008-0300] {logging_mixin.py:151} INFO - [2024-10-06T19:19:02.008-0300] {dagbag.py:536} INFO - Filling up the DagBag from /home/diego/Escritorio/NOVA-BI/airflow/dags/stg_post_to_snow.py
[2024-10-06T19:19:02.024-0300] {processor.py:839} INFO - DAG(s) dict_keys(['stg_post_to_snow']) retrieved from /home/diego/Escritorio/NOVA-BI/airflow/dags/stg_post_to_snow.py
[2024-10-06T19:19:02.057-0300] {logging_mixin.py:151} INFO - [2024-10-06T19:19:02.057-0300] {dag.py:2941} INFO - Sync 1 DAGs
[2024-10-06T19:19:02.069-0300] {logging_mixin.py:151} INFO - [2024-10-06T19:19:02.069-0300] {dag.py:3722} INFO - Setting next_dagrun for stg_post_to_snow to None, run_after=None
[2024-10-06T19:19:02.087-0300] {processor.py:179} INFO - Processing /home/diego/Escritorio/NOVA-BI/airflow/dags/stg_post_to_snow.py took 0.085 seconds
[2024-10-06T19:19:32.261-0300] {processor.py:157} INFO - Started process (PID=50900) to work on /home/diego/Escritorio/NOVA-BI/airflow/dags/stg_post_to_snow.py
[2024-10-06T19:19:32.263-0300] {processor.py:829} INFO - Processing file /home/diego/Escritorio/NOVA-BI/airflow/dags/stg_post_to_snow.py for tasks to queue
[2024-10-06T19:19:32.265-0300] {logging_mixin.py:151} INFO - [2024-10-06T19:19:32.265-0300] {dagbag.py:536} INFO - Filling up the DagBag from /home/diego/Escritorio/NOVA-BI/airflow/dags/stg_post_to_snow.py
[2024-10-06T19:19:32.275-0300] {processor.py:839} INFO - DAG(s) dict_keys(['stg_post_to_snow']) retrieved from /home/diego/Escritorio/NOVA-BI/airflow/dags/stg_post_to_snow.py
[2024-10-06T19:19:32.308-0300] {logging_mixin.py:151} INFO - [2024-10-06T19:19:32.307-0300] {dag.py:2941} INFO - Sync 1 DAGs
[2024-10-06T19:19:32.319-0300] {logging_mixin.py:151} INFO - [2024-10-06T19:19:32.319-0300] {dag.py:3722} INFO - Setting next_dagrun for stg_post_to_snow to None, run_after=None
[2024-10-06T19:19:32.335-0300] {processor.py:179} INFO - Processing /home/diego/Escritorio/NOVA-BI/airflow/dags/stg_post_to_snow.py took 0.078 seconds
[2024-10-06T19:20:02.555-0300] {processor.py:157} INFO - Started process (PID=51367) to work on /home/diego/Escritorio/NOVA-BI/airflow/dags/stg_post_to_snow.py
[2024-10-06T19:20:02.555-0300] {processor.py:829} INFO - Processing file /home/diego/Escritorio/NOVA-BI/airflow/dags/stg_post_to_snow.py for tasks to queue
[2024-10-06T19:20:02.558-0300] {logging_mixin.py:151} INFO - [2024-10-06T19:20:02.557-0300] {dagbag.py:536} INFO - Filling up the DagBag from /home/diego/Escritorio/NOVA-BI/airflow/dags/stg_post_to_snow.py
[2024-10-06T19:20:02.568-0300] {processor.py:839} INFO - DAG(s) dict_keys(['stg_post_to_snow']) retrieved from /home/diego/Escritorio/NOVA-BI/airflow/dags/stg_post_to_snow.py
[2024-10-06T19:20:02.601-0300] {logging_mixin.py:151} INFO - [2024-10-06T19:20:02.600-0300] {dag.py:2941} INFO - Sync 1 DAGs
[2024-10-06T19:20:02.613-0300] {logging_mixin.py:151} INFO - [2024-10-06T19:20:02.613-0300] {dag.py:3722} INFO - Setting next_dagrun for stg_post_to_snow to None, run_after=None
[2024-10-06T19:20:02.631-0300] {processor.py:179} INFO - Processing /home/diego/Escritorio/NOVA-BI/airflow/dags/stg_post_to_snow.py took 0.080 seconds
[2024-10-06T19:20:32.865-0300] {processor.py:157} INFO - Started process (PID=51775) to work on /home/diego/Escritorio/NOVA-BI/airflow/dags/stg_post_to_snow.py
[2024-10-06T19:20:32.866-0300] {processor.py:829} INFO - Processing file /home/diego/Escritorio/NOVA-BI/airflow/dags/stg_post_to_snow.py for tasks to queue
[2024-10-06T19:20:32.874-0300] {logging_mixin.py:151} INFO - [2024-10-06T19:20:32.869-0300] {dagbag.py:536} INFO - Filling up the DagBag from /home/diego/Escritorio/NOVA-BI/airflow/dags/stg_post_to_snow.py
[2024-10-06T19:20:32.912-0300] {processor.py:839} INFO - DAG(s) dict_keys(['stg_post_to_snow']) retrieved from /home/diego/Escritorio/NOVA-BI/airflow/dags/stg_post_to_snow.py
[2024-10-06T19:20:32.965-0300] {logging_mixin.py:151} INFO - [2024-10-06T19:20:32.965-0300] {dag.py:2941} INFO - Sync 1 DAGs
[2024-10-06T19:20:32.980-0300] {logging_mixin.py:151} INFO - [2024-10-06T19:20:32.980-0300] {dag.py:3722} INFO - Setting next_dagrun for stg_post_to_snow to None, run_after=None
[2024-10-06T19:20:33.011-0300] {processor.py:179} INFO - Processing /home/diego/Escritorio/NOVA-BI/airflow/dags/stg_post_to_snow.py took 0.154 seconds
[2024-10-06T19:21:03.199-0300] {processor.py:157} INFO - Started process (PID=52342) to work on /home/diego/Escritorio/NOVA-BI/airflow/dags/stg_post_to_snow.py
[2024-10-06T19:21:03.199-0300] {processor.py:829} INFO - Processing file /home/diego/Escritorio/NOVA-BI/airflow/dags/stg_post_to_snow.py for tasks to queue
[2024-10-06T19:21:03.201-0300] {logging_mixin.py:151} INFO - [2024-10-06T19:21:03.201-0300] {dagbag.py:536} INFO - Filling up the DagBag from /home/diego/Escritorio/NOVA-BI/airflow/dags/stg_post_to_snow.py
[2024-10-06T19:21:03.221-0300] {processor.py:839} INFO - DAG(s) dict_keys(['stg_post_to_snow']) retrieved from /home/diego/Escritorio/NOVA-BI/airflow/dags/stg_post_to_snow.py
[2024-10-06T19:21:03.251-0300] {logging_mixin.py:151} INFO - [2024-10-06T19:21:03.250-0300] {dag.py:2941} INFO - Sync 1 DAGs
[2024-10-06T19:21:03.264-0300] {logging_mixin.py:151} INFO - [2024-10-06T19:21:03.264-0300] {dag.py:3722} INFO - Setting next_dagrun for stg_post_to_snow to None, run_after=None
[2024-10-06T19:21:03.286-0300] {processor.py:179} INFO - Processing /home/diego/Escritorio/NOVA-BI/airflow/dags/stg_post_to_snow.py took 0.091 seconds
[2024-10-06T19:21:33.506-0300] {processor.py:157} INFO - Started process (PID=52720) to work on /home/diego/Escritorio/NOVA-BI/airflow/dags/stg_post_to_snow.py
[2024-10-06T19:21:33.507-0300] {processor.py:829} INFO - Processing file /home/diego/Escritorio/NOVA-BI/airflow/dags/stg_post_to_snow.py for tasks to queue
[2024-10-06T19:21:33.509-0300] {logging_mixin.py:151} INFO - [2024-10-06T19:21:33.509-0300] {dagbag.py:536} INFO - Filling up the DagBag from /home/diego/Escritorio/NOVA-BI/airflow/dags/stg_post_to_snow.py
[2024-10-06T19:21:33.541-0300] {processor.py:839} INFO - DAG(s) dict_keys(['stg_post_to_snow']) retrieved from /home/diego/Escritorio/NOVA-BI/airflow/dags/stg_post_to_snow.py
[2024-10-06T19:21:33.608-0300] {logging_mixin.py:151} INFO - [2024-10-06T19:21:33.608-0300] {dag.py:2941} INFO - Sync 1 DAGs
[2024-10-06T19:21:33.622-0300] {logging_mixin.py:151} INFO - [2024-10-06T19:21:33.622-0300] {dag.py:3722} INFO - Setting next_dagrun for stg_post_to_snow to None, run_after=None
[2024-10-06T19:21:33.646-0300] {processor.py:179} INFO - Processing /home/diego/Escritorio/NOVA-BI/airflow/dags/stg_post_to_snow.py took 0.144 seconds
[2024-10-06T19:22:03.939-0300] {processor.py:157} INFO - Started process (PID=53348) to work on /home/diego/Escritorio/NOVA-BI/airflow/dags/stg_post_to_snow.py
[2024-10-06T19:22:03.940-0300] {processor.py:829} INFO - Processing file /home/diego/Escritorio/NOVA-BI/airflow/dags/stg_post_to_snow.py for tasks to queue
[2024-10-06T19:22:03.941-0300] {logging_mixin.py:151} INFO - [2024-10-06T19:22:03.941-0300] {dagbag.py:536} INFO - Filling up the DagBag from /home/diego/Escritorio/NOVA-BI/airflow/dags/stg_post_to_snow.py
[2024-10-06T19:22:03.968-0300] {processor.py:839} INFO - DAG(s) dict_keys(['stg_post_to_snow']) retrieved from /home/diego/Escritorio/NOVA-BI/airflow/dags/stg_post_to_snow.py
[2024-10-06T19:22:04.010-0300] {logging_mixin.py:151} INFO - [2024-10-06T19:22:04.009-0300] {dag.py:2941} INFO - Sync 1 DAGs
[2024-10-06T19:22:04.022-0300] {logging_mixin.py:151} INFO - [2024-10-06T19:22:04.022-0300] {dag.py:3722} INFO - Setting next_dagrun for stg_post_to_snow to None, run_after=None
[2024-10-06T19:22:04.041-0300] {processor.py:179} INFO - Processing /home/diego/Escritorio/NOVA-BI/airflow/dags/stg_post_to_snow.py took 0.106 seconds
[2024-10-06T19:22:34.220-0300] {processor.py:157} INFO - Started process (PID=53440) to work on /home/diego/Escritorio/NOVA-BI/airflow/dags/stg_post_to_snow.py
[2024-10-06T19:22:34.226-0300] {processor.py:829} INFO - Processing file /home/diego/Escritorio/NOVA-BI/airflow/dags/stg_post_to_snow.py for tasks to queue
[2024-10-06T19:22:34.230-0300] {logging_mixin.py:151} INFO - [2024-10-06T19:22:34.229-0300] {dagbag.py:536} INFO - Filling up the DagBag from /home/diego/Escritorio/NOVA-BI/airflow/dags/stg_post_to_snow.py
[2024-10-06T19:22:34.243-0300] {processor.py:839} INFO - DAG(s) dict_keys(['stg_post_to_snow']) retrieved from /home/diego/Escritorio/NOVA-BI/airflow/dags/stg_post_to_snow.py
[2024-10-06T19:22:34.274-0300] {logging_mixin.py:151} INFO - [2024-10-06T19:22:34.274-0300] {dag.py:2941} INFO - Sync 1 DAGs
[2024-10-06T19:22:34.288-0300] {logging_mixin.py:151} INFO - [2024-10-06T19:22:34.288-0300] {dag.py:3722} INFO - Setting next_dagrun for stg_post_to_snow to None, run_after=None
[2024-10-06T19:22:34.307-0300] {processor.py:179} INFO - Processing /home/diego/Escritorio/NOVA-BI/airflow/dags/stg_post_to_snow.py took 0.092 seconds
[2024-10-06T19:23:04.498-0300] {processor.py:157} INFO - Started process (PID=54161) to work on /home/diego/Escritorio/NOVA-BI/airflow/dags/stg_post_to_snow.py
[2024-10-06T19:23:04.499-0300] {processor.py:829} INFO - Processing file /home/diego/Escritorio/NOVA-BI/airflow/dags/stg_post_to_snow.py for tasks to queue
[2024-10-06T19:23:04.501-0300] {logging_mixin.py:151} INFO - [2024-10-06T19:23:04.501-0300] {dagbag.py:536} INFO - Filling up the DagBag from /home/diego/Escritorio/NOVA-BI/airflow/dags/stg_post_to_snow.py
[2024-10-06T19:23:04.512-0300] {processor.py:839} INFO - DAG(s) dict_keys(['stg_post_to_snow']) retrieved from /home/diego/Escritorio/NOVA-BI/airflow/dags/stg_post_to_snow.py
[2024-10-06T19:23:04.549-0300] {logging_mixin.py:151} INFO - [2024-10-06T19:23:04.548-0300] {dag.py:2941} INFO - Sync 1 DAGs
[2024-10-06T19:23:04.562-0300] {logging_mixin.py:151} INFO - [2024-10-06T19:23:04.562-0300] {dag.py:3722} INFO - Setting next_dagrun for stg_post_to_snow to None, run_after=None
[2024-10-06T19:23:04.584-0300] {processor.py:179} INFO - Processing /home/diego/Escritorio/NOVA-BI/airflow/dags/stg_post_to_snow.py took 0.089 seconds
[2024-10-06T19:23:34.775-0300] {processor.py:157} INFO - Started process (PID=54451) to work on /home/diego/Escritorio/NOVA-BI/airflow/dags/stg_post_to_snow.py
[2024-10-06T19:23:34.776-0300] {processor.py:829} INFO - Processing file /home/diego/Escritorio/NOVA-BI/airflow/dags/stg_post_to_snow.py for tasks to queue
[2024-10-06T19:23:34.784-0300] {logging_mixin.py:151} INFO - [2024-10-06T19:23:34.779-0300] {dagbag.py:536} INFO - Filling up the DagBag from /home/diego/Escritorio/NOVA-BI/airflow/dags/stg_post_to_snow.py
[2024-10-06T19:23:34.831-0300] {processor.py:839} INFO - DAG(s) dict_keys(['stg_post_to_snow']) retrieved from /home/diego/Escritorio/NOVA-BI/airflow/dags/stg_post_to_snow.py
[2024-10-06T19:23:34.914-0300] {logging_mixin.py:151} INFO - [2024-10-06T19:23:34.912-0300] {dag.py:2941} INFO - Sync 1 DAGs
[2024-10-06T19:23:34.939-0300] {logging_mixin.py:151} INFO - [2024-10-06T19:23:34.938-0300] {dag.py:3722} INFO - Setting next_dagrun for stg_post_to_snow to None, run_after=None
[2024-10-06T19:23:34.960-0300] {processor.py:179} INFO - Processing /home/diego/Escritorio/NOVA-BI/airflow/dags/stg_post_to_snow.py took 0.196 seconds
[2024-10-06T19:24:05.123-0300] {processor.py:157} INFO - Started process (PID=55036) to work on /home/diego/Escritorio/NOVA-BI/airflow/dags/stg_post_to_snow.py
[2024-10-06T19:24:05.124-0300] {processor.py:829} INFO - Processing file /home/diego/Escritorio/NOVA-BI/airflow/dags/stg_post_to_snow.py for tasks to queue
[2024-10-06T19:24:05.126-0300] {logging_mixin.py:151} INFO - [2024-10-06T19:24:05.126-0300] {dagbag.py:536} INFO - Filling up the DagBag from /home/diego/Escritorio/NOVA-BI/airflow/dags/stg_post_to_snow.py
[2024-10-06T19:24:05.144-0300] {processor.py:839} INFO - DAG(s) dict_keys(['stg_post_to_snow']) retrieved from /home/diego/Escritorio/NOVA-BI/airflow/dags/stg_post_to_snow.py
[2024-10-06T19:24:05.179-0300] {logging_mixin.py:151} INFO - [2024-10-06T19:24:05.178-0300] {dag.py:2941} INFO - Sync 1 DAGs
[2024-10-06T19:24:05.190-0300] {logging_mixin.py:151} INFO - [2024-10-06T19:24:05.190-0300] {dag.py:3722} INFO - Setting next_dagrun for stg_post_to_snow to None, run_after=None
[2024-10-06T19:24:05.210-0300] {processor.py:179} INFO - Processing /home/diego/Escritorio/NOVA-BI/airflow/dags/stg_post_to_snow.py took 0.091 seconds
[2024-10-06T19:24:35.382-0300] {processor.py:157} INFO - Started process (PID=55127) to work on /home/diego/Escritorio/NOVA-BI/airflow/dags/stg_post_to_snow.py
[2024-10-06T19:24:35.382-0300] {processor.py:829} INFO - Processing file /home/diego/Escritorio/NOVA-BI/airflow/dags/stg_post_to_snow.py for tasks to queue
[2024-10-06T19:24:35.385-0300] {logging_mixin.py:151} INFO - [2024-10-06T19:24:35.384-0300] {dagbag.py:536} INFO - Filling up the DagBag from /home/diego/Escritorio/NOVA-BI/airflow/dags/stg_post_to_snow.py
[2024-10-06T19:24:35.395-0300] {processor.py:839} INFO - DAG(s) dict_keys(['stg_post_to_snow']) retrieved from /home/diego/Escritorio/NOVA-BI/airflow/dags/stg_post_to_snow.py
[2024-10-06T19:24:35.427-0300] {logging_mixin.py:151} INFO - [2024-10-06T19:24:35.426-0300] {dag.py:2941} INFO - Sync 1 DAGs
[2024-10-06T19:24:35.438-0300] {logging_mixin.py:151} INFO - [2024-10-06T19:24:35.438-0300] {dag.py:3722} INFO - Setting next_dagrun for stg_post_to_snow to None, run_after=None
[2024-10-06T19:24:35.458-0300] {processor.py:179} INFO - Processing /home/diego/Escritorio/NOVA-BI/airflow/dags/stg_post_to_snow.py took 0.079 seconds
[2024-10-06T19:25:05.722-0300] {processor.py:157} INFO - Started process (PID=55811) to work on /home/diego/Escritorio/NOVA-BI/airflow/dags/stg_post_to_snow.py
[2024-10-06T19:25:05.743-0300] {processor.py:829} INFO - Processing file /home/diego/Escritorio/NOVA-BI/airflow/dags/stg_post_to_snow.py for tasks to queue
[2024-10-06T19:25:05.747-0300] {logging_mixin.py:151} INFO - [2024-10-06T19:25:05.745-0300] {dagbag.py:536} INFO - Filling up the DagBag from /home/diego/Escritorio/NOVA-BI/airflow/dags/stg_post_to_snow.py
[2024-10-06T19:25:05.762-0300] {processor.py:839} INFO - DAG(s) dict_keys(['stg_post_to_snow']) retrieved from /home/diego/Escritorio/NOVA-BI/airflow/dags/stg_post_to_snow.py
[2024-10-06T19:25:05.796-0300] {logging_mixin.py:151} INFO - [2024-10-06T19:25:05.795-0300] {dag.py:2941} INFO - Sync 1 DAGs
[2024-10-06T19:25:05.810-0300] {logging_mixin.py:151} INFO - [2024-10-06T19:25:05.810-0300] {dag.py:3722} INFO - Setting next_dagrun for stg_post_to_snow to None, run_after=None
[2024-10-06T19:25:05.833-0300] {processor.py:179} INFO - Processing /home/diego/Escritorio/NOVA-BI/airflow/dags/stg_post_to_snow.py took 0.114 seconds
[2024-10-06T19:25:36.023-0300] {processor.py:157} INFO - Started process (PID=56167) to work on /home/diego/Escritorio/NOVA-BI/airflow/dags/stg_post_to_snow.py
[2024-10-06T19:25:36.024-0300] {processor.py:829} INFO - Processing file /home/diego/Escritorio/NOVA-BI/airflow/dags/stg_post_to_snow.py for tasks to queue
[2024-10-06T19:25:36.030-0300] {logging_mixin.py:151} INFO - [2024-10-06T19:25:36.026-0300] {dagbag.py:536} INFO - Filling up the DagBag from /home/diego/Escritorio/NOVA-BI/airflow/dags/stg_post_to_snow.py
[2024-10-06T19:25:36.066-0300] {processor.py:839} INFO - DAG(s) dict_keys(['stg_post_to_snow']) retrieved from /home/diego/Escritorio/NOVA-BI/airflow/dags/stg_post_to_snow.py
[2024-10-06T19:25:36.112-0300] {logging_mixin.py:151} INFO - [2024-10-06T19:25:36.112-0300] {dag.py:2941} INFO - Sync 1 DAGs
[2024-10-06T19:25:36.126-0300] {logging_mixin.py:151} INFO - [2024-10-06T19:25:36.126-0300] {dag.py:3722} INFO - Setting next_dagrun for stg_post_to_snow to None, run_after=None
[2024-10-06T19:25:36.145-0300] {processor.py:179} INFO - Processing /home/diego/Escritorio/NOVA-BI/airflow/dags/stg_post_to_snow.py took 0.127 seconds
[2024-10-06T19:26:06.338-0300] {processor.py:157} INFO - Started process (PID=56988) to work on /home/diego/Escritorio/NOVA-BI/airflow/dags/stg_post_to_snow.py
[2024-10-06T19:26:06.339-0300] {processor.py:829} INFO - Processing file /home/diego/Escritorio/NOVA-BI/airflow/dags/stg_post_to_snow.py for tasks to queue
[2024-10-06T19:26:06.344-0300] {logging_mixin.py:151} INFO - [2024-10-06T19:26:06.343-0300] {dagbag.py:536} INFO - Filling up the DagBag from /home/diego/Escritorio/NOVA-BI/airflow/dags/stg_post_to_snow.py
[2024-10-06T19:26:06.355-0300] {processor.py:839} INFO - DAG(s) dict_keys(['stg_post_to_snow']) retrieved from /home/diego/Escritorio/NOVA-BI/airflow/dags/stg_post_to_snow.py
[2024-10-06T19:26:06.390-0300] {logging_mixin.py:151} INFO - [2024-10-06T19:26:06.389-0300] {dag.py:2941} INFO - Sync 1 DAGs
[2024-10-06T19:26:06.403-0300] {logging_mixin.py:151} INFO - [2024-10-06T19:26:06.403-0300] {dag.py:3722} INFO - Setting next_dagrun for stg_post_to_snow to None, run_after=None
[2024-10-06T19:26:06.421-0300] {processor.py:179} INFO - Processing /home/diego/Escritorio/NOVA-BI/airflow/dags/stg_post_to_snow.py took 0.089 seconds
[2024-10-06T19:26:36.592-0300] {processor.py:157} INFO - Started process (PID=57076) to work on /home/diego/Escritorio/NOVA-BI/airflow/dags/stg_post_to_snow.py
[2024-10-06T19:26:36.593-0300] {processor.py:829} INFO - Processing file /home/diego/Escritorio/NOVA-BI/airflow/dags/stg_post_to_snow.py for tasks to queue
[2024-10-06T19:26:36.598-0300] {logging_mixin.py:151} INFO - [2024-10-06T19:26:36.597-0300] {dagbag.py:536} INFO - Filling up the DagBag from /home/diego/Escritorio/NOVA-BI/airflow/dags/stg_post_to_snow.py
[2024-10-06T19:26:36.608-0300] {processor.py:839} INFO - DAG(s) dict_keys(['stg_post_to_snow']) retrieved from /home/diego/Escritorio/NOVA-BI/airflow/dags/stg_post_to_snow.py
[2024-10-06T19:26:36.643-0300] {logging_mixin.py:151} INFO - [2024-10-06T19:26:36.643-0300] {dag.py:2941} INFO - Sync 1 DAGs
[2024-10-06T19:26:36.656-0300] {logging_mixin.py:151} INFO - [2024-10-06T19:26:36.656-0300] {dag.py:3722} INFO - Setting next_dagrun for stg_post_to_snow to None, run_after=None
[2024-10-06T19:26:36.682-0300] {processor.py:179} INFO - Processing /home/diego/Escritorio/NOVA-BI/airflow/dags/stg_post_to_snow.py took 0.094 seconds
[2024-10-06T19:27:06.857-0300] {processor.py:157} INFO - Started process (PID=57720) to work on /home/diego/Escritorio/NOVA-BI/airflow/dags/stg_post_to_snow.py
[2024-10-06T19:27:06.858-0300] {processor.py:829} INFO - Processing file /home/diego/Escritorio/NOVA-BI/airflow/dags/stg_post_to_snow.py for tasks to queue
[2024-10-06T19:27:06.860-0300] {logging_mixin.py:151} INFO - [2024-10-06T19:27:06.860-0300] {dagbag.py:536} INFO - Filling up the DagBag from /home/diego/Escritorio/NOVA-BI/airflow/dags/stg_post_to_snow.py
[2024-10-06T19:27:06.870-0300] {processor.py:839} INFO - DAG(s) dict_keys(['stg_post_to_snow']) retrieved from /home/diego/Escritorio/NOVA-BI/airflow/dags/stg_post_to_snow.py
[2024-10-06T19:27:06.901-0300] {logging_mixin.py:151} INFO - [2024-10-06T19:27:06.900-0300] {dag.py:2941} INFO - Sync 1 DAGs
[2024-10-06T19:27:06.913-0300] {logging_mixin.py:151} INFO - [2024-10-06T19:27:06.913-0300] {dag.py:3722} INFO - Setting next_dagrun for stg_post_to_snow to None, run_after=None
[2024-10-06T19:27:06.933-0300] {processor.py:179} INFO - Processing /home/diego/Escritorio/NOVA-BI/airflow/dags/stg_post_to_snow.py took 0.079 seconds
[2024-10-06T19:27:37.102-0300] {processor.py:157} INFO - Started process (PID=58331) to work on /home/diego/Escritorio/NOVA-BI/airflow/dags/stg_post_to_snow.py
[2024-10-06T19:27:37.102-0300] {processor.py:829} INFO - Processing file /home/diego/Escritorio/NOVA-BI/airflow/dags/stg_post_to_snow.py for tasks to queue
[2024-10-06T19:27:37.104-0300] {logging_mixin.py:151} INFO - [2024-10-06T19:27:37.104-0300] {dagbag.py:536} INFO - Filling up the DagBag from /home/diego/Escritorio/NOVA-BI/airflow/dags/stg_post_to_snow.py
[2024-10-06T19:27:37.119-0300] {processor.py:839} INFO - DAG(s) dict_keys(['stg_post_to_snow']) retrieved from /home/diego/Escritorio/NOVA-BI/airflow/dags/stg_post_to_snow.py
[2024-10-06T19:27:37.184-0300] {logging_mixin.py:151} INFO - [2024-10-06T19:27:37.183-0300] {dag.py:2941} INFO - Sync 1 DAGs
[2024-10-06T19:27:37.217-0300] {logging_mixin.py:151} INFO - [2024-10-06T19:27:37.217-0300] {dag.py:3722} INFO - Setting next_dagrun for stg_post_to_snow to None, run_after=None
[2024-10-06T19:27:37.246-0300] {processor.py:179} INFO - Processing /home/diego/Escritorio/NOVA-BI/airflow/dags/stg_post_to_snow.py took 0.148 seconds
[2024-10-06T19:28:07.441-0300] {processor.py:157} INFO - Started process (PID=59170) to work on /home/diego/Escritorio/NOVA-BI/airflow/dags/stg_post_to_snow.py
[2024-10-06T19:28:07.448-0300] {processor.py:829} INFO - Processing file /home/diego/Escritorio/NOVA-BI/airflow/dags/stg_post_to_snow.py for tasks to queue
[2024-10-06T19:28:07.452-0300] {logging_mixin.py:151} INFO - [2024-10-06T19:28:07.451-0300] {dagbag.py:536} INFO - Filling up the DagBag from /home/diego/Escritorio/NOVA-BI/airflow/dags/stg_post_to_snow.py
[2024-10-06T19:28:07.467-0300] {processor.py:839} INFO - DAG(s) dict_keys(['stg_post_to_snow']) retrieved from /home/diego/Escritorio/NOVA-BI/airflow/dags/stg_post_to_snow.py
[2024-10-06T19:28:07.501-0300] {logging_mixin.py:151} INFO - [2024-10-06T19:28:07.501-0300] {dag.py:2941} INFO - Sync 1 DAGs
[2024-10-06T19:28:07.514-0300] {logging_mixin.py:151} INFO - [2024-10-06T19:28:07.514-0300] {dag.py:3722} INFO - Setting next_dagrun for stg_post_to_snow to None, run_after=None
[2024-10-06T19:28:07.537-0300] {processor.py:179} INFO - Processing /home/diego/Escritorio/NOVA-BI/airflow/dags/stg_post_to_snow.py took 0.101 seconds
[2024-10-06T19:28:37.786-0300] {processor.py:157} INFO - Started process (PID=59738) to work on /home/diego/Escritorio/NOVA-BI/airflow/dags/stg_post_to_snow.py
[2024-10-06T19:28:37.786-0300] {processor.py:829} INFO - Processing file /home/diego/Escritorio/NOVA-BI/airflow/dags/stg_post_to_snow.py for tasks to queue
[2024-10-06T19:28:37.792-0300] {logging_mixin.py:151} INFO - [2024-10-06T19:28:37.788-0300] {dagbag.py:536} INFO - Filling up the DagBag from /home/diego/Escritorio/NOVA-BI/airflow/dags/stg_post_to_snow.py
[2024-10-06T19:28:37.829-0300] {processor.py:839} INFO - DAG(s) dict_keys(['stg_post_to_snow']) retrieved from /home/diego/Escritorio/NOVA-BI/airflow/dags/stg_post_to_snow.py
[2024-10-06T19:28:37.874-0300] {logging_mixin.py:151} INFO - [2024-10-06T19:28:37.873-0300] {dag.py:2941} INFO - Sync 1 DAGs
[2024-10-06T19:28:37.887-0300] {logging_mixin.py:151} INFO - [2024-10-06T19:28:37.887-0300] {dag.py:3722} INFO - Setting next_dagrun for stg_post_to_snow to None, run_after=None
[2024-10-06T19:28:37.909-0300] {processor.py:179} INFO - Processing /home/diego/Escritorio/NOVA-BI/airflow/dags/stg_post_to_snow.py took 0.129 seconds
[2024-10-06T19:29:08.086-0300] {processor.py:157} INFO - Started process (PID=60717) to work on /home/diego/Escritorio/NOVA-BI/airflow/dags/stg_post_to_snow.py
[2024-10-06T19:29:08.086-0300] {processor.py:829} INFO - Processing file /home/diego/Escritorio/NOVA-BI/airflow/dags/stg_post_to_snow.py for tasks to queue
[2024-10-06T19:29:08.089-0300] {logging_mixin.py:151} INFO - [2024-10-06T19:29:08.089-0300] {dagbag.py:536} INFO - Filling up the DagBag from /home/diego/Escritorio/NOVA-BI/airflow/dags/stg_post_to_snow.py
[2024-10-06T19:29:08.102-0300] {processor.py:839} INFO - DAG(s) dict_keys(['stg_post_to_snow']) retrieved from /home/diego/Escritorio/NOVA-BI/airflow/dags/stg_post_to_snow.py
[2024-10-06T19:29:08.138-0300] {logging_mixin.py:151} INFO - [2024-10-06T19:29:08.138-0300] {dag.py:2941} INFO - Sync 1 DAGs
[2024-10-06T19:29:08.153-0300] {logging_mixin.py:151} INFO - [2024-10-06T19:29:08.152-0300] {dag.py:3722} INFO - Setting next_dagrun for stg_post_to_snow to None, run_after=None
[2024-10-06T19:29:08.176-0300] {processor.py:179} INFO - Processing /home/diego/Escritorio/NOVA-BI/airflow/dags/stg_post_to_snow.py took 0.094 seconds
[2024-10-06T19:29:38.431-0300] {processor.py:157} INFO - Started process (PID=61178) to work on /home/diego/Escritorio/NOVA-BI/airflow/dags/stg_post_to_snow.py
[2024-10-06T19:29:38.433-0300] {processor.py:829} INFO - Processing file /home/diego/Escritorio/NOVA-BI/airflow/dags/stg_post_to_snow.py for tasks to queue
[2024-10-06T19:29:38.441-0300] {logging_mixin.py:151} INFO - [2024-10-06T19:29:38.436-0300] {dagbag.py:536} INFO - Filling up the DagBag from /home/diego/Escritorio/NOVA-BI/airflow/dags/stg_post_to_snow.py
[2024-10-06T19:29:38.477-0300] {processor.py:839} INFO - DAG(s) dict_keys(['stg_post_to_snow']) retrieved from /home/diego/Escritorio/NOVA-BI/airflow/dags/stg_post_to_snow.py
[2024-10-06T19:29:38.551-0300] {logging_mixin.py:151} INFO - [2024-10-06T19:29:38.550-0300] {dag.py:2941} INFO - Sync 1 DAGs
[2024-10-06T19:29:38.564-0300] {logging_mixin.py:151} INFO - [2024-10-06T19:29:38.563-0300] {dag.py:3722} INFO - Setting next_dagrun for stg_post_to_snow to None, run_after=None
[2024-10-06T19:29:38.583-0300] {processor.py:179} INFO - Processing /home/diego/Escritorio/NOVA-BI/airflow/dags/stg_post_to_snow.py took 0.162 seconds
[2024-10-06T19:30:08.803-0300] {processor.py:157} INFO - Started process (PID=61740) to work on /home/diego/Escritorio/NOVA-BI/airflow/dags/stg_post_to_snow.py
[2024-10-06T19:30:08.803-0300] {processor.py:829} INFO - Processing file /home/diego/Escritorio/NOVA-BI/airflow/dags/stg_post_to_snow.py for tasks to queue
[2024-10-06T19:30:08.810-0300] {logging_mixin.py:151} INFO - [2024-10-06T19:30:08.806-0300] {dagbag.py:536} INFO - Filling up the DagBag from /home/diego/Escritorio/NOVA-BI/airflow/dags/stg_post_to_snow.py
[2024-10-06T19:30:08.837-0300] {processor.py:839} INFO - DAG(s) dict_keys(['stg_post_to_snow']) retrieved from /home/diego/Escritorio/NOVA-BI/airflow/dags/stg_post_to_snow.py
[2024-10-06T19:30:08.877-0300] {logging_mixin.py:151} INFO - [2024-10-06T19:30:08.876-0300] {dag.py:2941} INFO - Sync 1 DAGs
[2024-10-06T19:30:08.888-0300] {logging_mixin.py:151} INFO - [2024-10-06T19:30:08.888-0300] {dag.py:3722} INFO - Setting next_dagrun for stg_post_to_snow to None, run_after=None
[2024-10-06T19:30:08.907-0300] {processor.py:179} INFO - Processing /home/diego/Escritorio/NOVA-BI/airflow/dags/stg_post_to_snow.py took 0.112 seconds
[2024-10-06T19:30:39.117-0300] {processor.py:157} INFO - Started process (PID=61892) to work on /home/diego/Escritorio/NOVA-BI/airflow/dags/stg_post_to_snow.py
[2024-10-06T19:30:39.118-0300] {processor.py:829} INFO - Processing file /home/diego/Escritorio/NOVA-BI/airflow/dags/stg_post_to_snow.py for tasks to queue
[2024-10-06T19:30:39.124-0300] {logging_mixin.py:151} INFO - [2024-10-06T19:30:39.120-0300] {dagbag.py:536} INFO - Filling up the DagBag from /home/diego/Escritorio/NOVA-BI/airflow/dags/stg_post_to_snow.py
[2024-10-06T19:30:39.154-0300] {processor.py:839} INFO - DAG(s) dict_keys(['stg_post_to_snow']) retrieved from /home/diego/Escritorio/NOVA-BI/airflow/dags/stg_post_to_snow.py
[2024-10-06T19:30:39.199-0300] {logging_mixin.py:151} INFO - [2024-10-06T19:30:39.198-0300] {dag.py:2941} INFO - Sync 1 DAGs
[2024-10-06T19:30:39.211-0300] {logging_mixin.py:151} INFO - [2024-10-06T19:30:39.211-0300] {dag.py:3722} INFO - Setting next_dagrun for stg_post_to_snow to None, run_after=None
[2024-10-06T19:30:39.231-0300] {processor.py:179} INFO - Processing /home/diego/Escritorio/NOVA-BI/airflow/dags/stg_post_to_snow.py took 0.123 seconds
[2024-10-06T19:31:09.427-0300] {processor.py:157} INFO - Started process (PID=62213) to work on /home/diego/Escritorio/NOVA-BI/airflow/dags/stg_post_to_snow.py
[2024-10-06T19:31:09.429-0300] {processor.py:829} INFO - Processing file /home/diego/Escritorio/NOVA-BI/airflow/dags/stg_post_to_snow.py for tasks to queue
[2024-10-06T19:31:09.432-0300] {logging_mixin.py:151} INFO - [2024-10-06T19:31:09.432-0300] {dagbag.py:536} INFO - Filling up the DagBag from /home/diego/Escritorio/NOVA-BI/airflow/dags/stg_post_to_snow.py
[2024-10-06T19:31:09.450-0300] {processor.py:839} INFO - DAG(s) dict_keys(['stg_post_to_snow']) retrieved from /home/diego/Escritorio/NOVA-BI/airflow/dags/stg_post_to_snow.py
[2024-10-06T19:31:09.482-0300] {logging_mixin.py:151} INFO - [2024-10-06T19:31:09.481-0300] {dag.py:2941} INFO - Sync 1 DAGs
[2024-10-06T19:31:09.495-0300] {logging_mixin.py:151} INFO - [2024-10-06T19:31:09.495-0300] {dag.py:3722} INFO - Setting next_dagrun for stg_post_to_snow to None, run_after=None
[2024-10-06T19:31:09.514-0300] {processor.py:179} INFO - Processing /home/diego/Escritorio/NOVA-BI/airflow/dags/stg_post_to_snow.py took 0.092 seconds
[2024-10-06T19:31:39.708-0300] {processor.py:157} INFO - Started process (PID=62332) to work on /home/diego/Escritorio/NOVA-BI/airflow/dags/stg_post_to_snow.py
[2024-10-06T19:31:39.709-0300] {processor.py:829} INFO - Processing file /home/diego/Escritorio/NOVA-BI/airflow/dags/stg_post_to_snow.py for tasks to queue
[2024-10-06T19:31:39.711-0300] {logging_mixin.py:151} INFO - [2024-10-06T19:31:39.711-0300] {dagbag.py:536} INFO - Filling up the DagBag from /home/diego/Escritorio/NOVA-BI/airflow/dags/stg_post_to_snow.py
[2024-10-06T19:31:39.737-0300] {processor.py:839} INFO - DAG(s) dict_keys(['stg_post_to_snow']) retrieved from /home/diego/Escritorio/NOVA-BI/airflow/dags/stg_post_to_snow.py
[2024-10-06T19:31:39.782-0300] {logging_mixin.py:151} INFO - [2024-10-06T19:31:39.781-0300] {dag.py:2941} INFO - Sync 1 DAGs
[2024-10-06T19:31:39.796-0300] {logging_mixin.py:151} INFO - [2024-10-06T19:31:39.795-0300] {dag.py:3722} INFO - Setting next_dagrun for stg_post_to_snow to None, run_after=None
[2024-10-06T19:31:39.814-0300] {processor.py:179} INFO - Processing /home/diego/Escritorio/NOVA-BI/airflow/dags/stg_post_to_snow.py took 0.109 seconds
[2024-10-06T19:32:10.177-0300] {processor.py:157} INFO - Started process (PID=63237) to work on /home/diego/Escritorio/NOVA-BI/airflow/dags/stg_post_to_snow.py
[2024-10-06T19:32:10.200-0300] {processor.py:829} INFO - Processing file /home/diego/Escritorio/NOVA-BI/airflow/dags/stg_post_to_snow.py for tasks to queue
[2024-10-06T19:32:10.223-0300] {logging_mixin.py:151} INFO - [2024-10-06T19:32:10.203-0300] {dagbag.py:536} INFO - Filling up the DagBag from /home/diego/Escritorio/NOVA-BI/airflow/dags/stg_post_to_snow.py
[2024-10-06T19:32:11.476-0300] {processor.py:839} INFO - DAG(s) dict_keys(['stg_post_to_snow']) retrieved from /home/diego/Escritorio/NOVA-BI/airflow/dags/stg_post_to_snow.py
[2024-10-06T20:38:10.938-0300] {processor.py:157} INFO - Started process (PID=10928) to work on /home/diego/Escritorio/NOVA-BI/airflow/dags/stg_post_to_snow.py
[2024-10-06T20:38:11.057-0300] {processor.py:829} INFO - Processing file /home/diego/Escritorio/NOVA-BI/airflow/dags/stg_post_to_snow.py for tasks to queue
[2024-10-06T20:38:11.060-0300] {logging_mixin.py:151} INFO - [2024-10-06T20:38:11.060-0300] {dagbag.py:536} INFO - Filling up the DagBag from /home/diego/Escritorio/NOVA-BI/airflow/dags/stg_post_to_snow.py
[2024-10-06T20:38:11.079-0300] {processor.py:839} INFO - DAG(s) dict_keys(['stg_post_to_snow']) retrieved from /home/diego/Escritorio/NOVA-BI/airflow/dags/stg_post_to_snow.py
[2024-10-06T20:38:11.135-0300] {logging_mixin.py:151} INFO - [2024-10-06T20:38:11.134-0300] {dag.py:2941} INFO - Sync 1 DAGs
[2024-10-06T20:38:11.161-0300] {logging_mixin.py:151} INFO - [2024-10-06T20:38:11.160-0300] {dag.py:3722} INFO - Setting next_dagrun for stg_post_to_snow to None, run_after=None
[2024-10-06T20:38:11.306-0300] {processor.py:179} INFO - Processing /home/diego/Escritorio/NOVA-BI/airflow/dags/stg_post_to_snow.py took 0.373 seconds
[2024-10-06T20:38:41.382-0300] {processor.py:157} INFO - Started process (PID=11160) to work on /home/diego/Escritorio/NOVA-BI/airflow/dags/stg_post_to_snow.py
[2024-10-06T20:38:41.383-0300] {processor.py:829} INFO - Processing file /home/diego/Escritorio/NOVA-BI/airflow/dags/stg_post_to_snow.py for tasks to queue
[2024-10-06T20:38:41.387-0300] {logging_mixin.py:151} INFO - [2024-10-06T20:38:41.386-0300] {dagbag.py:536} INFO - Filling up the DagBag from /home/diego/Escritorio/NOVA-BI/airflow/dags/stg_post_to_snow.py
[2024-10-06T20:38:41.406-0300] {processor.py:839} INFO - DAG(s) dict_keys(['stg_post_to_snow']) retrieved from /home/diego/Escritorio/NOVA-BI/airflow/dags/stg_post_to_snow.py
[2024-10-06T20:38:41.452-0300] {logging_mixin.py:151} INFO - [2024-10-06T20:38:41.451-0300] {dag.py:2941} INFO - Sync 1 DAGs
[2024-10-06T20:38:41.471-0300] {logging_mixin.py:151} INFO - [2024-10-06T20:38:41.471-0300] {dag.py:3722} INFO - Setting next_dagrun for stg_post_to_snow to None, run_after=None
[2024-10-06T20:38:41.507-0300] {processor.py:179} INFO - Processing /home/diego/Escritorio/NOVA-BI/airflow/dags/stg_post_to_snow.py took 0.130 seconds
[2024-10-06T20:39:11.635-0300] {processor.py:157} INFO - Started process (PID=11574) to work on /home/diego/Escritorio/NOVA-BI/airflow/dags/stg_post_to_snow.py
[2024-10-06T20:39:11.636-0300] {processor.py:829} INFO - Processing file /home/diego/Escritorio/NOVA-BI/airflow/dags/stg_post_to_snow.py for tasks to queue
[2024-10-06T20:39:11.639-0300] {logging_mixin.py:151} INFO - [2024-10-06T20:39:11.639-0300] {dagbag.py:536} INFO - Filling up the DagBag from /home/diego/Escritorio/NOVA-BI/airflow/dags/stg_post_to_snow.py
[2024-10-06T20:39:11.662-0300] {processor.py:839} INFO - DAG(s) dict_keys(['stg_post_to_snow']) retrieved from /home/diego/Escritorio/NOVA-BI/airflow/dags/stg_post_to_snow.py
[2024-10-06T20:39:11.711-0300] {logging_mixin.py:151} INFO - [2024-10-06T20:39:11.710-0300] {dag.py:2941} INFO - Sync 1 DAGs
[2024-10-06T20:39:11.731-0300] {logging_mixin.py:151} INFO - [2024-10-06T20:39:11.731-0300] {dag.py:3722} INFO - Setting next_dagrun for stg_post_to_snow to None, run_after=None
[2024-10-06T20:39:11.828-0300] {processor.py:179} INFO - Processing /home/diego/Escritorio/NOVA-BI/airflow/dags/stg_post_to_snow.py took 0.198 seconds
[2024-10-06T20:39:42.142-0300] {processor.py:157} INFO - Started process (PID=11805) to work on /home/diego/Escritorio/NOVA-BI/airflow/dags/stg_post_to_snow.py
[2024-10-06T20:39:42.145-0300] {processor.py:829} INFO - Processing file /home/diego/Escritorio/NOVA-BI/airflow/dags/stg_post_to_snow.py for tasks to queue
[2024-10-06T20:39:42.151-0300] {logging_mixin.py:151} INFO - [2024-10-06T20:39:42.150-0300] {dagbag.py:536} INFO - Filling up the DagBag from /home/diego/Escritorio/NOVA-BI/airflow/dags/stg_post_to_snow.py
[2024-10-06T20:39:42.186-0300] {processor.py:839} INFO - DAG(s) dict_keys(['stg_post_to_snow']) retrieved from /home/diego/Escritorio/NOVA-BI/airflow/dags/stg_post_to_snow.py
[2024-10-06T20:39:42.235-0300] {logging_mixin.py:151} INFO - [2024-10-06T20:39:42.234-0300] {dag.py:2941} INFO - Sync 1 DAGs
[2024-10-06T20:39:42.258-0300] {logging_mixin.py:151} INFO - [2024-10-06T20:39:42.258-0300] {dag.py:3722} INFO - Setting next_dagrun for stg_post_to_snow to None, run_after=None
[2024-10-06T20:39:42.294-0300] {processor.py:179} INFO - Processing /home/diego/Escritorio/NOVA-BI/airflow/dags/stg_post_to_snow.py took 0.159 seconds
[2024-10-06T20:40:12.580-0300] {processor.py:157} INFO - Started process (PID=12021) to work on /home/diego/Escritorio/NOVA-BI/airflow/dags/stg_post_to_snow.py
[2024-10-06T20:40:12.581-0300] {processor.py:829} INFO - Processing file /home/diego/Escritorio/NOVA-BI/airflow/dags/stg_post_to_snow.py for tasks to queue
[2024-10-06T20:40:12.585-0300] {logging_mixin.py:151} INFO - [2024-10-06T20:40:12.584-0300] {dagbag.py:536} INFO - Filling up the DagBag from /home/diego/Escritorio/NOVA-BI/airflow/dags/stg_post_to_snow.py
[2024-10-06T20:40:12.610-0300] {processor.py:839} INFO - DAG(s) dict_keys(['stg_post_to_snow']) retrieved from /home/diego/Escritorio/NOVA-BI/airflow/dags/stg_post_to_snow.py
[2024-10-06T20:40:12.672-0300] {logging_mixin.py:151} INFO - [2024-10-06T20:40:12.671-0300] {dag.py:2941} INFO - Sync 1 DAGs
[2024-10-06T20:40:12.694-0300] {logging_mixin.py:151} INFO - [2024-10-06T20:40:12.693-0300] {dag.py:3722} INFO - Setting next_dagrun for stg_post_to_snow to None, run_after=None
[2024-10-06T20:40:12.728-0300] {processor.py:179} INFO - Processing /home/diego/Escritorio/NOVA-BI/airflow/dags/stg_post_to_snow.py took 0.153 seconds
[2024-10-06T20:40:42.799-0300] {processor.py:157} INFO - Started process (PID=12055) to work on /home/diego/Escritorio/NOVA-BI/airflow/dags/stg_post_to_snow.py
[2024-10-06T20:40:42.808-0300] {processor.py:829} INFO - Processing file /home/diego/Escritorio/NOVA-BI/airflow/dags/stg_post_to_snow.py for tasks to queue
[2024-10-06T20:40:42.812-0300] {logging_mixin.py:151} INFO - [2024-10-06T20:40:42.811-0300] {dagbag.py:536} INFO - Filling up the DagBag from /home/diego/Escritorio/NOVA-BI/airflow/dags/stg_post_to_snow.py
[2024-10-06T20:40:42.830-0300] {processor.py:839} INFO - DAG(s) dict_keys(['stg_post_to_snow']) retrieved from /home/diego/Escritorio/NOVA-BI/airflow/dags/stg_post_to_snow.py
[2024-10-06T20:40:42.881-0300] {logging_mixin.py:151} INFO - [2024-10-06T20:40:42.879-0300] {dag.py:2941} INFO - Sync 1 DAGs
[2024-10-06T20:40:42.901-0300] {logging_mixin.py:151} INFO - [2024-10-06T20:40:42.901-0300] {dag.py:3722} INFO - Setting next_dagrun for stg_post_to_snow to None, run_after=None
[2024-10-06T20:40:42.940-0300] {processor.py:179} INFO - Processing /home/diego/Escritorio/NOVA-BI/airflow/dags/stg_post_to_snow.py took 0.145 seconds
[2024-10-06T20:41:13.220-0300] {processor.py:157} INFO - Started process (PID=12116) to work on /home/diego/Escritorio/NOVA-BI/airflow/dags/stg_post_to_snow.py
[2024-10-06T20:41:13.221-0300] {processor.py:829} INFO - Processing file /home/diego/Escritorio/NOVA-BI/airflow/dags/stg_post_to_snow.py for tasks to queue
[2024-10-06T20:41:13.225-0300] {logging_mixin.py:151} INFO - [2024-10-06T20:41:13.224-0300] {dagbag.py:536} INFO - Filling up the DagBag from /home/diego/Escritorio/NOVA-BI/airflow/dags/stg_post_to_snow.py
[2024-10-06T20:41:13.246-0300] {processor.py:839} INFO - DAG(s) dict_keys(['stg_post_to_snow']) retrieved from /home/diego/Escritorio/NOVA-BI/airflow/dags/stg_post_to_snow.py
[2024-10-06T20:41:13.306-0300] {logging_mixin.py:151} INFO - [2024-10-06T20:41:13.305-0300] {dag.py:2941} INFO - Sync 1 DAGs
[2024-10-06T20:41:13.333-0300] {logging_mixin.py:151} INFO - [2024-10-06T20:41:13.332-0300] {dag.py:3722} INFO - Setting next_dagrun for stg_post_to_snow to None, run_after=None
[2024-10-06T20:41:13.388-0300] {processor.py:179} INFO - Processing /home/diego/Escritorio/NOVA-BI/airflow/dags/stg_post_to_snow.py took 0.174 seconds
[2024-10-06T20:41:43.659-0300] {processor.py:157} INFO - Started process (PID=12192) to work on /home/diego/Escritorio/NOVA-BI/airflow/dags/stg_post_to_snow.py
[2024-10-06T20:41:43.661-0300] {processor.py:829} INFO - Processing file /home/diego/Escritorio/NOVA-BI/airflow/dags/stg_post_to_snow.py for tasks to queue
[2024-10-06T20:41:43.664-0300] {logging_mixin.py:151} INFO - [2024-10-06T20:41:43.663-0300] {dagbag.py:536} INFO - Filling up the DagBag from /home/diego/Escritorio/NOVA-BI/airflow/dags/stg_post_to_snow.py
[2024-10-06T20:41:43.683-0300] {processor.py:839} INFO - DAG(s) dict_keys(['stg_post_to_snow']) retrieved from /home/diego/Escritorio/NOVA-BI/airflow/dags/stg_post_to_snow.py
[2024-10-06T20:41:43.730-0300] {logging_mixin.py:151} INFO - [2024-10-06T20:41:43.729-0300] {dag.py:2941} INFO - Sync 1 DAGs
[2024-10-06T20:41:43.750-0300] {logging_mixin.py:151} INFO - [2024-10-06T20:41:43.749-0300] {dag.py:3722} INFO - Setting next_dagrun for stg_post_to_snow to None, run_after=None
[2024-10-06T20:41:43.796-0300] {processor.py:179} INFO - Processing /home/diego/Escritorio/NOVA-BI/airflow/dags/stg_post_to_snow.py took 0.141 seconds
[2024-10-06T20:42:14.064-0300] {processor.py:157} INFO - Started process (PID=12250) to work on /home/diego/Escritorio/NOVA-BI/airflow/dags/stg_post_to_snow.py
[2024-10-06T20:42:14.065-0300] {processor.py:829} INFO - Processing file /home/diego/Escritorio/NOVA-BI/airflow/dags/stg_post_to_snow.py for tasks to queue
[2024-10-06T20:42:14.069-0300] {logging_mixin.py:151} INFO - [2024-10-06T20:42:14.068-0300] {dagbag.py:536} INFO - Filling up the DagBag from /home/diego/Escritorio/NOVA-BI/airflow/dags/stg_post_to_snow.py
[2024-10-06T20:42:14.090-0300] {processor.py:839} INFO - DAG(s) dict_keys(['stg_post_to_snow']) retrieved from /home/diego/Escritorio/NOVA-BI/airflow/dags/stg_post_to_snow.py
[2024-10-06T20:42:14.143-0300] {logging_mixin.py:151} INFO - [2024-10-06T20:42:14.142-0300] {dag.py:2941} INFO - Sync 1 DAGs
[2024-10-06T20:42:14.164-0300] {logging_mixin.py:151} INFO - [2024-10-06T20:42:14.164-0300] {dag.py:3722} INFO - Setting next_dagrun for stg_post_to_snow to None, run_after=None
[2024-10-06T20:42:14.197-0300] {processor.py:179} INFO - Processing /home/diego/Escritorio/NOVA-BI/airflow/dags/stg_post_to_snow.py took 0.139 seconds
[2024-10-06T20:43:32.452-0300] {processor.py:157} INFO - Started process (PID=12596) to work on /home/diego/Escritorio/NOVA-BI/airflow/dags/stg_post_to_snow.py
[2024-10-06T20:43:32.463-0300] {processor.py:829} INFO - Processing file /home/diego/Escritorio/NOVA-BI/airflow/dags/stg_post_to_snow.py for tasks to queue
[2024-10-06T20:43:32.467-0300] {logging_mixin.py:151} INFO - [2024-10-06T20:43:32.467-0300] {dagbag.py:536} INFO - Filling up the DagBag from /home/diego/Escritorio/NOVA-BI/airflow/dags/stg_post_to_snow.py
[2024-10-06T20:43:32.484-0300] {processor.py:839} INFO - DAG(s) dict_keys(['stg_post_to_snow']) retrieved from /home/diego/Escritorio/NOVA-BI/airflow/dags/stg_post_to_snow.py
[2024-10-06T20:43:32.529-0300] {logging_mixin.py:151} INFO - [2024-10-06T20:43:32.528-0300] {dag.py:2941} INFO - Sync 1 DAGs
[2024-10-06T20:43:32.550-0300] {logging_mixin.py:151} INFO - [2024-10-06T20:43:32.550-0300] {dag.py:3722} INFO - Setting next_dagrun for stg_post_to_snow to None, run_after=None
[2024-10-06T20:43:32.587-0300] {processor.py:179} INFO - Processing /home/diego/Escritorio/NOVA-BI/airflow/dags/stg_post_to_snow.py took 0.139 seconds
[2024-10-06T20:44:02.720-0300] {processor.py:157} INFO - Started process (PID=12741) to work on /home/diego/Escritorio/NOVA-BI/airflow/dags/stg_post_to_snow.py
[2024-10-06T20:44:02.721-0300] {processor.py:829} INFO - Processing file /home/diego/Escritorio/NOVA-BI/airflow/dags/stg_post_to_snow.py for tasks to queue
[2024-10-06T20:44:02.725-0300] {logging_mixin.py:151} INFO - [2024-10-06T20:44:02.724-0300] {dagbag.py:536} INFO - Filling up the DagBag from /home/diego/Escritorio/NOVA-BI/airflow/dags/stg_post_to_snow.py
[2024-10-06T20:44:02.747-0300] {processor.py:839} INFO - DAG(s) dict_keys(['stg_post_to_snow']) retrieved from /home/diego/Escritorio/NOVA-BI/airflow/dags/stg_post_to_snow.py
[2024-10-06T20:44:02.798-0300] {logging_mixin.py:151} INFO - [2024-10-06T20:44:02.797-0300] {dag.py:2941} INFO - Sync 1 DAGs
[2024-10-06T20:44:02.820-0300] {logging_mixin.py:151} INFO - [2024-10-06T20:44:02.819-0300] {dag.py:3722} INFO - Setting next_dagrun for stg_post_to_snow to None, run_after=None
[2024-10-06T20:44:02.865-0300] {processor.py:179} INFO - Processing /home/diego/Escritorio/NOVA-BI/airflow/dags/stg_post_to_snow.py took 0.149 seconds
