[2024-10-06T18:54:47.934-0300] {processor.py:157} INFO - Started process (PID=31209) to work on /home/diego/Escritorio/NOVA-BI/airflow/dags/stg_patient_info.py
[2024-10-06T18:54:47.935-0300] {processor.py:829} INFO - Processing file /home/diego/Escritorio/NOVA-BI/airflow/dags/stg_patient_info.py for tasks to queue
[2024-10-06T18:54:47.936-0300] {logging_mixin.py:151} INFO - [2024-10-06T18:54:47.936-0300] {dagbag.py:536} INFO - Filling up the DagBag from /home/diego/Escritorio/NOVA-BI/airflow/dags/stg_patient_info.py
[2024-10-06T18:54:47.951-0300] {processor.py:839} INFO - DAG(s) dict_keys(['patient_info']) retrieved from /home/diego/Escritorio/NOVA-BI/airflow/dags/stg_patient_info.py
[2024-10-06T18:54:48.029-0300] {logging_mixin.py:151} INFO - [2024-10-06T18:54:48.029-0300] {dag.py:2941} INFO - Sync 1 DAGs
[2024-10-06T18:54:48.081-0300] {logging_mixin.py:151} INFO - [2024-10-06T18:54:48.080-0300] {dag.py:3722} INFO - Setting next_dagrun for patient_info to 2024-10-06T00:00:00+00:00, run_after=2024-10-07T00:00:00+00:00
[2024-10-06T18:54:48.137-0300] {processor.py:179} INFO - Processing /home/diego/Escritorio/NOVA-BI/airflow/dags/stg_patient_info.py took 0.208 seconds
[2024-10-06T18:55:18.934-0300] {processor.py:157} INFO - Started process (PID=31827) to work on /home/diego/Escritorio/NOVA-BI/airflow/dags/stg_patient_info.py
[2024-10-06T18:55:18.935-0300] {processor.py:829} INFO - Processing file /home/diego/Escritorio/NOVA-BI/airflow/dags/stg_patient_info.py for tasks to queue
[2024-10-06T18:55:18.938-0300] {logging_mixin.py:151} INFO - [2024-10-06T18:55:18.938-0300] {dagbag.py:536} INFO - Filling up the DagBag from /home/diego/Escritorio/NOVA-BI/airflow/dags/stg_patient_info.py
[2024-10-06T18:55:18.949-0300] {processor.py:839} INFO - DAG(s) dict_keys(['patient_info']) retrieved from /home/diego/Escritorio/NOVA-BI/airflow/dags/stg_patient_info.py
[2024-10-06T18:55:18.980-0300] {logging_mixin.py:151} INFO - [2024-10-06T18:55:18.979-0300] {dag.py:2941} INFO - Sync 1 DAGs
[2024-10-06T18:55:19.007-0300] {logging_mixin.py:151} INFO - [2024-10-06T18:55:19.007-0300] {dag.py:3722} INFO - Setting next_dagrun for patient_info to 2024-10-06T00:00:00+00:00, run_after=2024-10-07T00:00:00+00:00
[2024-10-06T18:55:19.036-0300] {processor.py:179} INFO - Processing /home/diego/Escritorio/NOVA-BI/airflow/dags/stg_patient_info.py took 0.107 seconds
[2024-10-06T18:55:49.118-0300] {processor.py:157} INFO - Started process (PID=32103) to work on /home/diego/Escritorio/NOVA-BI/airflow/dags/stg_patient_info.py
[2024-10-06T18:55:49.124-0300] {processor.py:829} INFO - Processing file /home/diego/Escritorio/NOVA-BI/airflow/dags/stg_patient_info.py for tasks to queue
[2024-10-06T18:55:49.128-0300] {logging_mixin.py:151} INFO - [2024-10-06T18:55:49.127-0300] {dagbag.py:536} INFO - Filling up the DagBag from /home/diego/Escritorio/NOVA-BI/airflow/dags/stg_patient_info.py
[2024-10-06T18:55:49.139-0300] {processor.py:839} INFO - DAG(s) dict_keys(['patient_info']) retrieved from /home/diego/Escritorio/NOVA-BI/airflow/dags/stg_patient_info.py
[2024-10-06T18:55:49.172-0300] {logging_mixin.py:151} INFO - [2024-10-06T18:55:49.172-0300] {dag.py:2941} INFO - Sync 1 DAGs
[2024-10-06T18:55:49.198-0300] {logging_mixin.py:151} INFO - [2024-10-06T18:55:49.198-0300] {dag.py:3722} INFO - Setting next_dagrun for patient_info to 2024-10-06T00:00:00+00:00, run_after=2024-10-07T00:00:00+00:00
[2024-10-06T18:55:49.217-0300] {processor.py:179} INFO - Processing /home/diego/Escritorio/NOVA-BI/airflow/dags/stg_patient_info.py took 0.102 seconds
[2024-10-06T18:56:19.349-0300] {processor.py:157} INFO - Started process (PID=32514) to work on /home/diego/Escritorio/NOVA-BI/airflow/dags/stg_patient_info.py
[2024-10-06T18:56:19.350-0300] {processor.py:829} INFO - Processing file /home/diego/Escritorio/NOVA-BI/airflow/dags/stg_patient_info.py for tasks to queue
[2024-10-06T18:56:19.352-0300] {logging_mixin.py:151} INFO - [2024-10-06T18:56:19.352-0300] {dagbag.py:536} INFO - Filling up the DagBag from /home/diego/Escritorio/NOVA-BI/airflow/dags/stg_patient_info.py
[2024-10-06T18:56:19.366-0300] {processor.py:839} INFO - DAG(s) dict_keys(['patient_info']) retrieved from /home/diego/Escritorio/NOVA-BI/airflow/dags/stg_patient_info.py
[2024-10-06T18:56:19.399-0300] {logging_mixin.py:151} INFO - [2024-10-06T18:56:19.399-0300] {dag.py:2941} INFO - Sync 1 DAGs
[2024-10-06T18:56:19.428-0300] {logging_mixin.py:151} INFO - [2024-10-06T18:56:19.428-0300] {dag.py:3722} INFO - Setting next_dagrun for patient_info to 2024-10-06T00:00:00+00:00, run_after=2024-10-07T00:00:00+00:00
[2024-10-06T18:56:19.453-0300] {processor.py:179} INFO - Processing /home/diego/Escritorio/NOVA-BI/airflow/dags/stg_patient_info.py took 0.108 seconds
[2024-10-06T18:56:49.554-0300] {processor.py:157} INFO - Started process (PID=32773) to work on /home/diego/Escritorio/NOVA-BI/airflow/dags/stg_patient_info.py
[2024-10-06T18:56:49.561-0300] {processor.py:829} INFO - Processing file /home/diego/Escritorio/NOVA-BI/airflow/dags/stg_patient_info.py for tasks to queue
[2024-10-06T18:56:49.564-0300] {logging_mixin.py:151} INFO - [2024-10-06T18:56:49.563-0300] {dagbag.py:536} INFO - Filling up the DagBag from /home/diego/Escritorio/NOVA-BI/airflow/dags/stg_patient_info.py
[2024-10-06T18:56:49.574-0300] {processor.py:839} INFO - DAG(s) dict_keys(['patient_info']) retrieved from /home/diego/Escritorio/NOVA-BI/airflow/dags/stg_patient_info.py
[2024-10-06T18:56:49.611-0300] {logging_mixin.py:151} INFO - [2024-10-06T18:56:49.610-0300] {dag.py:2941} INFO - Sync 1 DAGs
[2024-10-06T18:56:49.635-0300] {logging_mixin.py:151} INFO - [2024-10-06T18:56:49.635-0300] {dag.py:3722} INFO - Setting next_dagrun for patient_info to 2024-10-06T00:00:00+00:00, run_after=2024-10-07T00:00:00+00:00
[2024-10-06T18:56:49.654-0300] {processor.py:179} INFO - Processing /home/diego/Escritorio/NOVA-BI/airflow/dags/stg_patient_info.py took 0.106 seconds
[2024-10-06T18:57:19.781-0300] {processor.py:157} INFO - Started process (PID=33183) to work on /home/diego/Escritorio/NOVA-BI/airflow/dags/stg_patient_info.py
[2024-10-06T18:57:19.782-0300] {processor.py:829} INFO - Processing file /home/diego/Escritorio/NOVA-BI/airflow/dags/stg_patient_info.py for tasks to queue
[2024-10-06T18:57:19.784-0300] {logging_mixin.py:151} INFO - [2024-10-06T18:57:19.784-0300] {dagbag.py:536} INFO - Filling up the DagBag from /home/diego/Escritorio/NOVA-BI/airflow/dags/stg_patient_info.py
[2024-10-06T18:57:19.796-0300] {processor.py:839} INFO - DAG(s) dict_keys(['patient_info']) retrieved from /home/diego/Escritorio/NOVA-BI/airflow/dags/stg_patient_info.py
[2024-10-06T18:57:19.829-0300] {logging_mixin.py:151} INFO - [2024-10-06T18:57:19.828-0300] {dag.py:2941} INFO - Sync 1 DAGs
[2024-10-06T18:57:19.854-0300] {logging_mixin.py:151} INFO - [2024-10-06T18:57:19.853-0300] {dag.py:3722} INFO - Setting next_dagrun for patient_info to 2024-10-06T00:00:00+00:00, run_after=2024-10-07T00:00:00+00:00
[2024-10-06T18:57:19.883-0300] {processor.py:179} INFO - Processing /home/diego/Escritorio/NOVA-BI/airflow/dags/stg_patient_info.py took 0.107 seconds
[2024-10-06T18:57:49.975-0300] {processor.py:157} INFO - Started process (PID=33444) to work on /home/diego/Escritorio/NOVA-BI/airflow/dags/stg_patient_info.py
[2024-10-06T18:57:49.982-0300] {processor.py:829} INFO - Processing file /home/diego/Escritorio/NOVA-BI/airflow/dags/stg_patient_info.py for tasks to queue
[2024-10-06T18:57:49.985-0300] {logging_mixin.py:151} INFO - [2024-10-06T18:57:49.985-0300] {dagbag.py:536} INFO - Filling up the DagBag from /home/diego/Escritorio/NOVA-BI/airflow/dags/stg_patient_info.py
[2024-10-06T18:57:49.997-0300] {processor.py:839} INFO - DAG(s) dict_keys(['patient_info']) retrieved from /home/diego/Escritorio/NOVA-BI/airflow/dags/stg_patient_info.py
[2024-10-06T18:57:50.031-0300] {logging_mixin.py:151} INFO - [2024-10-06T18:57:50.031-0300] {dag.py:2941} INFO - Sync 1 DAGs
[2024-10-06T18:57:50.057-0300] {logging_mixin.py:151} INFO - [2024-10-06T18:57:50.057-0300] {dag.py:3722} INFO - Setting next_dagrun for patient_info to 2024-10-06T00:00:00+00:00, run_after=2024-10-07T00:00:00+00:00
[2024-10-06T18:57:50.078-0300] {processor.py:179} INFO - Processing /home/diego/Escritorio/NOVA-BI/airflow/dags/stg_patient_info.py took 0.107 seconds
[2024-10-06T18:58:20.198-0300] {processor.py:157} INFO - Started process (PID=33866) to work on /home/diego/Escritorio/NOVA-BI/airflow/dags/stg_patient_info.py
[2024-10-06T18:58:20.199-0300] {processor.py:829} INFO - Processing file /home/diego/Escritorio/NOVA-BI/airflow/dags/stg_patient_info.py for tasks to queue
[2024-10-06T18:58:20.202-0300] {logging_mixin.py:151} INFO - [2024-10-06T18:58:20.201-0300] {dagbag.py:536} INFO - Filling up the DagBag from /home/diego/Escritorio/NOVA-BI/airflow/dags/stg_patient_info.py
[2024-10-06T18:58:20.213-0300] {processor.py:839} INFO - DAG(s) dict_keys(['patient_info']) retrieved from /home/diego/Escritorio/NOVA-BI/airflow/dags/stg_patient_info.py
[2024-10-06T18:58:20.247-0300] {logging_mixin.py:151} INFO - [2024-10-06T18:58:20.246-0300] {dag.py:2941} INFO - Sync 1 DAGs
[2024-10-06T18:58:20.274-0300] {logging_mixin.py:151} INFO - [2024-10-06T18:58:20.273-0300] {dag.py:3722} INFO - Setting next_dagrun for patient_info to 2024-10-06T00:00:00+00:00, run_after=2024-10-07T00:00:00+00:00
[2024-10-06T18:58:20.295-0300] {processor.py:179} INFO - Processing /home/diego/Escritorio/NOVA-BI/airflow/dags/stg_patient_info.py took 0.099 seconds
[2024-10-06T18:58:50.398-0300] {processor.py:157} INFO - Started process (PID=34218) to work on /home/diego/Escritorio/NOVA-BI/airflow/dags/stg_patient_info.py
[2024-10-06T18:58:50.407-0300] {processor.py:829} INFO - Processing file /home/diego/Escritorio/NOVA-BI/airflow/dags/stg_patient_info.py for tasks to queue
[2024-10-06T18:58:50.411-0300] {logging_mixin.py:151} INFO - [2024-10-06T18:58:50.410-0300] {dagbag.py:536} INFO - Filling up the DagBag from /home/diego/Escritorio/NOVA-BI/airflow/dags/stg_patient_info.py
[2024-10-06T18:58:50.424-0300] {processor.py:839} INFO - DAG(s) dict_keys(['patient_info']) retrieved from /home/diego/Escritorio/NOVA-BI/airflow/dags/stg_patient_info.py
[2024-10-06T18:58:50.456-0300] {logging_mixin.py:151} INFO - [2024-10-06T18:58:50.456-0300] {dag.py:2941} INFO - Sync 1 DAGs
[2024-10-06T18:58:50.483-0300] {logging_mixin.py:151} INFO - [2024-10-06T18:58:50.483-0300] {dag.py:3722} INFO - Setting next_dagrun for patient_info to 2024-10-06T00:00:00+00:00, run_after=2024-10-07T00:00:00+00:00
[2024-10-06T18:58:50.503-0300] {processor.py:179} INFO - Processing /home/diego/Escritorio/NOVA-BI/airflow/dags/stg_patient_info.py took 0.110 seconds
[2024-10-06T18:59:20.680-0300] {processor.py:157} INFO - Started process (PID=34549) to work on /home/diego/Escritorio/NOVA-BI/airflow/dags/stg_patient_info.py
[2024-10-06T18:59:20.681-0300] {processor.py:829} INFO - Processing file /home/diego/Escritorio/NOVA-BI/airflow/dags/stg_patient_info.py for tasks to queue
[2024-10-06T18:59:20.683-0300] {logging_mixin.py:151} INFO - [2024-10-06T18:59:20.683-0300] {dagbag.py:536} INFO - Filling up the DagBag from /home/diego/Escritorio/NOVA-BI/airflow/dags/stg_patient_info.py
[2024-10-06T18:59:20.694-0300] {processor.py:839} INFO - DAG(s) dict_keys(['patient_info']) retrieved from /home/diego/Escritorio/NOVA-BI/airflow/dags/stg_patient_info.py
[2024-10-06T18:59:20.726-0300] {logging_mixin.py:151} INFO - [2024-10-06T18:59:20.726-0300] {dag.py:2941} INFO - Sync 1 DAGs
[2024-10-06T18:59:20.754-0300] {logging_mixin.py:151} INFO - [2024-10-06T18:59:20.754-0300] {dag.py:3722} INFO - Setting next_dagrun for patient_info to 2024-10-06T00:00:00+00:00, run_after=2024-10-07T00:00:00+00:00
[2024-10-06T18:59:20.774-0300] {processor.py:179} INFO - Processing /home/diego/Escritorio/NOVA-BI/airflow/dags/stg_patient_info.py took 0.098 seconds
[2024-10-06T18:59:50.856-0300] {processor.py:157} INFO - Started process (PID=34896) to work on /home/diego/Escritorio/NOVA-BI/airflow/dags/stg_patient_info.py
[2024-10-06T18:59:50.865-0300] {processor.py:829} INFO - Processing file /home/diego/Escritorio/NOVA-BI/airflow/dags/stg_patient_info.py for tasks to queue
[2024-10-06T18:59:50.867-0300] {logging_mixin.py:151} INFO - [2024-10-06T18:59:50.867-0300] {dagbag.py:536} INFO - Filling up the DagBag from /home/diego/Escritorio/NOVA-BI/airflow/dags/stg_patient_info.py
[2024-10-06T18:59:50.879-0300] {processor.py:839} INFO - DAG(s) dict_keys(['patient_info']) retrieved from /home/diego/Escritorio/NOVA-BI/airflow/dags/stg_patient_info.py
[2024-10-06T18:59:50.921-0300] {logging_mixin.py:151} INFO - [2024-10-06T18:59:50.921-0300] {dag.py:2941} INFO - Sync 1 DAGs
[2024-10-06T18:59:50.952-0300] {logging_mixin.py:151} INFO - [2024-10-06T18:59:50.952-0300] {dag.py:3722} INFO - Setting next_dagrun for patient_info to 2024-10-06T00:00:00+00:00, run_after=2024-10-07T00:00:00+00:00
[2024-10-06T18:59:50.977-0300] {processor.py:179} INFO - Processing /home/diego/Escritorio/NOVA-BI/airflow/dags/stg_patient_info.py took 0.125 seconds
[2024-10-06T19:00:21.163-0300] {processor.py:157} INFO - Started process (PID=35364) to work on /home/diego/Escritorio/NOVA-BI/airflow/dags/stg_patient_info.py
[2024-10-06T19:00:21.164-0300] {processor.py:829} INFO - Processing file /home/diego/Escritorio/NOVA-BI/airflow/dags/stg_patient_info.py for tasks to queue
[2024-10-06T19:00:21.166-0300] {logging_mixin.py:151} INFO - [2024-10-06T19:00:21.166-0300] {dagbag.py:536} INFO - Filling up the DagBag from /home/diego/Escritorio/NOVA-BI/airflow/dags/stg_patient_info.py
[2024-10-06T19:00:21.179-0300] {processor.py:839} INFO - DAG(s) dict_keys(['patient_info']) retrieved from /home/diego/Escritorio/NOVA-BI/airflow/dags/stg_patient_info.py
[2024-10-06T19:00:21.210-0300] {logging_mixin.py:151} INFO - [2024-10-06T19:00:21.210-0300] {dag.py:2941} INFO - Sync 1 DAGs
[2024-10-06T19:00:21.236-0300] {logging_mixin.py:151} INFO - [2024-10-06T19:00:21.235-0300] {dag.py:3722} INFO - Setting next_dagrun for patient_info to 2024-10-06T00:00:00+00:00, run_after=2024-10-07T00:00:00+00:00
[2024-10-06T19:00:21.276-0300] {processor.py:179} INFO - Processing /home/diego/Escritorio/NOVA-BI/airflow/dags/stg_patient_info.py took 0.117 seconds
[2024-10-06T19:00:31.351-0300] {processor.py:157} INFO - Started process (PID=35394) to work on /home/diego/Escritorio/NOVA-BI/airflow/dags/stg_patient_info.py
[2024-10-06T19:00:31.361-0300] {processor.py:829} INFO - Processing file /home/diego/Escritorio/NOVA-BI/airflow/dags/stg_patient_info.py for tasks to queue
[2024-10-06T19:00:31.365-0300] {logging_mixin.py:151} INFO - [2024-10-06T19:00:31.365-0300] {dagbag.py:536} INFO - Filling up the DagBag from /home/diego/Escritorio/NOVA-BI/airflow/dags/stg_patient_info.py
[2024-10-06T19:00:31.382-0300] {processor.py:839} INFO - DAG(s) dict_keys(['patient_info']) retrieved from /home/diego/Escritorio/NOVA-BI/airflow/dags/stg_patient_info.py
[2024-10-06T19:00:31.490-0300] {logging_mixin.py:151} INFO - [2024-10-06T19:00:31.489-0300] {dag.py:2941} INFO - Sync 1 DAGs
[2024-10-06T19:00:31.518-0300] {logging_mixin.py:151} INFO - [2024-10-06T19:00:31.518-0300] {dag.py:3722} INFO - Setting next_dagrun for patient_info to 2024-10-06T00:00:00+00:00, run_after=2024-10-07T00:00:00+00:00
[2024-10-06T19:00:31.546-0300] {processor.py:179} INFO - Processing /home/diego/Escritorio/NOVA-BI/airflow/dags/stg_patient_info.py took 0.200 seconds
[2024-10-06T19:01:01.581-0300] {processor.py:157} INFO - Started process (PID=36017) to work on /home/diego/Escritorio/NOVA-BI/airflow/dags/stg_patient_info.py
[2024-10-06T19:01:01.583-0300] {processor.py:829} INFO - Processing file /home/diego/Escritorio/NOVA-BI/airflow/dags/stg_patient_info.py for tasks to queue
[2024-10-06T19:01:01.587-0300] {logging_mixin.py:151} INFO - [2024-10-06T19:01:01.587-0300] {dagbag.py:536} INFO - Filling up the DagBag from /home/diego/Escritorio/NOVA-BI/airflow/dags/stg_patient_info.py
[2024-10-06T19:01:01.597-0300] {processor.py:839} INFO - DAG(s) dict_keys(['patient_info']) retrieved from /home/diego/Escritorio/NOVA-BI/airflow/dags/stg_patient_info.py
[2024-10-06T19:01:01.630-0300] {logging_mixin.py:151} INFO - [2024-10-06T19:01:01.630-0300] {dag.py:2941} INFO - Sync 1 DAGs
[2024-10-06T19:01:01.655-0300] {logging_mixin.py:151} INFO - [2024-10-06T19:01:01.655-0300] {dag.py:3722} INFO - Setting next_dagrun for patient_info to 2024-10-06T00:00:00+00:00, run_after=2024-10-07T00:00:00+00:00
[2024-10-06T19:01:01.675-0300] {processor.py:179} INFO - Processing /home/diego/Escritorio/NOVA-BI/airflow/dags/stg_patient_info.py took 0.100 seconds
[2024-10-06T19:01:31.844-0300] {processor.py:157} INFO - Started process (PID=36226) to work on /home/diego/Escritorio/NOVA-BI/airflow/dags/stg_patient_info.py
[2024-10-06T19:01:31.857-0300] {processor.py:829} INFO - Processing file /home/diego/Escritorio/NOVA-BI/airflow/dags/stg_patient_info.py for tasks to queue
[2024-10-06T19:01:31.860-0300] {logging_mixin.py:151} INFO - [2024-10-06T19:01:31.859-0300] {dagbag.py:536} INFO - Filling up the DagBag from /home/diego/Escritorio/NOVA-BI/airflow/dags/stg_patient_info.py
[2024-10-06T19:01:31.871-0300] {processor.py:839} INFO - DAG(s) dict_keys(['patient_info']) retrieved from /home/diego/Escritorio/NOVA-BI/airflow/dags/stg_patient_info.py
[2024-10-06T19:01:31.898-0300] {logging_mixin.py:151} INFO - [2024-10-06T19:01:31.898-0300] {dag.py:2941} INFO - Sync 1 DAGs
[2024-10-06T19:01:31.921-0300] {logging_mixin.py:151} INFO - [2024-10-06T19:01:31.921-0300] {dag.py:3722} INFO - Setting next_dagrun for patient_info to 2024-10-06T00:00:00+00:00, run_after=2024-10-07T00:00:00+00:00
[2024-10-06T19:01:31.939-0300] {processor.py:179} INFO - Processing /home/diego/Escritorio/NOVA-BI/airflow/dags/stg_patient_info.py took 0.100 seconds
[2024-10-06T19:02:02.114-0300] {processor.py:157} INFO - Started process (PID=36545) to work on /home/diego/Escritorio/NOVA-BI/airflow/dags/stg_patient_info.py
[2024-10-06T19:02:02.115-0300] {processor.py:829} INFO - Processing file /home/diego/Escritorio/NOVA-BI/airflow/dags/stg_patient_info.py for tasks to queue
[2024-10-06T19:02:02.119-0300] {logging_mixin.py:151} INFO - [2024-10-06T19:02:02.118-0300] {dagbag.py:536} INFO - Filling up the DagBag from /home/diego/Escritorio/NOVA-BI/airflow/dags/stg_patient_info.py
[2024-10-06T19:02:02.129-0300] {processor.py:839} INFO - DAG(s) dict_keys(['patient_info']) retrieved from /home/diego/Escritorio/NOVA-BI/airflow/dags/stg_patient_info.py
[2024-10-06T19:02:02.163-0300] {logging_mixin.py:151} INFO - [2024-10-06T19:02:02.163-0300] {dag.py:2941} INFO - Sync 1 DAGs
[2024-10-06T19:02:02.188-0300] {logging_mixin.py:151} INFO - [2024-10-06T19:02:02.187-0300] {dag.py:3722} INFO - Setting next_dagrun for patient_info to 2024-10-06T00:00:00+00:00, run_after=2024-10-07T00:00:00+00:00
[2024-10-06T19:02:02.212-0300] {processor.py:179} INFO - Processing /home/diego/Escritorio/NOVA-BI/airflow/dags/stg_patient_info.py took 0.103 seconds
[2024-10-06T19:02:32.381-0300] {processor.py:157} INFO - Started process (PID=36618) to work on /home/diego/Escritorio/NOVA-BI/airflow/dags/stg_patient_info.py
[2024-10-06T19:02:32.395-0300] {processor.py:829} INFO - Processing file /home/diego/Escritorio/NOVA-BI/airflow/dags/stg_patient_info.py for tasks to queue
[2024-10-06T19:02:32.399-0300] {logging_mixin.py:151} INFO - [2024-10-06T19:02:32.398-0300] {dagbag.py:536} INFO - Filling up the DagBag from /home/diego/Escritorio/NOVA-BI/airflow/dags/stg_patient_info.py
[2024-10-06T19:02:32.419-0300] {processor.py:839} INFO - DAG(s) dict_keys(['patient_info']) retrieved from /home/diego/Escritorio/NOVA-BI/airflow/dags/stg_patient_info.py
[2024-10-06T19:02:32.453-0300] {logging_mixin.py:151} INFO - [2024-10-06T19:02:32.453-0300] {dag.py:2941} INFO - Sync 1 DAGs
[2024-10-06T19:02:32.479-0300] {logging_mixin.py:151} INFO - [2024-10-06T19:02:32.479-0300] {dag.py:3722} INFO - Setting next_dagrun for patient_info to 2024-10-06T00:00:00+00:00, run_after=2024-10-07T00:00:00+00:00
[2024-10-06T19:02:32.498-0300] {processor.py:179} INFO - Processing /home/diego/Escritorio/NOVA-BI/airflow/dags/stg_patient_info.py took 0.122 seconds
[2024-10-06T19:03:02.669-0300] {processor.py:157} INFO - Started process (PID=37274) to work on /home/diego/Escritorio/NOVA-BI/airflow/dags/stg_patient_info.py
[2024-10-06T19:03:02.670-0300] {processor.py:829} INFO - Processing file /home/diego/Escritorio/NOVA-BI/airflow/dags/stg_patient_info.py for tasks to queue
[2024-10-06T19:03:02.672-0300] {logging_mixin.py:151} INFO - [2024-10-06T19:03:02.672-0300] {dagbag.py:536} INFO - Filling up the DagBag from /home/diego/Escritorio/NOVA-BI/airflow/dags/stg_patient_info.py
[2024-10-06T19:03:02.683-0300] {processor.py:839} INFO - DAG(s) dict_keys(['patient_info']) retrieved from /home/diego/Escritorio/NOVA-BI/airflow/dags/stg_patient_info.py
[2024-10-06T19:03:02.712-0300] {logging_mixin.py:151} INFO - [2024-10-06T19:03:02.712-0300] {dag.py:2941} INFO - Sync 1 DAGs
[2024-10-06T19:03:02.738-0300] {logging_mixin.py:151} INFO - [2024-10-06T19:03:02.737-0300] {dag.py:3722} INFO - Setting next_dagrun for patient_info to 2024-10-06T00:00:00+00:00, run_after=2024-10-07T00:00:00+00:00
[2024-10-06T19:03:02.756-0300] {processor.py:179} INFO - Processing /home/diego/Escritorio/NOVA-BI/airflow/dags/stg_patient_info.py took 0.090 seconds
[2024-10-06T19:03:32.925-0300] {processor.py:157} INFO - Started process (PID=37485) to work on /home/diego/Escritorio/NOVA-BI/airflow/dags/stg_patient_info.py
[2024-10-06T19:03:32.941-0300] {processor.py:829} INFO - Processing file /home/diego/Escritorio/NOVA-BI/airflow/dags/stg_patient_info.py for tasks to queue
[2024-10-06T19:03:32.946-0300] {logging_mixin.py:151} INFO - [2024-10-06T19:03:32.946-0300] {dagbag.py:536} INFO - Filling up the DagBag from /home/diego/Escritorio/NOVA-BI/airflow/dags/stg_patient_info.py
[2024-10-06T19:03:32.963-0300] {processor.py:839} INFO - DAG(s) dict_keys(['patient_info']) retrieved from /home/diego/Escritorio/NOVA-BI/airflow/dags/stg_patient_info.py
[2024-10-06T19:03:32.997-0300] {logging_mixin.py:151} INFO - [2024-10-06T19:03:32.997-0300] {dag.py:2941} INFO - Sync 1 DAGs
[2024-10-06T19:03:33.019-0300] {logging_mixin.py:151} INFO - [2024-10-06T19:03:33.019-0300] {dag.py:3722} INFO - Setting next_dagrun for patient_info to 2024-10-06T00:00:00+00:00, run_after=2024-10-07T00:00:00+00:00
[2024-10-06T19:03:33.038-0300] {processor.py:179} INFO - Processing /home/diego/Escritorio/NOVA-BI/airflow/dags/stg_patient_info.py took 0.118 seconds
[2024-10-06T19:04:03.210-0300] {processor.py:157} INFO - Started process (PID=37767) to work on /home/diego/Escritorio/NOVA-BI/airflow/dags/stg_patient_info.py
[2024-10-06T19:04:03.210-0300] {processor.py:829} INFO - Processing file /home/diego/Escritorio/NOVA-BI/airflow/dags/stg_patient_info.py for tasks to queue
[2024-10-06T19:04:03.213-0300] {logging_mixin.py:151} INFO - [2024-10-06T19:04:03.213-0300] {dagbag.py:536} INFO - Filling up the DagBag from /home/diego/Escritorio/NOVA-BI/airflow/dags/stg_patient_info.py
[2024-10-06T19:04:03.224-0300] {processor.py:839} INFO - DAG(s) dict_keys(['patient_info']) retrieved from /home/diego/Escritorio/NOVA-BI/airflow/dags/stg_patient_info.py
[2024-10-06T19:04:03.258-0300] {logging_mixin.py:151} INFO - [2024-10-06T19:04:03.258-0300] {dag.py:2941} INFO - Sync 1 DAGs
[2024-10-06T19:04:03.283-0300] {logging_mixin.py:151} INFO - [2024-10-06T19:04:03.283-0300] {dag.py:3722} INFO - Setting next_dagrun for patient_info to 2024-10-06T00:00:00+00:00, run_after=2024-10-07T00:00:00+00:00
[2024-10-06T19:04:03.313-0300] {processor.py:179} INFO - Processing /home/diego/Escritorio/NOVA-BI/airflow/dags/stg_patient_info.py took 0.107 seconds
[2024-10-06T19:04:24.439-0300] {processor.py:157} INFO - Started process (PID=37795) to work on /home/diego/Escritorio/NOVA-BI/airflow/dags/stg_patient_info.py
[2024-10-06T19:04:24.443-0300] {processor.py:829} INFO - Processing file /home/diego/Escritorio/NOVA-BI/airflow/dags/stg_patient_info.py for tasks to queue
[2024-10-06T19:04:24.447-0300] {logging_mixin.py:151} INFO - [2024-10-06T19:04:24.446-0300] {dagbag.py:536} INFO - Filling up the DagBag from /home/diego/Escritorio/NOVA-BI/airflow/dags/stg_patient_info.py
[2024-10-06T19:04:24.450-0300] {logging_mixin.py:151} INFO - [2024-10-06T19:04:24.449-0300] {dagbag.py:346} ERROR - Failed to import: /home/diego/Escritorio/NOVA-BI/airflow/dags/stg_patient_info.py
Traceback (most recent call last):
  File "/home/diego/.local/lib/python3.10/site-packages/airflow/models/dagbag.py", line 342, in parse
    loader.exec_module(new_module)
  File "<frozen importlib._bootstrap_external>", line 879, in exec_module
  File "<frozen importlib._bootstrap_external>", line 1017, in get_code
  File "<frozen importlib._bootstrap_external>", line 947, in source_to_code
  File "<frozen importlib._bootstrap>", line 241, in _call_with_frames_removed
  File "/home/diego/Escritorio/NOVA-BI/airflow/dags/stg_patient_info.py", line 28
    bash_command='spark-shell -i /home/diego/Escritorio/NOVA-BI/scala/bluelitycs_to_df_to_db_complete.scala'',
                                                                                                            ^
SyntaxError: unterminated string literal (detected at line 28)
[2024-10-06T19:04:24.450-0300] {processor.py:841} WARNING - No viable dags retrieved from /home/diego/Escritorio/NOVA-BI/airflow/dags/stg_patient_info.py
[2024-10-06T19:04:24.476-0300] {processor.py:179} INFO - Processing /home/diego/Escritorio/NOVA-BI/airflow/dags/stg_patient_info.py took 0.041 seconds
[2024-10-06T19:04:26.495-0300] {processor.py:157} INFO - Started process (PID=37802) to work on /home/diego/Escritorio/NOVA-BI/airflow/dags/stg_patient_info.py
[2024-10-06T19:04:26.496-0300] {processor.py:829} INFO - Processing file /home/diego/Escritorio/NOVA-BI/airflow/dags/stg_patient_info.py for tasks to queue
[2024-10-06T19:04:26.500-0300] {logging_mixin.py:151} INFO - [2024-10-06T19:04:26.499-0300] {dagbag.py:536} INFO - Filling up the DagBag from /home/diego/Escritorio/NOVA-BI/airflow/dags/stg_patient_info.py
[2024-10-06T19:04:26.513-0300] {processor.py:839} INFO - DAG(s) dict_keys(['patient_info']) retrieved from /home/diego/Escritorio/NOVA-BI/airflow/dags/stg_patient_info.py
[2024-10-06T19:04:26.628-0300] {logging_mixin.py:151} INFO - [2024-10-06T19:04:26.627-0300] {dag.py:2941} INFO - Sync 1 DAGs
[2024-10-06T19:04:26.657-0300] {logging_mixin.py:151} INFO - [2024-10-06T19:04:26.657-0300] {dag.py:3722} INFO - Setting next_dagrun for patient_info to 2024-10-06T00:00:00+00:00, run_after=2024-10-07T00:00:00+00:00
[2024-10-06T19:04:26.683-0300] {processor.py:179} INFO - Processing /home/diego/Escritorio/NOVA-BI/airflow/dags/stg_patient_info.py took 0.192 seconds
[2024-10-06T19:04:56.886-0300] {processor.py:157} INFO - Started process (PID=38364) to work on /home/diego/Escritorio/NOVA-BI/airflow/dags/stg_patient_info.py
[2024-10-06T19:04:56.887-0300] {processor.py:829} INFO - Processing file /home/diego/Escritorio/NOVA-BI/airflow/dags/stg_patient_info.py for tasks to queue
[2024-10-06T19:04:56.891-0300] {logging_mixin.py:151} INFO - [2024-10-06T19:04:56.891-0300] {dagbag.py:536} INFO - Filling up the DagBag from /home/diego/Escritorio/NOVA-BI/airflow/dags/stg_patient_info.py
[2024-10-06T19:04:56.909-0300] {processor.py:839} INFO - DAG(s) dict_keys(['patient_info']) retrieved from /home/diego/Escritorio/NOVA-BI/airflow/dags/stg_patient_info.py
[2024-10-06T19:04:56.941-0300] {logging_mixin.py:151} INFO - [2024-10-06T19:04:56.940-0300] {dag.py:2941} INFO - Sync 1 DAGs
[2024-10-06T19:04:56.970-0300] {logging_mixin.py:151} INFO - [2024-10-06T19:04:56.970-0300] {dag.py:3722} INFO - Setting next_dagrun for patient_info to 2024-10-06T00:00:00+00:00, run_after=2024-10-07T00:00:00+00:00
[2024-10-06T19:04:56.994-0300] {processor.py:179} INFO - Processing /home/diego/Escritorio/NOVA-BI/airflow/dags/stg_patient_info.py took 0.111 seconds
[2024-10-06T19:05:27.176-0300] {processor.py:157} INFO - Started process (PID=38635) to work on /home/diego/Escritorio/NOVA-BI/airflow/dags/stg_patient_info.py
[2024-10-06T19:05:27.178-0300] {processor.py:829} INFO - Processing file /home/diego/Escritorio/NOVA-BI/airflow/dags/stg_patient_info.py for tasks to queue
[2024-10-06T19:05:27.182-0300] {logging_mixin.py:151} INFO - [2024-10-06T19:05:27.181-0300] {dagbag.py:536} INFO - Filling up the DagBag from /home/diego/Escritorio/NOVA-BI/airflow/dags/stg_patient_info.py
[2024-10-06T19:05:27.194-0300] {processor.py:839} INFO - DAG(s) dict_keys(['patient_info']) retrieved from /home/diego/Escritorio/NOVA-BI/airflow/dags/stg_patient_info.py
[2024-10-06T19:05:27.221-0300] {logging_mixin.py:151} INFO - [2024-10-06T19:05:27.221-0300] {dag.py:2941} INFO - Sync 1 DAGs
[2024-10-06T19:05:27.249-0300] {logging_mixin.py:151} INFO - [2024-10-06T19:05:27.249-0300] {dag.py:3722} INFO - Setting next_dagrun for patient_info to 2024-10-06T00:00:00+00:00, run_after=2024-10-07T00:00:00+00:00
[2024-10-06T19:05:27.269-0300] {processor.py:179} INFO - Processing /home/diego/Escritorio/NOVA-BI/airflow/dags/stg_patient_info.py took 0.097 seconds
[2024-10-06T19:05:57.424-0300] {processor.py:157} INFO - Started process (PID=39196) to work on /home/diego/Escritorio/NOVA-BI/airflow/dags/stg_patient_info.py
[2024-10-06T19:05:57.426-0300] {processor.py:829} INFO - Processing file /home/diego/Escritorio/NOVA-BI/airflow/dags/stg_patient_info.py for tasks to queue
[2024-10-06T19:05:57.429-0300] {logging_mixin.py:151} INFO - [2024-10-06T19:05:57.428-0300] {dagbag.py:536} INFO - Filling up the DagBag from /home/diego/Escritorio/NOVA-BI/airflow/dags/stg_patient_info.py
[2024-10-06T19:05:57.442-0300] {processor.py:839} INFO - DAG(s) dict_keys(['patient_info']) retrieved from /home/diego/Escritorio/NOVA-BI/airflow/dags/stg_patient_info.py
[2024-10-06T19:05:57.482-0300] {logging_mixin.py:151} INFO - [2024-10-06T19:05:57.481-0300] {dag.py:2941} INFO - Sync 1 DAGs
[2024-10-06T19:05:57.511-0300] {logging_mixin.py:151} INFO - [2024-10-06T19:05:57.510-0300] {dag.py:3722} INFO - Setting next_dagrun for patient_info to 2024-10-06T00:00:00+00:00, run_after=2024-10-07T00:00:00+00:00
[2024-10-06T19:05:57.544-0300] {processor.py:179} INFO - Processing /home/diego/Escritorio/NOVA-BI/airflow/dags/stg_patient_info.py took 0.124 seconds
[2024-10-06T19:06:27.646-0300] {processor.py:157} INFO - Started process (PID=39914) to work on /home/diego/Escritorio/NOVA-BI/airflow/dags/stg_patient_info.py
[2024-10-06T19:06:27.646-0300] {processor.py:829} INFO - Processing file /home/diego/Escritorio/NOVA-BI/airflow/dags/stg_patient_info.py for tasks to queue
[2024-10-06T19:06:27.649-0300] {logging_mixin.py:151} INFO - [2024-10-06T19:06:27.649-0300] {dagbag.py:536} INFO - Filling up the DagBag from /home/diego/Escritorio/NOVA-BI/airflow/dags/stg_patient_info.py
[2024-10-06T19:06:27.663-0300] {processor.py:839} INFO - DAG(s) dict_keys(['patient_info']) retrieved from /home/diego/Escritorio/NOVA-BI/airflow/dags/stg_patient_info.py
[2024-10-06T19:06:27.707-0300] {logging_mixin.py:151} INFO - [2024-10-06T19:06:27.706-0300] {dag.py:2941} INFO - Sync 1 DAGs
[2024-10-06T19:06:27.750-0300] {logging_mixin.py:151} INFO - [2024-10-06T19:06:27.750-0300] {dag.py:3722} INFO - Setting next_dagrun for patient_info to 2024-10-06T00:00:00+00:00, run_after=2024-10-07T00:00:00+00:00
[2024-10-06T19:06:27.777-0300] {processor.py:179} INFO - Processing /home/diego/Escritorio/NOVA-BI/airflow/dags/stg_patient_info.py took 0.134 seconds
[2024-10-06T19:06:57.935-0300] {processor.py:157} INFO - Started process (PID=40456) to work on /home/diego/Escritorio/NOVA-BI/airflow/dags/stg_patient_info.py
[2024-10-06T19:06:57.947-0300] {processor.py:829} INFO - Processing file /home/diego/Escritorio/NOVA-BI/airflow/dags/stg_patient_info.py for tasks to queue
[2024-10-06T19:06:57.949-0300] {logging_mixin.py:151} INFO - [2024-10-06T19:06:57.949-0300] {dagbag.py:536} INFO - Filling up the DagBag from /home/diego/Escritorio/NOVA-BI/airflow/dags/stg_patient_info.py
[2024-10-06T19:06:57.961-0300] {processor.py:839} INFO - DAG(s) dict_keys(['patient_info']) retrieved from /home/diego/Escritorio/NOVA-BI/airflow/dags/stg_patient_info.py
[2024-10-06T19:06:57.993-0300] {logging_mixin.py:151} INFO - [2024-10-06T19:06:57.993-0300] {dag.py:2941} INFO - Sync 1 DAGs
[2024-10-06T19:06:58.023-0300] {logging_mixin.py:151} INFO - [2024-10-06T19:06:58.022-0300] {dag.py:3722} INFO - Setting next_dagrun for patient_info to 2024-10-06T00:00:00+00:00, run_after=2024-10-07T00:00:00+00:00
[2024-10-06T19:06:58.057-0300] {processor.py:179} INFO - Processing /home/diego/Escritorio/NOVA-BI/airflow/dags/stg_patient_info.py took 0.126 seconds
[2024-10-06T19:07:28.216-0300] {processor.py:157} INFO - Started process (PID=40518) to work on /home/diego/Escritorio/NOVA-BI/airflow/dags/stg_patient_info.py
[2024-10-06T19:07:28.217-0300] {processor.py:829} INFO - Processing file /home/diego/Escritorio/NOVA-BI/airflow/dags/stg_patient_info.py for tasks to queue
[2024-10-06T19:07:28.220-0300] {logging_mixin.py:151} INFO - [2024-10-06T19:07:28.219-0300] {dagbag.py:536} INFO - Filling up the DagBag from /home/diego/Escritorio/NOVA-BI/airflow/dags/stg_patient_info.py
[2024-10-06T19:07:28.231-0300] {processor.py:839} INFO - DAG(s) dict_keys(['patient_info']) retrieved from /home/diego/Escritorio/NOVA-BI/airflow/dags/stg_patient_info.py
[2024-10-06T19:07:28.265-0300] {logging_mixin.py:151} INFO - [2024-10-06T19:07:28.264-0300] {dag.py:2941} INFO - Sync 1 DAGs
[2024-10-06T19:07:28.294-0300] {logging_mixin.py:151} INFO - [2024-10-06T19:07:28.293-0300] {dag.py:3722} INFO - Setting next_dagrun for patient_info to 2024-10-06T00:00:00+00:00, run_after=2024-10-07T00:00:00+00:00
[2024-10-06T19:07:28.311-0300] {processor.py:179} INFO - Processing /home/diego/Escritorio/NOVA-BI/airflow/dags/stg_patient_info.py took 0.099 seconds
[2024-10-06T19:07:58.468-0300] {processor.py:157} INFO - Started process (PID=40972) to work on /home/diego/Escritorio/NOVA-BI/airflow/dags/stg_patient_info.py
[2024-10-06T19:07:58.468-0300] {processor.py:829} INFO - Processing file /home/diego/Escritorio/NOVA-BI/airflow/dags/stg_patient_info.py for tasks to queue
[2024-10-06T19:07:58.471-0300] {logging_mixin.py:151} INFO - [2024-10-06T19:07:58.470-0300] {dagbag.py:536} INFO - Filling up the DagBag from /home/diego/Escritorio/NOVA-BI/airflow/dags/stg_patient_info.py
[2024-10-06T19:07:58.483-0300] {processor.py:839} INFO - DAG(s) dict_keys(['patient_info']) retrieved from /home/diego/Escritorio/NOVA-BI/airflow/dags/stg_patient_info.py
[2024-10-06T19:07:58.536-0300] {logging_mixin.py:151} INFO - [2024-10-06T19:07:58.536-0300] {dag.py:2941} INFO - Sync 1 DAGs
[2024-10-06T19:07:58.575-0300] {logging_mixin.py:151} INFO - [2024-10-06T19:07:58.574-0300] {dag.py:3722} INFO - Setting next_dagrun for patient_info to 2024-10-06T00:00:00+00:00, run_after=2024-10-07T00:00:00+00:00
[2024-10-06T19:07:58.629-0300] {processor.py:179} INFO - Processing /home/diego/Escritorio/NOVA-BI/airflow/dags/stg_patient_info.py took 0.165 seconds
[2024-10-06T19:08:28.708-0300] {processor.py:157} INFO - Started process (PID=41342) to work on /home/diego/Escritorio/NOVA-BI/airflow/dags/stg_patient_info.py
[2024-10-06T19:08:28.728-0300] {processor.py:829} INFO - Processing file /home/diego/Escritorio/NOVA-BI/airflow/dags/stg_patient_info.py for tasks to queue
[2024-10-06T19:08:28.732-0300] {logging_mixin.py:151} INFO - [2024-10-06T19:08:28.731-0300] {dagbag.py:536} INFO - Filling up the DagBag from /home/diego/Escritorio/NOVA-BI/airflow/dags/stg_patient_info.py
[2024-10-06T19:08:28.753-0300] {processor.py:839} INFO - DAG(s) dict_keys(['patient_info']) retrieved from /home/diego/Escritorio/NOVA-BI/airflow/dags/stg_patient_info.py
[2024-10-06T19:08:28.790-0300] {logging_mixin.py:151} INFO - [2024-10-06T19:08:28.789-0300] {dag.py:2941} INFO - Sync 1 DAGs
[2024-10-06T19:08:28.818-0300] {logging_mixin.py:151} INFO - [2024-10-06T19:08:28.817-0300] {dag.py:3722} INFO - Setting next_dagrun for patient_info to 2024-10-06T00:00:00+00:00, run_after=2024-10-07T00:00:00+00:00
[2024-10-06T19:08:28.849-0300] {processor.py:179} INFO - Processing /home/diego/Escritorio/NOVA-BI/airflow/dags/stg_patient_info.py took 0.147 seconds
[2024-10-06T19:08:59.030-0300] {processor.py:157} INFO - Started process (PID=42068) to work on /home/diego/Escritorio/NOVA-BI/airflow/dags/stg_patient_info.py
[2024-10-06T19:08:59.031-0300] {processor.py:829} INFO - Processing file /home/diego/Escritorio/NOVA-BI/airflow/dags/stg_patient_info.py for tasks to queue
[2024-10-06T19:08:59.035-0300] {logging_mixin.py:151} INFO - [2024-10-06T19:08:59.035-0300] {dagbag.py:536} INFO - Filling up the DagBag from /home/diego/Escritorio/NOVA-BI/airflow/dags/stg_patient_info.py
[2024-10-06T19:08:59.059-0300] {processor.py:839} INFO - DAG(s) dict_keys(['patient_info']) retrieved from /home/diego/Escritorio/NOVA-BI/airflow/dags/stg_patient_info.py
[2024-10-06T19:08:59.094-0300] {logging_mixin.py:151} INFO - [2024-10-06T19:08:59.094-0300] {dag.py:2941} INFO - Sync 1 DAGs
[2024-10-06T19:08:59.172-0300] {logging_mixin.py:151} INFO - [2024-10-06T19:08:59.172-0300] {dag.py:3722} INFO - Setting next_dagrun for patient_info to 2024-10-06T00:00:00+00:00, run_after=2024-10-07T00:00:00+00:00
[2024-10-06T19:08:59.197-0300] {processor.py:179} INFO - Processing /home/diego/Escritorio/NOVA-BI/airflow/dags/stg_patient_info.py took 0.173 seconds
[2024-10-06T19:09:29.370-0300] {processor.py:157} INFO - Started process (PID=42402) to work on /home/diego/Escritorio/NOVA-BI/airflow/dags/stg_patient_info.py
[2024-10-06T19:09:29.441-0300] {processor.py:829} INFO - Processing file /home/diego/Escritorio/NOVA-BI/airflow/dags/stg_patient_info.py for tasks to queue
[2024-10-06T19:09:29.446-0300] {logging_mixin.py:151} INFO - [2024-10-06T19:09:29.445-0300] {dagbag.py:536} INFO - Filling up the DagBag from /home/diego/Escritorio/NOVA-BI/airflow/dags/stg_patient_info.py
[2024-10-06T19:09:29.457-0300] {processor.py:839} INFO - DAG(s) dict_keys(['patient_info']) retrieved from /home/diego/Escritorio/NOVA-BI/airflow/dags/stg_patient_info.py
[2024-10-06T19:09:29.496-0300] {logging_mixin.py:151} INFO - [2024-10-06T19:09:29.496-0300] {dag.py:2941} INFO - Sync 1 DAGs
[2024-10-06T19:09:29.525-0300] {logging_mixin.py:151} INFO - [2024-10-06T19:09:29.525-0300] {dag.py:3722} INFO - Setting next_dagrun for patient_info to 2024-10-06T00:00:00+00:00, run_after=2024-10-07T00:00:00+00:00
[2024-10-06T19:09:29.550-0300] {processor.py:179} INFO - Processing /home/diego/Escritorio/NOVA-BI/airflow/dags/stg_patient_info.py took 0.185 seconds
[2024-10-06T19:09:59.680-0300] {processor.py:157} INFO - Started process (PID=42921) to work on /home/diego/Escritorio/NOVA-BI/airflow/dags/stg_patient_info.py
[2024-10-06T19:09:59.684-0300] {processor.py:829} INFO - Processing file /home/diego/Escritorio/NOVA-BI/airflow/dags/stg_patient_info.py for tasks to queue
[2024-10-06T19:09:59.686-0300] {logging_mixin.py:151} INFO - [2024-10-06T19:09:59.685-0300] {dagbag.py:536} INFO - Filling up the DagBag from /home/diego/Escritorio/NOVA-BI/airflow/dags/stg_patient_info.py
[2024-10-06T19:09:59.703-0300] {processor.py:839} INFO - DAG(s) dict_keys(['patient_info']) retrieved from /home/diego/Escritorio/NOVA-BI/airflow/dags/stg_patient_info.py
[2024-10-06T19:09:59.737-0300] {logging_mixin.py:151} INFO - [2024-10-06T19:09:59.737-0300] {dag.py:2941} INFO - Sync 1 DAGs
[2024-10-06T19:09:59.765-0300] {logging_mixin.py:151} INFO - [2024-10-06T19:09:59.764-0300] {dag.py:3722} INFO - Setting next_dagrun for patient_info to 2024-10-06T00:00:00+00:00, run_after=2024-10-07T00:00:00+00:00
[2024-10-06T19:09:59.787-0300] {processor.py:179} INFO - Processing /home/diego/Escritorio/NOVA-BI/airflow/dags/stg_patient_info.py took 0.110 seconds
[2024-10-06T19:10:29.860-0300] {processor.py:157} INFO - Started process (PID=42991) to work on /home/diego/Escritorio/NOVA-BI/airflow/dags/stg_patient_info.py
[2024-10-06T19:10:29.860-0300] {processor.py:829} INFO - Processing file /home/diego/Escritorio/NOVA-BI/airflow/dags/stg_patient_info.py for tasks to queue
[2024-10-06T19:10:29.863-0300] {logging_mixin.py:151} INFO - [2024-10-06T19:10:29.862-0300] {dagbag.py:536} INFO - Filling up the DagBag from /home/diego/Escritorio/NOVA-BI/airflow/dags/stg_patient_info.py
[2024-10-06T19:10:29.874-0300] {processor.py:839} INFO - DAG(s) dict_keys(['patient_info']) retrieved from /home/diego/Escritorio/NOVA-BI/airflow/dags/stg_patient_info.py
[2024-10-06T19:10:29.905-0300] {logging_mixin.py:151} INFO - [2024-10-06T19:10:29.905-0300] {dag.py:2941} INFO - Sync 1 DAGs
[2024-10-06T19:10:29.933-0300] {logging_mixin.py:151} INFO - [2024-10-06T19:10:29.933-0300] {dag.py:3722} INFO - Setting next_dagrun for patient_info to 2024-10-06T00:00:00+00:00, run_after=2024-10-07T00:00:00+00:00
[2024-10-06T19:10:29.960-0300] {processor.py:179} INFO - Processing /home/diego/Escritorio/NOVA-BI/airflow/dags/stg_patient_info.py took 0.104 seconds
[2024-10-06T19:11:00.125-0300] {processor.py:157} INFO - Started process (PID=43419) to work on /home/diego/Escritorio/NOVA-BI/airflow/dags/stg_patient_info.py
[2024-10-06T19:11:00.132-0300] {processor.py:829} INFO - Processing file /home/diego/Escritorio/NOVA-BI/airflow/dags/stg_patient_info.py for tasks to queue
[2024-10-06T19:11:00.135-0300] {logging_mixin.py:151} INFO - [2024-10-06T19:11:00.135-0300] {dagbag.py:536} INFO - Filling up the DagBag from /home/diego/Escritorio/NOVA-BI/airflow/dags/stg_patient_info.py
[2024-10-06T19:11:00.146-0300] {processor.py:839} INFO - DAG(s) dict_keys(['patient_info']) retrieved from /home/diego/Escritorio/NOVA-BI/airflow/dags/stg_patient_info.py
[2024-10-06T19:11:00.187-0300] {logging_mixin.py:151} INFO - [2024-10-06T19:11:00.187-0300] {dag.py:2941} INFO - Sync 1 DAGs
[2024-10-06T19:11:00.214-0300] {logging_mixin.py:151} INFO - [2024-10-06T19:11:00.214-0300] {dag.py:3722} INFO - Setting next_dagrun for patient_info to 2024-10-06T00:00:00+00:00, run_after=2024-10-07T00:00:00+00:00
[2024-10-06T19:11:00.235-0300] {processor.py:179} INFO - Processing /home/diego/Escritorio/NOVA-BI/airflow/dags/stg_patient_info.py took 0.112 seconds
[2024-10-06T19:11:30.400-0300] {processor.py:157} INFO - Started process (PID=43501) to work on /home/diego/Escritorio/NOVA-BI/airflow/dags/stg_patient_info.py
[2024-10-06T19:11:30.400-0300] {processor.py:829} INFO - Processing file /home/diego/Escritorio/NOVA-BI/airflow/dags/stg_patient_info.py for tasks to queue
[2024-10-06T19:11:30.404-0300] {logging_mixin.py:151} INFO - [2024-10-06T19:11:30.403-0300] {dagbag.py:536} INFO - Filling up the DagBag from /home/diego/Escritorio/NOVA-BI/airflow/dags/stg_patient_info.py
[2024-10-06T19:11:30.416-0300] {processor.py:839} INFO - DAG(s) dict_keys(['patient_info']) retrieved from /home/diego/Escritorio/NOVA-BI/airflow/dags/stg_patient_info.py
[2024-10-06T19:11:30.450-0300] {logging_mixin.py:151} INFO - [2024-10-06T19:11:30.450-0300] {dag.py:2941} INFO - Sync 1 DAGs
[2024-10-06T19:11:30.477-0300] {logging_mixin.py:151} INFO - [2024-10-06T19:11:30.477-0300] {dag.py:3722} INFO - Setting next_dagrun for patient_info to 2024-10-06T00:00:00+00:00, run_after=2024-10-07T00:00:00+00:00
[2024-10-06T19:11:30.500-0300] {processor.py:179} INFO - Processing /home/diego/Escritorio/NOVA-BI/airflow/dags/stg_patient_info.py took 0.106 seconds
[2024-10-06T19:12:00.676-0300] {processor.py:157} INFO - Started process (PID=43934) to work on /home/diego/Escritorio/NOVA-BI/airflow/dags/stg_patient_info.py
[2024-10-06T19:12:00.684-0300] {processor.py:829} INFO - Processing file /home/diego/Escritorio/NOVA-BI/airflow/dags/stg_patient_info.py for tasks to queue
[2024-10-06T19:12:00.689-0300] {logging_mixin.py:151} INFO - [2024-10-06T19:12:00.688-0300] {dagbag.py:536} INFO - Filling up the DagBag from /home/diego/Escritorio/NOVA-BI/airflow/dags/stg_patient_info.py
[2024-10-06T19:12:00.704-0300] {processor.py:839} INFO - DAG(s) dict_keys(['patient_info']) retrieved from /home/diego/Escritorio/NOVA-BI/airflow/dags/stg_patient_info.py
[2024-10-06T19:12:00.738-0300] {logging_mixin.py:151} INFO - [2024-10-06T19:12:00.738-0300] {dag.py:2941} INFO - Sync 1 DAGs
[2024-10-06T19:12:00.763-0300] {logging_mixin.py:151} INFO - [2024-10-06T19:12:00.763-0300] {dag.py:3722} INFO - Setting next_dagrun for patient_info to 2024-10-06T00:00:00+00:00, run_after=2024-10-07T00:00:00+00:00
[2024-10-06T19:12:00.783-0300] {processor.py:179} INFO - Processing /home/diego/Escritorio/NOVA-BI/airflow/dags/stg_patient_info.py took 0.113 seconds
[2024-10-06T19:12:30.951-0300] {processor.py:157} INFO - Started process (PID=44129) to work on /home/diego/Escritorio/NOVA-BI/airflow/dags/stg_patient_info.py
[2024-10-06T19:12:30.952-0300] {processor.py:829} INFO - Processing file /home/diego/Escritorio/NOVA-BI/airflow/dags/stg_patient_info.py for tasks to queue
[2024-10-06T19:12:30.956-0300] {logging_mixin.py:151} INFO - [2024-10-06T19:12:30.955-0300] {dagbag.py:536} INFO - Filling up the DagBag from /home/diego/Escritorio/NOVA-BI/airflow/dags/stg_patient_info.py
[2024-10-06T19:12:30.966-0300] {processor.py:839} INFO - DAG(s) dict_keys(['patient_info']) retrieved from /home/diego/Escritorio/NOVA-BI/airflow/dags/stg_patient_info.py
[2024-10-06T19:12:30.999-0300] {logging_mixin.py:151} INFO - [2024-10-06T19:12:30.999-0300] {dag.py:2941} INFO - Sync 1 DAGs
[2024-10-06T19:12:31.027-0300] {logging_mixin.py:151} INFO - [2024-10-06T19:12:31.027-0300] {dag.py:3722} INFO - Setting next_dagrun for patient_info to 2024-10-06T00:00:00+00:00, run_after=2024-10-07T00:00:00+00:00
[2024-10-06T19:12:31.056-0300] {processor.py:179} INFO - Processing /home/diego/Escritorio/NOVA-BI/airflow/dags/stg_patient_info.py took 0.111 seconds
[2024-10-06T19:13:01.217-0300] {processor.py:157} INFO - Started process (PID=44623) to work on /home/diego/Escritorio/NOVA-BI/airflow/dags/stg_patient_info.py
[2024-10-06T19:13:01.220-0300] {processor.py:829} INFO - Processing file /home/diego/Escritorio/NOVA-BI/airflow/dags/stg_patient_info.py for tasks to queue
[2024-10-06T19:13:01.223-0300] {logging_mixin.py:151} INFO - [2024-10-06T19:13:01.222-0300] {dagbag.py:536} INFO - Filling up the DagBag from /home/diego/Escritorio/NOVA-BI/airflow/dags/stg_patient_info.py
[2024-10-06T19:13:01.233-0300] {processor.py:839} INFO - DAG(s) dict_keys(['patient_info']) retrieved from /home/diego/Escritorio/NOVA-BI/airflow/dags/stg_patient_info.py
[2024-10-06T19:13:01.267-0300] {logging_mixin.py:151} INFO - [2024-10-06T19:13:01.267-0300] {dag.py:2941} INFO - Sync 1 DAGs
[2024-10-06T19:13:01.294-0300] {logging_mixin.py:151} INFO - [2024-10-06T19:13:01.294-0300] {dag.py:3722} INFO - Setting next_dagrun for patient_info to 2024-10-06T00:00:00+00:00, run_after=2024-10-07T00:00:00+00:00
[2024-10-06T19:13:01.315-0300] {processor.py:179} INFO - Processing /home/diego/Escritorio/NOVA-BI/airflow/dags/stg_patient_info.py took 0.101 seconds
[2024-10-06T19:13:31.473-0300] {processor.py:157} INFO - Started process (PID=44706) to work on /home/diego/Escritorio/NOVA-BI/airflow/dags/stg_patient_info.py
[2024-10-06T19:13:31.473-0300] {processor.py:829} INFO - Processing file /home/diego/Escritorio/NOVA-BI/airflow/dags/stg_patient_info.py for tasks to queue
[2024-10-06T19:13:31.476-0300] {logging_mixin.py:151} INFO - [2024-10-06T19:13:31.476-0300] {dagbag.py:536} INFO - Filling up the DagBag from /home/diego/Escritorio/NOVA-BI/airflow/dags/stg_patient_info.py
[2024-10-06T19:13:31.487-0300] {processor.py:839} INFO - DAG(s) dict_keys(['patient_info']) retrieved from /home/diego/Escritorio/NOVA-BI/airflow/dags/stg_patient_info.py
[2024-10-06T19:13:31.517-0300] {logging_mixin.py:151} INFO - [2024-10-06T19:13:31.516-0300] {dag.py:2941} INFO - Sync 1 DAGs
[2024-10-06T19:13:31.548-0300] {logging_mixin.py:151} INFO - [2024-10-06T19:13:31.547-0300] {dag.py:3722} INFO - Setting next_dagrun for patient_info to 2024-10-06T00:00:00+00:00, run_after=2024-10-07T00:00:00+00:00
[2024-10-06T19:13:31.576-0300] {processor.py:179} INFO - Processing /home/diego/Escritorio/NOVA-BI/airflow/dags/stg_patient_info.py took 0.107 seconds
[2024-10-06T19:14:01.749-0300] {processor.py:157} INFO - Started process (PID=45349) to work on /home/diego/Escritorio/NOVA-BI/airflow/dags/stg_patient_info.py
[2024-10-06T19:14:01.750-0300] {processor.py:829} INFO - Processing file /home/diego/Escritorio/NOVA-BI/airflow/dags/stg_patient_info.py for tasks to queue
[2024-10-06T19:14:01.753-0300] {logging_mixin.py:151} INFO - [2024-10-06T19:14:01.753-0300] {dagbag.py:536} INFO - Filling up the DagBag from /home/diego/Escritorio/NOVA-BI/airflow/dags/stg_patient_info.py
[2024-10-06T19:14:01.768-0300] {processor.py:839} INFO - DAG(s) dict_keys(['patient_info']) retrieved from /home/diego/Escritorio/NOVA-BI/airflow/dags/stg_patient_info.py
[2024-10-06T19:14:01.801-0300] {logging_mixin.py:151} INFO - [2024-10-06T19:14:01.801-0300] {dag.py:2941} INFO - Sync 1 DAGs
[2024-10-06T19:14:01.829-0300] {logging_mixin.py:151} INFO - [2024-10-06T19:14:01.828-0300] {dag.py:3722} INFO - Setting next_dagrun for patient_info to 2024-10-06T00:00:00+00:00, run_after=2024-10-07T00:00:00+00:00
[2024-10-06T19:14:01.862-0300] {processor.py:179} INFO - Processing /home/diego/Escritorio/NOVA-BI/airflow/dags/stg_patient_info.py took 0.116 seconds
[2024-10-06T19:14:32.062-0300] {processor.py:157} INFO - Started process (PID=46091) to work on /home/diego/Escritorio/NOVA-BI/airflow/dags/stg_patient_info.py
[2024-10-06T19:14:32.063-0300] {processor.py:829} INFO - Processing file /home/diego/Escritorio/NOVA-BI/airflow/dags/stg_patient_info.py for tasks to queue
[2024-10-06T19:14:32.066-0300] {logging_mixin.py:151} INFO - [2024-10-06T19:14:32.065-0300] {dagbag.py:536} INFO - Filling up the DagBag from /home/diego/Escritorio/NOVA-BI/airflow/dags/stg_patient_info.py
[2024-10-06T19:14:32.088-0300] {processor.py:839} INFO - DAG(s) dict_keys(['patient_info']) retrieved from /home/diego/Escritorio/NOVA-BI/airflow/dags/stg_patient_info.py
[2024-10-06T19:14:32.127-0300] {logging_mixin.py:151} INFO - [2024-10-06T19:14:32.127-0300] {dag.py:2941} INFO - Sync 1 DAGs
[2024-10-06T19:14:32.159-0300] {logging_mixin.py:151} INFO - [2024-10-06T19:14:32.158-0300] {dag.py:3722} INFO - Setting next_dagrun for patient_info to 2024-10-06T00:00:00+00:00, run_after=2024-10-07T00:00:00+00:00
[2024-10-06T19:14:32.180-0300] {processor.py:179} INFO - Processing /home/diego/Escritorio/NOVA-BI/airflow/dags/stg_patient_info.py took 0.122 seconds
[2024-10-06T19:15:02.411-0300] {processor.py:157} INFO - Started process (PID=46851) to work on /home/diego/Escritorio/NOVA-BI/airflow/dags/stg_patient_info.py
[2024-10-06T19:15:02.436-0300] {processor.py:829} INFO - Processing file /home/diego/Escritorio/NOVA-BI/airflow/dags/stg_patient_info.py for tasks to queue
[2024-10-06T19:15:02.440-0300] {logging_mixin.py:151} INFO - [2024-10-06T19:15:02.439-0300] {dagbag.py:536} INFO - Filling up the DagBag from /home/diego/Escritorio/NOVA-BI/airflow/dags/stg_patient_info.py
[2024-10-06T19:15:02.460-0300] {processor.py:839} INFO - DAG(s) dict_keys(['patient_info']) retrieved from /home/diego/Escritorio/NOVA-BI/airflow/dags/stg_patient_info.py
[2024-10-06T19:15:02.500-0300] {logging_mixin.py:151} INFO - [2024-10-06T19:15:02.500-0300] {dag.py:2941} INFO - Sync 1 DAGs
[2024-10-06T19:15:02.524-0300] {logging_mixin.py:151} INFO - [2024-10-06T19:15:02.524-0300] {dag.py:3722} INFO - Setting next_dagrun for patient_info to 2024-10-06T00:00:00+00:00, run_after=2024-10-07T00:00:00+00:00
[2024-10-06T19:15:02.564-0300] {processor.py:179} INFO - Processing /home/diego/Escritorio/NOVA-BI/airflow/dags/stg_patient_info.py took 0.160 seconds
[2024-10-06T19:15:32.748-0300] {processor.py:157} INFO - Started process (PID=47506) to work on /home/diego/Escritorio/NOVA-BI/airflow/dags/stg_patient_info.py
[2024-10-06T19:15:32.755-0300] {processor.py:829} INFO - Processing file /home/diego/Escritorio/NOVA-BI/airflow/dags/stg_patient_info.py for tasks to queue
[2024-10-06T19:15:32.759-0300] {logging_mixin.py:151} INFO - [2024-10-06T19:15:32.758-0300] {dagbag.py:536} INFO - Filling up the DagBag from /home/diego/Escritorio/NOVA-BI/airflow/dags/stg_patient_info.py
[2024-10-06T19:15:32.776-0300] {processor.py:839} INFO - DAG(s) dict_keys(['patient_info']) retrieved from /home/diego/Escritorio/NOVA-BI/airflow/dags/stg_patient_info.py
[2024-10-06T19:15:32.832-0300] {logging_mixin.py:151} INFO - [2024-10-06T19:15:32.832-0300] {dag.py:2941} INFO - Sync 1 DAGs
[2024-10-06T19:15:32.867-0300] {logging_mixin.py:151} INFO - [2024-10-06T19:15:32.866-0300] {dag.py:3722} INFO - Setting next_dagrun for patient_info to 2024-10-06T00:00:00+00:00, run_after=2024-10-07T00:00:00+00:00
[2024-10-06T19:15:32.890-0300] {processor.py:179} INFO - Processing /home/diego/Escritorio/NOVA-BI/airflow/dags/stg_patient_info.py took 0.147 seconds
[2024-10-06T19:16:03.097-0300] {processor.py:157} INFO - Started process (PID=48533) to work on /home/diego/Escritorio/NOVA-BI/airflow/dags/stg_patient_info.py
[2024-10-06T19:16:03.098-0300] {processor.py:829} INFO - Processing file /home/diego/Escritorio/NOVA-BI/airflow/dags/stg_patient_info.py for tasks to queue
[2024-10-06T19:16:03.101-0300] {logging_mixin.py:151} INFO - [2024-10-06T19:16:03.100-0300] {dagbag.py:536} INFO - Filling up the DagBag from /home/diego/Escritorio/NOVA-BI/airflow/dags/stg_patient_info.py
[2024-10-06T19:16:03.114-0300] {processor.py:839} INFO - DAG(s) dict_keys(['patient_info']) retrieved from /home/diego/Escritorio/NOVA-BI/airflow/dags/stg_patient_info.py
[2024-10-06T19:16:03.144-0300] {logging_mixin.py:151} INFO - [2024-10-06T19:16:03.144-0300] {dag.py:2941} INFO - Sync 1 DAGs
[2024-10-06T19:16:03.171-0300] {logging_mixin.py:151} INFO - [2024-10-06T19:16:03.171-0300] {dag.py:3722} INFO - Setting next_dagrun for patient_info to 2024-10-06T00:00:00+00:00, run_after=2024-10-07T00:00:00+00:00
[2024-10-06T19:16:03.302-0300] {processor.py:179} INFO - Processing /home/diego/Escritorio/NOVA-BI/airflow/dags/stg_patient_info.py took 0.208 seconds
[2024-10-06T19:16:33.467-0300] {processor.py:157} INFO - Started process (PID=48733) to work on /home/diego/Escritorio/NOVA-BI/airflow/dags/stg_patient_info.py
[2024-10-06T19:16:33.467-0300] {processor.py:829} INFO - Processing file /home/diego/Escritorio/NOVA-BI/airflow/dags/stg_patient_info.py for tasks to queue
[2024-10-06T19:16:33.470-0300] {logging_mixin.py:151} INFO - [2024-10-06T19:16:33.470-0300] {dagbag.py:536} INFO - Filling up the DagBag from /home/diego/Escritorio/NOVA-BI/airflow/dags/stg_patient_info.py
[2024-10-06T19:16:33.480-0300] {processor.py:839} INFO - DAG(s) dict_keys(['patient_info']) retrieved from /home/diego/Escritorio/NOVA-BI/airflow/dags/stg_patient_info.py
[2024-10-06T19:16:33.512-0300] {logging_mixin.py:151} INFO - [2024-10-06T19:16:33.512-0300] {dag.py:2941} INFO - Sync 1 DAGs
[2024-10-06T19:16:33.535-0300] {logging_mixin.py:151} INFO - [2024-10-06T19:16:33.535-0300] {dag.py:3722} INFO - Setting next_dagrun for patient_info to 2024-10-06T00:00:00+00:00, run_after=2024-10-07T00:00:00+00:00
[2024-10-06T19:16:33.559-0300] {processor.py:179} INFO - Processing /home/diego/Escritorio/NOVA-BI/airflow/dags/stg_patient_info.py took 0.096 seconds
[2024-10-06T19:17:03.721-0300] {processor.py:157} INFO - Started process (PID=49195) to work on /home/diego/Escritorio/NOVA-BI/airflow/dags/stg_patient_info.py
[2024-10-06T19:17:03.728-0300] {processor.py:829} INFO - Processing file /home/diego/Escritorio/NOVA-BI/airflow/dags/stg_patient_info.py for tasks to queue
[2024-10-06T19:17:03.732-0300] {logging_mixin.py:151} INFO - [2024-10-06T19:17:03.731-0300] {dagbag.py:536} INFO - Filling up the DagBag from /home/diego/Escritorio/NOVA-BI/airflow/dags/stg_patient_info.py
[2024-10-06T19:17:03.748-0300] {processor.py:839} INFO - DAG(s) dict_keys(['patient_info']) retrieved from /home/diego/Escritorio/NOVA-BI/airflow/dags/stg_patient_info.py
[2024-10-06T19:17:03.779-0300] {logging_mixin.py:151} INFO - [2024-10-06T19:17:03.778-0300] {dag.py:2941} INFO - Sync 1 DAGs
[2024-10-06T19:17:03.804-0300] {logging_mixin.py:151} INFO - [2024-10-06T19:17:03.804-0300] {dag.py:3722} INFO - Setting next_dagrun for patient_info to 2024-10-06T00:00:00+00:00, run_after=2024-10-07T00:00:00+00:00
[2024-10-06T19:17:03.824-0300] {processor.py:179} INFO - Processing /home/diego/Escritorio/NOVA-BI/airflow/dags/stg_patient_info.py took 0.109 seconds
[2024-10-06T19:17:33.990-0300] {processor.py:157} INFO - Started process (PID=49289) to work on /home/diego/Escritorio/NOVA-BI/airflow/dags/stg_patient_info.py
[2024-10-06T19:17:34.001-0300] {processor.py:829} INFO - Processing file /home/diego/Escritorio/NOVA-BI/airflow/dags/stg_patient_info.py for tasks to queue
[2024-10-06T19:17:34.005-0300] {logging_mixin.py:151} INFO - [2024-10-06T19:17:34.004-0300] {dagbag.py:536} INFO - Filling up the DagBag from /home/diego/Escritorio/NOVA-BI/airflow/dags/stg_patient_info.py
[2024-10-06T19:17:34.021-0300] {processor.py:839} INFO - DAG(s) dict_keys(['patient_info']) retrieved from /home/diego/Escritorio/NOVA-BI/airflow/dags/stg_patient_info.py
[2024-10-06T19:17:34.054-0300] {logging_mixin.py:151} INFO - [2024-10-06T19:17:34.054-0300] {dag.py:2941} INFO - Sync 1 DAGs
[2024-10-06T19:17:34.079-0300] {logging_mixin.py:151} INFO - [2024-10-06T19:17:34.079-0300] {dag.py:3722} INFO - Setting next_dagrun for patient_info to 2024-10-06T00:00:00+00:00, run_after=2024-10-07T00:00:00+00:00
[2024-10-06T19:17:34.107-0300] {processor.py:179} INFO - Processing /home/diego/Escritorio/NOVA-BI/airflow/dags/stg_patient_info.py took 0.120 seconds
[2024-10-06T19:18:04.271-0300] {processor.py:157} INFO - Started process (PID=49962) to work on /home/diego/Escritorio/NOVA-BI/airflow/dags/stg_patient_info.py
[2024-10-06T19:18:04.272-0300] {processor.py:829} INFO - Processing file /home/diego/Escritorio/NOVA-BI/airflow/dags/stg_patient_info.py for tasks to queue
[2024-10-06T19:18:04.275-0300] {logging_mixin.py:151} INFO - [2024-10-06T19:18:04.274-0300] {dagbag.py:536} INFO - Filling up the DagBag from /home/diego/Escritorio/NOVA-BI/airflow/dags/stg_patient_info.py
[2024-10-06T19:18:04.288-0300] {processor.py:839} INFO - DAG(s) dict_keys(['patient_info']) retrieved from /home/diego/Escritorio/NOVA-BI/airflow/dags/stg_patient_info.py
[2024-10-06T19:18:04.321-0300] {logging_mixin.py:151} INFO - [2024-10-06T19:18:04.321-0300] {dag.py:2941} INFO - Sync 1 DAGs
[2024-10-06T19:18:04.349-0300] {logging_mixin.py:151} INFO - [2024-10-06T19:18:04.349-0300] {dag.py:3722} INFO - Setting next_dagrun for patient_info to 2024-10-06T00:00:00+00:00, run_after=2024-10-07T00:00:00+00:00
[2024-10-06T19:18:04.369-0300] {processor.py:179} INFO - Processing /home/diego/Escritorio/NOVA-BI/airflow/dags/stg_patient_info.py took 0.101 seconds
[2024-10-06T19:18:34.666-0300] {processor.py:157} INFO - Started process (PID=50340) to work on /home/diego/Escritorio/NOVA-BI/airflow/dags/stg_patient_info.py
[2024-10-06T19:18:34.670-0300] {processor.py:829} INFO - Processing file /home/diego/Escritorio/NOVA-BI/airflow/dags/stg_patient_info.py for tasks to queue
[2024-10-06T19:18:34.677-0300] {logging_mixin.py:151} INFO - [2024-10-06T19:18:34.672-0300] {dagbag.py:536} INFO - Filling up the DagBag from /home/diego/Escritorio/NOVA-BI/airflow/dags/stg_patient_info.py
[2024-10-06T19:18:34.711-0300] {processor.py:839} INFO - DAG(s) dict_keys(['patient_info']) retrieved from /home/diego/Escritorio/NOVA-BI/airflow/dags/stg_patient_info.py
[2024-10-06T19:18:34.769-0300] {logging_mixin.py:151} INFO - [2024-10-06T19:18:34.768-0300] {dag.py:2941} INFO - Sync 1 DAGs
[2024-10-06T19:18:34.798-0300] {logging_mixin.py:151} INFO - [2024-10-06T19:18:34.798-0300] {dag.py:3722} INFO - Setting next_dagrun for patient_info to 2024-10-06T00:00:00+00:00, run_after=2024-10-07T00:00:00+00:00
[2024-10-06T19:18:34.833-0300] {processor.py:179} INFO - Processing /home/diego/Escritorio/NOVA-BI/airflow/dags/stg_patient_info.py took 0.177 seconds
[2024-10-06T19:19:05.026-0300] {processor.py:157} INFO - Started process (PID=50834) to work on /home/diego/Escritorio/NOVA-BI/airflow/dags/stg_patient_info.py
[2024-10-06T19:19:05.027-0300] {processor.py:829} INFO - Processing file /home/diego/Escritorio/NOVA-BI/airflow/dags/stg_patient_info.py for tasks to queue
[2024-10-06T19:19:05.029-0300] {logging_mixin.py:151} INFO - [2024-10-06T19:19:05.029-0300] {dagbag.py:536} INFO - Filling up the DagBag from /home/diego/Escritorio/NOVA-BI/airflow/dags/stg_patient_info.py
[2024-10-06T19:19:05.039-0300] {processor.py:839} INFO - DAG(s) dict_keys(['patient_info']) retrieved from /home/diego/Escritorio/NOVA-BI/airflow/dags/stg_patient_info.py
[2024-10-06T19:19:05.068-0300] {logging_mixin.py:151} INFO - [2024-10-06T19:19:05.068-0300] {dag.py:2941} INFO - Sync 1 DAGs
[2024-10-06T19:19:05.092-0300] {logging_mixin.py:151} INFO - [2024-10-06T19:19:05.092-0300] {dag.py:3722} INFO - Setting next_dagrun for patient_info to 2024-10-06T00:00:00+00:00, run_after=2024-10-07T00:00:00+00:00
[2024-10-06T19:19:05.117-0300] {processor.py:179} INFO - Processing /home/diego/Escritorio/NOVA-BI/airflow/dags/stg_patient_info.py took 0.094 seconds
[2024-10-06T19:19:35.302-0300] {processor.py:157} INFO - Started process (PID=50919) to work on /home/diego/Escritorio/NOVA-BI/airflow/dags/stg_patient_info.py
[2024-10-06T19:19:35.308-0300] {processor.py:829} INFO - Processing file /home/diego/Escritorio/NOVA-BI/airflow/dags/stg_patient_info.py for tasks to queue
[2024-10-06T19:19:35.312-0300] {logging_mixin.py:151} INFO - [2024-10-06T19:19:35.311-0300] {dagbag.py:536} INFO - Filling up the DagBag from /home/diego/Escritorio/NOVA-BI/airflow/dags/stg_patient_info.py
[2024-10-06T19:19:35.326-0300] {processor.py:839} INFO - DAG(s) dict_keys(['patient_info']) retrieved from /home/diego/Escritorio/NOVA-BI/airflow/dags/stg_patient_info.py
[2024-10-06T19:19:35.366-0300] {logging_mixin.py:151} INFO - [2024-10-06T19:19:35.365-0300] {dag.py:2941} INFO - Sync 1 DAGs
[2024-10-06T19:19:35.394-0300] {logging_mixin.py:151} INFO - [2024-10-06T19:19:35.393-0300] {dag.py:3722} INFO - Setting next_dagrun for patient_info to 2024-10-06T00:00:00+00:00, run_after=2024-10-07T00:00:00+00:00
[2024-10-06T19:19:35.412-0300] {processor.py:179} INFO - Processing /home/diego/Escritorio/NOVA-BI/airflow/dags/stg_patient_info.py took 0.115 seconds
[2024-10-06T19:20:05.595-0300] {processor.py:157} INFO - Started process (PID=51385) to work on /home/diego/Escritorio/NOVA-BI/airflow/dags/stg_patient_info.py
[2024-10-06T19:20:05.597-0300] {processor.py:829} INFO - Processing file /home/diego/Escritorio/NOVA-BI/airflow/dags/stg_patient_info.py for tasks to queue
[2024-10-06T19:20:05.600-0300] {logging_mixin.py:151} INFO - [2024-10-06T19:20:05.599-0300] {dagbag.py:536} INFO - Filling up the DagBag from /home/diego/Escritorio/NOVA-BI/airflow/dags/stg_patient_info.py
[2024-10-06T19:20:05.611-0300] {processor.py:839} INFO - DAG(s) dict_keys(['patient_info']) retrieved from /home/diego/Escritorio/NOVA-BI/airflow/dags/stg_patient_info.py
[2024-10-06T19:20:05.641-0300] {logging_mixin.py:151} INFO - [2024-10-06T19:20:05.640-0300] {dag.py:2941} INFO - Sync 1 DAGs
[2024-10-06T19:20:05.669-0300] {logging_mixin.py:151} INFO - [2024-10-06T19:20:05.669-0300] {dag.py:3722} INFO - Setting next_dagrun for patient_info to 2024-10-06T00:00:00+00:00, run_after=2024-10-07T00:00:00+00:00
[2024-10-06T19:20:05.695-0300] {processor.py:179} INFO - Processing /home/diego/Escritorio/NOVA-BI/airflow/dags/stg_patient_info.py took 0.106 seconds
[2024-10-06T19:20:35.901-0300] {processor.py:157} INFO - Started process (PID=51853) to work on /home/diego/Escritorio/NOVA-BI/airflow/dags/stg_patient_info.py
[2024-10-06T19:20:35.902-0300] {processor.py:829} INFO - Processing file /home/diego/Escritorio/NOVA-BI/airflow/dags/stg_patient_info.py for tasks to queue
[2024-10-06T19:20:35.909-0300] {logging_mixin.py:151} INFO - [2024-10-06T19:20:35.905-0300] {dagbag.py:536} INFO - Filling up the DagBag from /home/diego/Escritorio/NOVA-BI/airflow/dags/stg_patient_info.py
[2024-10-06T19:20:35.946-0300] {processor.py:839} INFO - DAG(s) dict_keys(['patient_info']) retrieved from /home/diego/Escritorio/NOVA-BI/airflow/dags/stg_patient_info.py
[2024-10-06T19:20:36.002-0300] {logging_mixin.py:151} INFO - [2024-10-06T19:20:36.002-0300] {dag.py:2941} INFO - Sync 1 DAGs
[2024-10-06T19:20:36.031-0300] {logging_mixin.py:151} INFO - [2024-10-06T19:20:36.031-0300] {dag.py:3722} INFO - Setting next_dagrun for patient_info to 2024-10-06T00:00:00+00:00, run_after=2024-10-07T00:00:00+00:00
[2024-10-06T19:20:36.059-0300] {processor.py:179} INFO - Processing /home/diego/Escritorio/NOVA-BI/airflow/dags/stg_patient_info.py took 0.166 seconds
[2024-10-06T19:21:06.242-0300] {processor.py:157} INFO - Started process (PID=52364) to work on /home/diego/Escritorio/NOVA-BI/airflow/dags/stg_patient_info.py
[2024-10-06T19:21:06.244-0300] {processor.py:829} INFO - Processing file /home/diego/Escritorio/NOVA-BI/airflow/dags/stg_patient_info.py for tasks to queue
[2024-10-06T19:21:06.248-0300] {logging_mixin.py:151} INFO - [2024-10-06T19:21:06.248-0300] {dagbag.py:536} INFO - Filling up the DagBag from /home/diego/Escritorio/NOVA-BI/airflow/dags/stg_patient_info.py
[2024-10-06T19:21:06.266-0300] {processor.py:839} INFO - DAG(s) dict_keys(['patient_info']) retrieved from /home/diego/Escritorio/NOVA-BI/airflow/dags/stg_patient_info.py
[2024-10-06T19:21:06.300-0300] {logging_mixin.py:151} INFO - [2024-10-06T19:21:06.300-0300] {dag.py:2941} INFO - Sync 1 DAGs
[2024-10-06T19:21:06.323-0300] {logging_mixin.py:151} INFO - [2024-10-06T19:21:06.323-0300] {dag.py:3722} INFO - Setting next_dagrun for patient_info to 2024-10-06T00:00:00+00:00, run_after=2024-10-07T00:00:00+00:00
[2024-10-06T19:21:06.340-0300] {processor.py:179} INFO - Processing /home/diego/Escritorio/NOVA-BI/airflow/dags/stg_patient_info.py took 0.103 seconds
[2024-10-06T19:21:36.557-0300] {processor.py:157} INFO - Started process (PID=52791) to work on /home/diego/Escritorio/NOVA-BI/airflow/dags/stg_patient_info.py
[2024-10-06T19:21:36.558-0300] {processor.py:829} INFO - Processing file /home/diego/Escritorio/NOVA-BI/airflow/dags/stg_patient_info.py for tasks to queue
[2024-10-06T19:21:36.565-0300] {logging_mixin.py:151} INFO - [2024-10-06T19:21:36.561-0300] {dagbag.py:536} INFO - Filling up the DagBag from /home/diego/Escritorio/NOVA-BI/airflow/dags/stg_patient_info.py
[2024-10-06T19:21:36.591-0300] {processor.py:839} INFO - DAG(s) dict_keys(['patient_info']) retrieved from /home/diego/Escritorio/NOVA-BI/airflow/dags/stg_patient_info.py
[2024-10-06T19:21:36.642-0300] {logging_mixin.py:151} INFO - [2024-10-06T19:21:36.642-0300] {dag.py:2941} INFO - Sync 1 DAGs
[2024-10-06T19:21:36.675-0300] {logging_mixin.py:151} INFO - [2024-10-06T19:21:36.675-0300] {dag.py:3722} INFO - Setting next_dagrun for patient_info to 2024-10-06T00:00:00+00:00, run_after=2024-10-07T00:00:00+00:00
[2024-10-06T19:21:36.701-0300] {processor.py:179} INFO - Processing /home/diego/Escritorio/NOVA-BI/airflow/dags/stg_patient_info.py took 0.152 seconds
[2024-10-06T19:22:06.976-0300] {processor.py:157} INFO - Started process (PID=53362) to work on /home/diego/Escritorio/NOVA-BI/airflow/dags/stg_patient_info.py
[2024-10-06T19:22:06.978-0300] {processor.py:829} INFO - Processing file /home/diego/Escritorio/NOVA-BI/airflow/dags/stg_patient_info.py for tasks to queue
[2024-10-06T19:22:06.982-0300] {logging_mixin.py:151} INFO - [2024-10-06T19:22:06.982-0300] {dagbag.py:536} INFO - Filling up the DagBag from /home/diego/Escritorio/NOVA-BI/airflow/dags/stg_patient_info.py
[2024-10-06T19:22:06.997-0300] {processor.py:839} INFO - DAG(s) dict_keys(['patient_info']) retrieved from /home/diego/Escritorio/NOVA-BI/airflow/dags/stg_patient_info.py
[2024-10-06T19:22:07.029-0300] {logging_mixin.py:151} INFO - [2024-10-06T19:22:07.029-0300] {dag.py:2941} INFO - Sync 1 DAGs
[2024-10-06T19:22:07.053-0300] {logging_mixin.py:151} INFO - [2024-10-06T19:22:07.053-0300] {dag.py:3722} INFO - Setting next_dagrun for patient_info to 2024-10-06T00:00:00+00:00, run_after=2024-10-07T00:00:00+00:00
[2024-10-06T19:22:07.074-0300] {processor.py:179} INFO - Processing /home/diego/Escritorio/NOVA-BI/airflow/dags/stg_patient_info.py took 0.103 seconds
[2024-10-06T19:22:37.261-0300] {processor.py:157} INFO - Started process (PID=53584) to work on /home/diego/Escritorio/NOVA-BI/airflow/dags/stg_patient_info.py
[2024-10-06T19:22:37.264-0300] {processor.py:829} INFO - Processing file /home/diego/Escritorio/NOVA-BI/airflow/dags/stg_patient_info.py for tasks to queue
[2024-10-06T19:22:37.267-0300] {logging_mixin.py:151} INFO - [2024-10-06T19:22:37.266-0300] {dagbag.py:536} INFO - Filling up the DagBag from /home/diego/Escritorio/NOVA-BI/airflow/dags/stg_patient_info.py
[2024-10-06T19:22:37.287-0300] {processor.py:839} INFO - DAG(s) dict_keys(['patient_info']) retrieved from /home/diego/Escritorio/NOVA-BI/airflow/dags/stg_patient_info.py
[2024-10-06T19:22:37.320-0300] {logging_mixin.py:151} INFO - [2024-10-06T19:22:37.320-0300] {dag.py:2941} INFO - Sync 1 DAGs
[2024-10-06T19:22:37.349-0300] {logging_mixin.py:151} INFO - [2024-10-06T19:22:37.349-0300] {dag.py:3722} INFO - Setting next_dagrun for patient_info to 2024-10-06T00:00:00+00:00, run_after=2024-10-07T00:00:00+00:00
[2024-10-06T19:22:37.372-0300] {processor.py:179} INFO - Processing /home/diego/Escritorio/NOVA-BI/airflow/dags/stg_patient_info.py took 0.114 seconds
[2024-10-06T19:23:07.548-0300] {processor.py:157} INFO - Started process (PID=54192) to work on /home/diego/Escritorio/NOVA-BI/airflow/dags/stg_patient_info.py
[2024-10-06T19:23:07.556-0300] {processor.py:829} INFO - Processing file /home/diego/Escritorio/NOVA-BI/airflow/dags/stg_patient_info.py for tasks to queue
[2024-10-06T19:23:07.559-0300] {logging_mixin.py:151} INFO - [2024-10-06T19:23:07.559-0300] {dagbag.py:536} INFO - Filling up the DagBag from /home/diego/Escritorio/NOVA-BI/airflow/dags/stg_patient_info.py
[2024-10-06T19:23:07.570-0300] {processor.py:839} INFO - DAG(s) dict_keys(['patient_info']) retrieved from /home/diego/Escritorio/NOVA-BI/airflow/dags/stg_patient_info.py
[2024-10-06T19:23:07.604-0300] {logging_mixin.py:151} INFO - [2024-10-06T19:23:07.604-0300] {dag.py:2941} INFO - Sync 1 DAGs
[2024-10-06T19:23:07.631-0300] {logging_mixin.py:151} INFO - [2024-10-06T19:23:07.631-0300] {dag.py:3722} INFO - Setting next_dagrun for patient_info to 2024-10-06T00:00:00+00:00, run_after=2024-10-07T00:00:00+00:00
[2024-10-06T19:23:07.655-0300] {processor.py:179} INFO - Processing /home/diego/Escritorio/NOVA-BI/airflow/dags/stg_patient_info.py took 0.110 seconds
[2024-10-06T19:23:37.827-0300] {processor.py:157} INFO - Started process (PID=54494) to work on /home/diego/Escritorio/NOVA-BI/airflow/dags/stg_patient_info.py
[2024-10-06T19:23:37.828-0300] {processor.py:829} INFO - Processing file /home/diego/Escritorio/NOVA-BI/airflow/dags/stg_patient_info.py for tasks to queue
[2024-10-06T19:23:37.832-0300] {logging_mixin.py:151} INFO - [2024-10-06T19:23:37.831-0300] {dagbag.py:536} INFO - Filling up the DagBag from /home/diego/Escritorio/NOVA-BI/airflow/dags/stg_patient_info.py
[2024-10-06T19:23:37.853-0300] {processor.py:839} INFO - DAG(s) dict_keys(['patient_info']) retrieved from /home/diego/Escritorio/NOVA-BI/airflow/dags/stg_patient_info.py
[2024-10-06T19:23:37.904-0300] {logging_mixin.py:151} INFO - [2024-10-06T19:23:37.904-0300] {dag.py:2941} INFO - Sync 1 DAGs
[2024-10-06T19:23:37.933-0300] {logging_mixin.py:151} INFO - [2024-10-06T19:23:37.933-0300] {dag.py:3722} INFO - Setting next_dagrun for patient_info to 2024-10-06T00:00:00+00:00, run_after=2024-10-07T00:00:00+00:00
[2024-10-06T19:23:37.954-0300] {processor.py:179} INFO - Processing /home/diego/Escritorio/NOVA-BI/airflow/dags/stg_patient_info.py took 0.132 seconds
[2024-10-06T19:24:08.153-0300] {processor.py:157} INFO - Started process (PID=55050) to work on /home/diego/Escritorio/NOVA-BI/airflow/dags/stg_patient_info.py
[2024-10-06T19:24:08.154-0300] {processor.py:829} INFO - Processing file /home/diego/Escritorio/NOVA-BI/airflow/dags/stg_patient_info.py for tasks to queue
[2024-10-06T19:24:08.159-0300] {logging_mixin.py:151} INFO - [2024-10-06T19:24:08.159-0300] {dagbag.py:536} INFO - Filling up the DagBag from /home/diego/Escritorio/NOVA-BI/airflow/dags/stg_patient_info.py
[2024-10-06T19:24:08.169-0300] {processor.py:839} INFO - DAG(s) dict_keys(['patient_info']) retrieved from /home/diego/Escritorio/NOVA-BI/airflow/dags/stg_patient_info.py
[2024-10-06T19:24:08.202-0300] {logging_mixin.py:151} INFO - [2024-10-06T19:24:08.202-0300] {dag.py:2941} INFO - Sync 1 DAGs
[2024-10-06T19:24:08.227-0300] {logging_mixin.py:151} INFO - [2024-10-06T19:24:08.226-0300] {dag.py:3722} INFO - Setting next_dagrun for patient_info to 2024-10-06T00:00:00+00:00, run_after=2024-10-07T00:00:00+00:00
[2024-10-06T19:24:08.262-0300] {processor.py:179} INFO - Processing /home/diego/Escritorio/NOVA-BI/airflow/dags/stg_patient_info.py took 0.114 seconds
[2024-10-06T19:24:38.418-0300] {processor.py:157} INFO - Started process (PID=55144) to work on /home/diego/Escritorio/NOVA-BI/airflow/dags/stg_patient_info.py
[2024-10-06T19:24:38.434-0300] {processor.py:829} INFO - Processing file /home/diego/Escritorio/NOVA-BI/airflow/dags/stg_patient_info.py for tasks to queue
[2024-10-06T19:24:38.438-0300] {logging_mixin.py:151} INFO - [2024-10-06T19:24:38.437-0300] {dagbag.py:536} INFO - Filling up the DagBag from /home/diego/Escritorio/NOVA-BI/airflow/dags/stg_patient_info.py
[2024-10-06T19:24:38.455-0300] {processor.py:839} INFO - DAG(s) dict_keys(['patient_info']) retrieved from /home/diego/Escritorio/NOVA-BI/airflow/dags/stg_patient_info.py
[2024-10-06T19:24:38.485-0300] {logging_mixin.py:151} INFO - [2024-10-06T19:24:38.484-0300] {dag.py:2941} INFO - Sync 1 DAGs
[2024-10-06T19:24:38.511-0300] {logging_mixin.py:151} INFO - [2024-10-06T19:24:38.511-0300] {dag.py:3722} INFO - Setting next_dagrun for patient_info to 2024-10-06T00:00:00+00:00, run_after=2024-10-07T00:00:00+00:00
[2024-10-06T19:24:38.533-0300] {processor.py:179} INFO - Processing /home/diego/Escritorio/NOVA-BI/airflow/dags/stg_patient_info.py took 0.121 seconds
[2024-10-06T19:25:08.776-0300] {processor.py:157} INFO - Started process (PID=55835) to work on /home/diego/Escritorio/NOVA-BI/airflow/dags/stg_patient_info.py
[2024-10-06T19:25:08.780-0300] {processor.py:829} INFO - Processing file /home/diego/Escritorio/NOVA-BI/airflow/dags/stg_patient_info.py for tasks to queue
[2024-10-06T19:25:08.783-0300] {logging_mixin.py:151} INFO - [2024-10-06T19:25:08.783-0300] {dagbag.py:536} INFO - Filling up the DagBag from /home/diego/Escritorio/NOVA-BI/airflow/dags/stg_patient_info.py
[2024-10-06T19:25:08.796-0300] {processor.py:839} INFO - DAG(s) dict_keys(['patient_info']) retrieved from /home/diego/Escritorio/NOVA-BI/airflow/dags/stg_patient_info.py
[2024-10-06T19:25:08.831-0300] {logging_mixin.py:151} INFO - [2024-10-06T19:25:08.831-0300] {dag.py:2941} INFO - Sync 1 DAGs
[2024-10-06T19:25:08.855-0300] {logging_mixin.py:151} INFO - [2024-10-06T19:25:08.855-0300] {dag.py:3722} INFO - Setting next_dagrun for patient_info to 2024-10-06T00:00:00+00:00, run_after=2024-10-07T00:00:00+00:00
[2024-10-06T19:25:08.875-0300] {processor.py:179} INFO - Processing /home/diego/Escritorio/NOVA-BI/airflow/dags/stg_patient_info.py took 0.105 seconds
[2024-10-06T19:25:39.122-0300] {processor.py:157} INFO - Started process (PID=56175) to work on /home/diego/Escritorio/NOVA-BI/airflow/dags/stg_patient_info.py
[2024-10-06T19:25:39.123-0300] {processor.py:829} INFO - Processing file /home/diego/Escritorio/NOVA-BI/airflow/dags/stg_patient_info.py for tasks to queue
[2024-10-06T19:25:39.126-0300] {logging_mixin.py:151} INFO - [2024-10-06T19:25:39.125-0300] {dagbag.py:536} INFO - Filling up the DagBag from /home/diego/Escritorio/NOVA-BI/airflow/dags/stg_patient_info.py
[2024-10-06T19:25:39.137-0300] {processor.py:839} INFO - DAG(s) dict_keys(['patient_info']) retrieved from /home/diego/Escritorio/NOVA-BI/airflow/dags/stg_patient_info.py
[2024-10-06T19:25:39.172-0300] {logging_mixin.py:151} INFO - [2024-10-06T19:25:39.171-0300] {dag.py:2941} INFO - Sync 1 DAGs
[2024-10-06T19:25:39.197-0300] {logging_mixin.py:151} INFO - [2024-10-06T19:25:39.197-0300] {dag.py:3722} INFO - Setting next_dagrun for patient_info to 2024-10-06T00:00:00+00:00, run_after=2024-10-07T00:00:00+00:00
[2024-10-06T19:25:39.321-0300] {processor.py:179} INFO - Processing /home/diego/Escritorio/NOVA-BI/airflow/dags/stg_patient_info.py took 0.202 seconds
[2024-10-06T19:26:09.359-0300] {processor.py:157} INFO - Started process (PID=57000) to work on /home/diego/Escritorio/NOVA-BI/airflow/dags/stg_patient_info.py
[2024-10-06T19:26:09.364-0300] {processor.py:829} INFO - Processing file /home/diego/Escritorio/NOVA-BI/airflow/dags/stg_patient_info.py for tasks to queue
[2024-10-06T19:26:09.369-0300] {logging_mixin.py:151} INFO - [2024-10-06T19:26:09.368-0300] {dagbag.py:536} INFO - Filling up the DagBag from /home/diego/Escritorio/NOVA-BI/airflow/dags/stg_patient_info.py
[2024-10-06T19:26:09.381-0300] {processor.py:839} INFO - DAG(s) dict_keys(['patient_info']) retrieved from /home/diego/Escritorio/NOVA-BI/airflow/dags/stg_patient_info.py
[2024-10-06T19:26:09.410-0300] {logging_mixin.py:151} INFO - [2024-10-06T19:26:09.409-0300] {dag.py:2941} INFO - Sync 1 DAGs
[2024-10-06T19:26:09.436-0300] {logging_mixin.py:151} INFO - [2024-10-06T19:26:09.436-0300] {dag.py:3722} INFO - Setting next_dagrun for patient_info to 2024-10-06T00:00:00+00:00, run_after=2024-10-07T00:00:00+00:00
[2024-10-06T19:26:09.463-0300] {processor.py:179} INFO - Processing /home/diego/Escritorio/NOVA-BI/airflow/dags/stg_patient_info.py took 0.106 seconds
[2024-10-06T19:26:39.634-0300] {processor.py:157} INFO - Started process (PID=57090) to work on /home/diego/Escritorio/NOVA-BI/airflow/dags/stg_patient_info.py
[2024-10-06T19:26:39.635-0300] {processor.py:829} INFO - Processing file /home/diego/Escritorio/NOVA-BI/airflow/dags/stg_patient_info.py for tasks to queue
[2024-10-06T19:26:39.640-0300] {logging_mixin.py:151} INFO - [2024-10-06T19:26:39.639-0300] {dagbag.py:536} INFO - Filling up the DagBag from /home/diego/Escritorio/NOVA-BI/airflow/dags/stg_patient_info.py
[2024-10-06T19:26:39.650-0300] {processor.py:839} INFO - DAG(s) dict_keys(['patient_info']) retrieved from /home/diego/Escritorio/NOVA-BI/airflow/dags/stg_patient_info.py
[2024-10-06T19:26:39.686-0300] {logging_mixin.py:151} INFO - [2024-10-06T19:26:39.686-0300] {dag.py:2941} INFO - Sync 1 DAGs
[2024-10-06T19:26:39.711-0300] {logging_mixin.py:151} INFO - [2024-10-06T19:26:39.710-0300] {dag.py:3722} INFO - Setting next_dagrun for patient_info to 2024-10-06T00:00:00+00:00, run_after=2024-10-07T00:00:00+00:00
[2024-10-06T19:26:39.732-0300] {processor.py:179} INFO - Processing /home/diego/Escritorio/NOVA-BI/airflow/dags/stg_patient_info.py took 0.104 seconds
[2024-10-06T19:27:09.895-0300] {processor.py:157} INFO - Started process (PID=57735) to work on /home/diego/Escritorio/NOVA-BI/airflow/dags/stg_patient_info.py
[2024-10-06T19:27:09.901-0300] {processor.py:829} INFO - Processing file /home/diego/Escritorio/NOVA-BI/airflow/dags/stg_patient_info.py for tasks to queue
[2024-10-06T19:27:09.905-0300] {logging_mixin.py:151} INFO - [2024-10-06T19:27:09.904-0300] {dagbag.py:536} INFO - Filling up the DagBag from /home/diego/Escritorio/NOVA-BI/airflow/dags/stg_patient_info.py
[2024-10-06T19:27:09.919-0300] {processor.py:839} INFO - DAG(s) dict_keys(['patient_info']) retrieved from /home/diego/Escritorio/NOVA-BI/airflow/dags/stg_patient_info.py
[2024-10-06T19:27:09.950-0300] {logging_mixin.py:151} INFO - [2024-10-06T19:27:09.950-0300] {dag.py:2941} INFO - Sync 1 DAGs
[2024-10-06T19:27:09.974-0300] {logging_mixin.py:151} INFO - [2024-10-06T19:27:09.974-0300] {dag.py:3722} INFO - Setting next_dagrun for patient_info to 2024-10-06T00:00:00+00:00, run_after=2024-10-07T00:00:00+00:00
[2024-10-06T19:27:09.994-0300] {processor.py:179} INFO - Processing /home/diego/Escritorio/NOVA-BI/airflow/dags/stg_patient_info.py took 0.105 seconds
[2024-10-06T19:27:40.167-0300] {processor.py:157} INFO - Started process (PID=58471) to work on /home/diego/Escritorio/NOVA-BI/airflow/dags/stg_patient_info.py
[2024-10-06T19:27:40.168-0300] {processor.py:829} INFO - Processing file /home/diego/Escritorio/NOVA-BI/airflow/dags/stg_patient_info.py for tasks to queue
[2024-10-06T19:27:40.172-0300] {logging_mixin.py:151} INFO - [2024-10-06T19:27:40.171-0300] {dagbag.py:536} INFO - Filling up the DagBag from /home/diego/Escritorio/NOVA-BI/airflow/dags/stg_patient_info.py
[2024-10-06T19:27:40.188-0300] {processor.py:839} INFO - DAG(s) dict_keys(['patient_info']) retrieved from /home/diego/Escritorio/NOVA-BI/airflow/dags/stg_patient_info.py
[2024-10-06T19:27:40.231-0300] {logging_mixin.py:151} INFO - [2024-10-06T19:27:40.230-0300] {dag.py:2941} INFO - Sync 1 DAGs
[2024-10-06T19:27:40.261-0300] {logging_mixin.py:151} INFO - [2024-10-06T19:27:40.261-0300] {dag.py:3722} INFO - Setting next_dagrun for patient_info to 2024-10-06T00:00:00+00:00, run_after=2024-10-07T00:00:00+00:00
[2024-10-06T19:27:40.289-0300] {processor.py:179} INFO - Processing /home/diego/Escritorio/NOVA-BI/airflow/dags/stg_patient_info.py took 0.125 seconds
[2024-10-06T19:28:10.474-0300] {processor.py:157} INFO - Started process (PID=59311) to work on /home/diego/Escritorio/NOVA-BI/airflow/dags/stg_patient_info.py
[2024-10-06T19:28:10.482-0300] {processor.py:829} INFO - Processing file /home/diego/Escritorio/NOVA-BI/airflow/dags/stg_patient_info.py for tasks to queue
[2024-10-06T19:28:10.485-0300] {logging_mixin.py:151} INFO - [2024-10-06T19:28:10.484-0300] {dagbag.py:536} INFO - Filling up the DagBag from /home/diego/Escritorio/NOVA-BI/airflow/dags/stg_patient_info.py
[2024-10-06T19:28:10.496-0300] {processor.py:839} INFO - DAG(s) dict_keys(['patient_info']) retrieved from /home/diego/Escritorio/NOVA-BI/airflow/dags/stg_patient_info.py
[2024-10-06T19:28:10.530-0300] {logging_mixin.py:151} INFO - [2024-10-06T19:28:10.530-0300] {dag.py:2941} INFO - Sync 1 DAGs
[2024-10-06T19:28:10.560-0300] {logging_mixin.py:151} INFO - [2024-10-06T19:28:10.560-0300] {dag.py:3722} INFO - Setting next_dagrun for patient_info to 2024-10-06T00:00:00+00:00, run_after=2024-10-07T00:00:00+00:00
[2024-10-06T19:28:10.588-0300] {processor.py:179} INFO - Processing /home/diego/Escritorio/NOVA-BI/airflow/dags/stg_patient_info.py took 0.117 seconds
[2024-10-06T19:28:40.818-0300] {processor.py:157} INFO - Started process (PID=59773) to work on /home/diego/Escritorio/NOVA-BI/airflow/dags/stg_patient_info.py
[2024-10-06T19:28:40.819-0300] {processor.py:829} INFO - Processing file /home/diego/Escritorio/NOVA-BI/airflow/dags/stg_patient_info.py for tasks to queue
[2024-10-06T19:28:40.822-0300] {logging_mixin.py:151} INFO - [2024-10-06T19:28:40.822-0300] {dagbag.py:536} INFO - Filling up the DagBag from /home/diego/Escritorio/NOVA-BI/airflow/dags/stg_patient_info.py
[2024-10-06T19:28:40.838-0300] {processor.py:839} INFO - DAG(s) dict_keys(['patient_info']) retrieved from /home/diego/Escritorio/NOVA-BI/airflow/dags/stg_patient_info.py
[2024-10-06T19:28:40.866-0300] {logging_mixin.py:151} INFO - [2024-10-06T19:28:40.866-0300] {dag.py:2941} INFO - Sync 1 DAGs
[2024-10-06T19:28:40.892-0300] {logging_mixin.py:151} INFO - [2024-10-06T19:28:40.891-0300] {dag.py:3722} INFO - Setting next_dagrun for patient_info to 2024-10-06T00:00:00+00:00, run_after=2024-10-07T00:00:00+00:00
[2024-10-06T19:28:40.910-0300] {processor.py:179} INFO - Processing /home/diego/Escritorio/NOVA-BI/airflow/dags/stg_patient_info.py took 0.095 seconds
[2024-10-06T19:28:48.864-0300] {processor.py:157} INFO - Started process (PID=59857) to work on /home/diego/Escritorio/NOVA-BI/airflow/dags/stg_patient_info.py
[2024-10-06T19:28:48.865-0300] {processor.py:829} INFO - Processing file /home/diego/Escritorio/NOVA-BI/airflow/dags/stg_patient_info.py for tasks to queue
[2024-10-06T19:28:48.867-0300] {logging_mixin.py:151} INFO - [2024-10-06T19:28:48.867-0300] {dagbag.py:536} INFO - Filling up the DagBag from /home/diego/Escritorio/NOVA-BI/airflow/dags/stg_patient_info.py
[2024-10-06T19:28:48.895-0300] {processor.py:839} INFO - DAG(s) dict_keys(['patient_info']) retrieved from /home/diego/Escritorio/NOVA-BI/airflow/dags/stg_patient_info.py
[2024-10-06T19:28:49.052-0300] {logging_mixin.py:151} INFO - [2024-10-06T19:28:49.052-0300] {dag.py:2941} INFO - Sync 1 DAGs
[2024-10-06T19:28:49.077-0300] {logging_mixin.py:151} INFO - [2024-10-06T19:28:49.077-0300] {dag.py:3722} INFO - Setting next_dagrun for patient_info to 2024-10-06T00:00:00+00:00, run_after=2024-10-07T00:00:00+00:00
[2024-10-06T19:28:49.109-0300] {processor.py:179} INFO - Processing /home/diego/Escritorio/NOVA-BI/airflow/dags/stg_patient_info.py took 0.248 seconds
[2024-10-06T19:28:52.001-0300] {processor.py:157} INFO - Started process (PID=59902) to work on /home/diego/Escritorio/NOVA-BI/airflow/dags/stg_patient_info.py
[2024-10-06T19:28:52.001-0300] {processor.py:829} INFO - Processing file /home/diego/Escritorio/NOVA-BI/airflow/dags/stg_patient_info.py for tasks to queue
[2024-10-06T19:28:52.004-0300] {logging_mixin.py:151} INFO - [2024-10-06T19:28:52.004-0300] {dagbag.py:536} INFO - Filling up the DagBag from /home/diego/Escritorio/NOVA-BI/airflow/dags/stg_patient_info.py
[2024-10-06T19:28:52.022-0300] {processor.py:839} INFO - DAG(s) dict_keys(['patient_info']) retrieved from /home/diego/Escritorio/NOVA-BI/airflow/dags/stg_patient_info.py
[2024-10-06T19:28:52.042-0300] {logging_mixin.py:151} INFO - [2024-10-06T19:28:52.041-0300] {dag.py:2941} INFO - Sync 1 DAGs
[2024-10-06T19:28:52.070-0300] {logging_mixin.py:151} INFO - [2024-10-06T19:28:52.070-0300] {dag.py:3722} INFO - Setting next_dagrun for patient_info to 2024-10-06T00:00:00+00:00, run_after=2024-10-07T00:00:00+00:00
[2024-10-06T19:28:52.092-0300] {processor.py:179} INFO - Processing /home/diego/Escritorio/NOVA-BI/airflow/dags/stg_patient_info.py took 0.096 seconds
[2024-10-06T19:29:22.297-0300] {processor.py:157} INFO - Started process (PID=61053) to work on /home/diego/Escritorio/NOVA-BI/airflow/dags/stg_patient_info.py
[2024-10-06T19:29:22.299-0300] {processor.py:829} INFO - Processing file /home/diego/Escritorio/NOVA-BI/airflow/dags/stg_patient_info.py for tasks to queue
[2024-10-06T19:29:22.306-0300] {logging_mixin.py:151} INFO - [2024-10-06T19:29:22.303-0300] {dagbag.py:536} INFO - Filling up the DagBag from /home/diego/Escritorio/NOVA-BI/airflow/dags/stg_patient_info.py
[2024-10-06T19:29:22.334-0300] {processor.py:839} INFO - DAG(s) dict_keys(['patient_info']) retrieved from /home/diego/Escritorio/NOVA-BI/airflow/dags/stg_patient_info.py
[2024-10-06T19:29:22.393-0300] {logging_mixin.py:151} INFO - [2024-10-06T19:29:22.392-0300] {dag.py:2941} INFO - Sync 1 DAGs
[2024-10-06T19:29:22.417-0300] {logging_mixin.py:151} INFO - [2024-10-06T19:29:22.417-0300] {dag.py:3722} INFO - Setting next_dagrun for patient_info to 2024-10-06T00:00:00+00:00, run_after=2024-10-07T00:00:00+00:00
[2024-10-06T19:29:22.435-0300] {processor.py:179} INFO - Processing /home/diego/Escritorio/NOVA-BI/airflow/dags/stg_patient_info.py took 0.145 seconds
[2024-10-06T19:29:52.663-0300] {processor.py:157} INFO - Started process (PID=61445) to work on /home/diego/Escritorio/NOVA-BI/airflow/dags/stg_patient_info.py
[2024-10-06T19:29:52.664-0300] {processor.py:829} INFO - Processing file /home/diego/Escritorio/NOVA-BI/airflow/dags/stg_patient_info.py for tasks to queue
[2024-10-06T19:29:52.668-0300] {logging_mixin.py:151} INFO - [2024-10-06T19:29:52.667-0300] {dagbag.py:536} INFO - Filling up the DagBag from /home/diego/Escritorio/NOVA-BI/airflow/dags/stg_patient_info.py
[2024-10-06T19:29:52.689-0300] {processor.py:839} INFO - DAG(s) dict_keys(['patient_info']) retrieved from /home/diego/Escritorio/NOVA-BI/airflow/dags/stg_patient_info.py
[2024-10-06T19:29:52.724-0300] {logging_mixin.py:151} INFO - [2024-10-06T19:29:52.724-0300] {dag.py:2941} INFO - Sync 1 DAGs
[2024-10-06T19:29:52.750-0300] {logging_mixin.py:151} INFO - [2024-10-06T19:29:52.750-0300] {dag.py:3722} INFO - Setting next_dagrun for patient_info to 2024-10-06T00:00:00+00:00, run_after=2024-10-07T00:00:00+00:00
[2024-10-06T19:29:52.770-0300] {processor.py:179} INFO - Processing /home/diego/Escritorio/NOVA-BI/airflow/dags/stg_patient_info.py took 0.112 seconds
[2024-10-06T19:30:22.937-0300] {processor.py:157} INFO - Started process (PID=61824) to work on /home/diego/Escritorio/NOVA-BI/airflow/dags/stg_patient_info.py
[2024-10-06T19:30:22.939-0300] {processor.py:829} INFO - Processing file /home/diego/Escritorio/NOVA-BI/airflow/dags/stg_patient_info.py for tasks to queue
[2024-10-06T19:30:22.943-0300] {logging_mixin.py:151} INFO - [2024-10-06T19:30:22.943-0300] {dagbag.py:536} INFO - Filling up the DagBag from /home/diego/Escritorio/NOVA-BI/airflow/dags/stg_patient_info.py
[2024-10-06T19:30:22.961-0300] {processor.py:839} INFO - DAG(s) dict_keys(['patient_info']) retrieved from /home/diego/Escritorio/NOVA-BI/airflow/dags/stg_patient_info.py
[2024-10-06T19:30:22.992-0300] {logging_mixin.py:151} INFO - [2024-10-06T19:30:22.992-0300] {dag.py:2941} INFO - Sync 1 DAGs
[2024-10-06T19:30:23.017-0300] {logging_mixin.py:151} INFO - [2024-10-06T19:30:23.017-0300] {dag.py:3722} INFO - Setting next_dagrun for patient_info to 2024-10-06T00:00:00+00:00, run_after=2024-10-07T00:00:00+00:00
[2024-10-06T19:30:23.037-0300] {processor.py:179} INFO - Processing /home/diego/Escritorio/NOVA-BI/airflow/dags/stg_patient_info.py took 0.105 seconds
[2024-10-06T19:30:53.273-0300] {processor.py:157} INFO - Started process (PID=62020) to work on /home/diego/Escritorio/NOVA-BI/airflow/dags/stg_patient_info.py
[2024-10-06T19:30:53.274-0300] {processor.py:829} INFO - Processing file /home/diego/Escritorio/NOVA-BI/airflow/dags/stg_patient_info.py for tasks to queue
[2024-10-06T19:30:53.281-0300] {logging_mixin.py:151} INFO - [2024-10-06T19:30:53.276-0300] {dagbag.py:536} INFO - Filling up the DagBag from /home/diego/Escritorio/NOVA-BI/airflow/dags/stg_patient_info.py
[2024-10-06T19:30:53.309-0300] {processor.py:839} INFO - DAG(s) dict_keys(['patient_info']) retrieved from /home/diego/Escritorio/NOVA-BI/airflow/dags/stg_patient_info.py
[2024-10-06T19:30:53.369-0300] {logging_mixin.py:151} INFO - [2024-10-06T19:30:53.369-0300] {dag.py:2941} INFO - Sync 1 DAGs
[2024-10-06T19:30:53.398-0300] {logging_mixin.py:151} INFO - [2024-10-06T19:30:53.397-0300] {dag.py:3722} INFO - Setting next_dagrun for patient_info to 2024-10-06T00:00:00+00:00, run_after=2024-10-07T00:00:00+00:00
[2024-10-06T19:30:53.417-0300] {processor.py:179} INFO - Processing /home/diego/Escritorio/NOVA-BI/airflow/dags/stg_patient_info.py took 0.151 seconds
[2024-10-06T19:31:23.610-0300] {processor.py:157} INFO - Started process (PID=62267) to work on /home/diego/Escritorio/NOVA-BI/airflow/dags/stg_patient_info.py
[2024-10-06T19:31:23.611-0300] {processor.py:829} INFO - Processing file /home/diego/Escritorio/NOVA-BI/airflow/dags/stg_patient_info.py for tasks to queue
[2024-10-06T19:31:23.615-0300] {logging_mixin.py:151} INFO - [2024-10-06T19:31:23.614-0300] {dagbag.py:536} INFO - Filling up the DagBag from /home/diego/Escritorio/NOVA-BI/airflow/dags/stg_patient_info.py
[2024-10-06T19:31:23.629-0300] {processor.py:839} INFO - DAG(s) dict_keys(['patient_info']) retrieved from /home/diego/Escritorio/NOVA-BI/airflow/dags/stg_patient_info.py
[2024-10-06T19:31:23.663-0300] {logging_mixin.py:151} INFO - [2024-10-06T19:31:23.662-0300] {dag.py:2941} INFO - Sync 1 DAGs
[2024-10-06T19:31:23.690-0300] {logging_mixin.py:151} INFO - [2024-10-06T19:31:23.690-0300] {dag.py:3722} INFO - Setting next_dagrun for patient_info to 2024-10-06T00:00:00+00:00, run_after=2024-10-07T00:00:00+00:00
[2024-10-06T19:31:23.709-0300] {processor.py:179} INFO - Processing /home/diego/Escritorio/NOVA-BI/airflow/dags/stg_patient_info.py took 0.103 seconds
[2024-10-06T19:31:51.898-0300] {processor.py:157} INFO - Started process (PID=62390) to work on /home/diego/Escritorio/NOVA-BI/airflow/dags/stg_patient_info.py
[2024-10-06T19:31:51.899-0300] {processor.py:829} INFO - Processing file /home/diego/Escritorio/NOVA-BI/airflow/dags/stg_patient_info.py for tasks to queue
[2024-10-06T19:31:51.905-0300] {logging_mixin.py:151} INFO - [2024-10-06T19:31:51.901-0300] {dagbag.py:536} INFO - Filling up the DagBag from /home/diego/Escritorio/NOVA-BI/airflow/dags/stg_patient_info.py
[2024-10-06T19:31:51.910-0300] {logging_mixin.py:151} INFO - [2024-10-06T19:31:51.908-0300] {dagbag.py:346} ERROR - Failed to import: /home/diego/Escritorio/NOVA-BI/airflow/dags/stg_patient_info.py
Traceback (most recent call last):
  File "/home/diego/.local/lib/python3.10/site-packages/airflow/models/dagbag.py", line 342, in parse
    loader.exec_module(new_module)
  File "<frozen importlib._bootstrap_external>", line 879, in exec_module
  File "<frozen importlib._bootstrap_external>", line 1017, in get_code
  File "<frozen importlib._bootstrap_external>", line 947, in source_to_code
  File "<frozen importlib._bootstrap>", line 241, in _call_with_frames_removed
  File "/home/diego/Escritorio/NOVA-BI/airflow/dags/stg_patient_info.py", line 28
    bash_command='spark-shell -i /home/diego/Escritorio/NOVA-BI/scala/df_parquet.scala
                 ^
SyntaxError: unterminated string literal (detected at line 28)
[2024-10-06T19:31:51.911-0300] {processor.py:841} WARNING - No viable dags retrieved from /home/diego/Escritorio/NOVA-BI/airflow/dags/stg_patient_info.py
[2024-10-06T19:31:51.944-0300] {processor.py:179} INFO - Processing /home/diego/Escritorio/NOVA-BI/airflow/dags/stg_patient_info.py took 0.052 seconds
[2024-10-06T19:31:54.958-0300] {processor.py:157} INFO - Started process (PID=62614) to work on /home/diego/Escritorio/NOVA-BI/airflow/dags/stg_patient_info.py
[2024-10-06T19:31:54.960-0300] {processor.py:829} INFO - Processing file /home/diego/Escritorio/NOVA-BI/airflow/dags/stg_patient_info.py for tasks to queue
[2024-10-06T19:31:54.963-0300] {logging_mixin.py:151} INFO - [2024-10-06T19:31:54.963-0300] {dagbag.py:536} INFO - Filling up the DagBag from /home/diego/Escritorio/NOVA-BI/airflow/dags/stg_patient_info.py
[2024-10-06T19:31:54.991-0300] {processor.py:839} INFO - DAG(s) dict_keys(['patient_info']) retrieved from /home/diego/Escritorio/NOVA-BI/airflow/dags/stg_patient_info.py
[2024-10-06T19:31:55.038-0300] {logging_mixin.py:151} INFO - [2024-10-06T19:31:55.038-0300] {dag.py:2941} INFO - Sync 1 DAGs
[2024-10-06T19:31:55.068-0300] {logging_mixin.py:151} INFO - [2024-10-06T19:31:55.067-0300] {dag.py:3722} INFO - Setting next_dagrun for patient_info to 2024-10-06T00:00:00+00:00, run_after=2024-10-07T00:00:00+00:00
[2024-10-06T19:31:55.094-0300] {processor.py:179} INFO - Processing /home/diego/Escritorio/NOVA-BI/airflow/dags/stg_patient_info.py took 0.144 seconds
