[2024-06-13T19:07:32.657-0300] {processor.py:157} INFO - Started process (PID=13766) to work on /home/diego/Escritorio/AIRFLOW/airflow/dags/stg_csv_to_csv.py
[2024-06-13T19:07:32.658-0300] {processor.py:829} INFO - Processing file /home/diego/Escritorio/AIRFLOW/airflow/dags/stg_csv_to_csv.py for tasks to queue
[2024-06-13T19:07:32.661-0300] {logging_mixin.py:151} INFO - [2024-06-13T19:07:32.661-0300] {dagbag.py:536} INFO - Filling up the DagBag from /home/diego/Escritorio/AIRFLOW/airflow/dags/stg_csv_to_csv.py
[2024-06-13T19:07:32.689-0300] {processor.py:839} INFO - DAG(s) dict_keys(['stg_csv_to_csv']) retrieved from /home/diego/Escritorio/AIRFLOW/airflow/dags/stg_csv_to_csv.py
[2024-06-13T19:07:32.741-0300] {logging_mixin.py:151} INFO - [2024-06-13T19:07:32.740-0300] {dag.py:2941} INFO - Sync 1 DAGs
[2024-06-13T19:07:32.999-0300] {logging_mixin.py:151} INFO - [2024-06-13T19:07:32.999-0300] {dag.py:3722} INFO - Setting next_dagrun for stg_csv_to_csv to 2024-06-13T00:00:00+00:00, run_after=2024-06-14T00:00:00+00:00
[2024-06-13T19:07:33.081-0300] {processor.py:179} INFO - Processing /home/diego/Escritorio/AIRFLOW/airflow/dags/stg_csv_to_csv.py took 0.428 seconds
[2024-06-13T19:08:03.358-0300] {processor.py:157} INFO - Started process (PID=14268) to work on /home/diego/Escritorio/AIRFLOW/airflow/dags/stg_csv_to_csv.py
[2024-06-13T19:08:03.359-0300] {processor.py:829} INFO - Processing file /home/diego/Escritorio/AIRFLOW/airflow/dags/stg_csv_to_csv.py for tasks to queue
[2024-06-13T19:08:03.361-0300] {logging_mixin.py:151} INFO - [2024-06-13T19:08:03.361-0300] {dagbag.py:536} INFO - Filling up the DagBag from /home/diego/Escritorio/AIRFLOW/airflow/dags/stg_csv_to_csv.py
[2024-06-13T19:08:03.371-0300] {processor.py:839} INFO - DAG(s) dict_keys(['stg_csv_to_csv']) retrieved from /home/diego/Escritorio/AIRFLOW/airflow/dags/stg_csv_to_csv.py
[2024-06-13T19:08:03.406-0300] {logging_mixin.py:151} INFO - [2024-06-13T19:08:03.405-0300] {dag.py:2941} INFO - Sync 1 DAGs
[2024-06-13T19:08:03.431-0300] {logging_mixin.py:151} INFO - [2024-06-13T19:08:03.431-0300] {dag.py:3722} INFO - Setting next_dagrun for stg_csv_to_csv to 2024-06-13T00:00:00+00:00, run_after=2024-06-14T00:00:00+00:00
[2024-06-13T19:08:03.453-0300] {processor.py:179} INFO - Processing /home/diego/Escritorio/AIRFLOW/airflow/dags/stg_csv_to_csv.py took 0.098 seconds
[2024-06-13T19:08:33.741-0300] {processor.py:157} INFO - Started process (PID=14301) to work on /home/diego/Escritorio/AIRFLOW/airflow/dags/stg_csv_to_csv.py
[2024-06-13T19:08:33.744-0300] {processor.py:829} INFO - Processing file /home/diego/Escritorio/AIRFLOW/airflow/dags/stg_csv_to_csv.py for tasks to queue
[2024-06-13T19:08:33.746-0300] {logging_mixin.py:151} INFO - [2024-06-13T19:08:33.746-0300] {dagbag.py:536} INFO - Filling up the DagBag from /home/diego/Escritorio/AIRFLOW/airflow/dags/stg_csv_to_csv.py
[2024-06-13T19:08:33.756-0300] {processor.py:839} INFO - DAG(s) dict_keys(['stg_csv_to_csv']) retrieved from /home/diego/Escritorio/AIRFLOW/airflow/dags/stg_csv_to_csv.py
[2024-06-13T19:08:33.791-0300] {logging_mixin.py:151} INFO - [2024-06-13T19:08:33.790-0300] {dag.py:2941} INFO - Sync 1 DAGs
[2024-06-13T19:08:33.818-0300] {logging_mixin.py:151} INFO - [2024-06-13T19:08:33.817-0300] {dag.py:3722} INFO - Setting next_dagrun for stg_csv_to_csv to 2024-06-13T00:00:00+00:00, run_after=2024-06-14T00:00:00+00:00
[2024-06-13T19:08:33.840-0300] {processor.py:179} INFO - Processing /home/diego/Escritorio/AIRFLOW/airflow/dags/stg_csv_to_csv.py took 0.102 seconds
[2024-06-13T19:09:04.134-0300] {processor.py:157} INFO - Started process (PID=14342) to work on /home/diego/Escritorio/AIRFLOW/airflow/dags/stg_csv_to_csv.py
[2024-06-13T19:09:04.135-0300] {processor.py:829} INFO - Processing file /home/diego/Escritorio/AIRFLOW/airflow/dags/stg_csv_to_csv.py for tasks to queue
[2024-06-13T19:09:04.140-0300] {logging_mixin.py:151} INFO - [2024-06-13T19:09:04.140-0300] {dagbag.py:536} INFO - Filling up the DagBag from /home/diego/Escritorio/AIRFLOW/airflow/dags/stg_csv_to_csv.py
[2024-06-13T19:09:04.151-0300] {processor.py:839} INFO - DAG(s) dict_keys(['stg_csv_to_csv']) retrieved from /home/diego/Escritorio/AIRFLOW/airflow/dags/stg_csv_to_csv.py
[2024-06-13T19:09:04.188-0300] {logging_mixin.py:151} INFO - [2024-06-13T19:09:04.187-0300] {dag.py:2941} INFO - Sync 1 DAGs
[2024-06-13T19:09:04.216-0300] {logging_mixin.py:151} INFO - [2024-06-13T19:09:04.216-0300] {dag.py:3722} INFO - Setting next_dagrun for stg_csv_to_csv to 2024-06-13T00:00:00+00:00, run_after=2024-06-14T00:00:00+00:00
[2024-06-13T19:09:04.253-0300] {processor.py:179} INFO - Processing /home/diego/Escritorio/AIRFLOW/airflow/dags/stg_csv_to_csv.py took 0.123 seconds
[2024-06-13T19:09:34.539-0300] {processor.py:157} INFO - Started process (PID=14380) to work on /home/diego/Escritorio/AIRFLOW/airflow/dags/stg_csv_to_csv.py
[2024-06-13T19:09:34.540-0300] {processor.py:829} INFO - Processing file /home/diego/Escritorio/AIRFLOW/airflow/dags/stg_csv_to_csv.py for tasks to queue
[2024-06-13T19:09:34.542-0300] {logging_mixin.py:151} INFO - [2024-06-13T19:09:34.542-0300] {dagbag.py:536} INFO - Filling up the DagBag from /home/diego/Escritorio/AIRFLOW/airflow/dags/stg_csv_to_csv.py
[2024-06-13T19:09:34.553-0300] {processor.py:839} INFO - DAG(s) dict_keys(['stg_csv_to_csv']) retrieved from /home/diego/Escritorio/AIRFLOW/airflow/dags/stg_csv_to_csv.py
[2024-06-13T19:09:34.588-0300] {logging_mixin.py:151} INFO - [2024-06-13T19:09:34.587-0300] {dag.py:2941} INFO - Sync 1 DAGs
[2024-06-13T19:09:34.615-0300] {logging_mixin.py:151} INFO - [2024-06-13T19:09:34.615-0300] {dag.py:3722} INFO - Setting next_dagrun for stg_csv_to_csv to 2024-06-13T00:00:00+00:00, run_after=2024-06-14T00:00:00+00:00
[2024-06-13T19:09:34.640-0300] {processor.py:179} INFO - Processing /home/diego/Escritorio/AIRFLOW/airflow/dags/stg_csv_to_csv.py took 0.105 seconds
[2024-06-13T19:10:04.807-0300] {processor.py:157} INFO - Started process (PID=14413) to work on /home/diego/Escritorio/AIRFLOW/airflow/dags/stg_csv_to_csv.py
[2024-06-13T19:10:04.808-0300] {processor.py:829} INFO - Processing file /home/diego/Escritorio/AIRFLOW/airflow/dags/stg_csv_to_csv.py for tasks to queue
[2024-06-13T19:10:04.811-0300] {logging_mixin.py:151} INFO - [2024-06-13T19:10:04.810-0300] {dagbag.py:536} INFO - Filling up the DagBag from /home/diego/Escritorio/AIRFLOW/airflow/dags/stg_csv_to_csv.py
[2024-06-13T19:10:04.821-0300] {processor.py:839} INFO - DAG(s) dict_keys(['stg_csv_to_csv']) retrieved from /home/diego/Escritorio/AIRFLOW/airflow/dags/stg_csv_to_csv.py
[2024-06-13T19:10:04.858-0300] {logging_mixin.py:151} INFO - [2024-06-13T19:10:04.857-0300] {dag.py:2941} INFO - Sync 1 DAGs
[2024-06-13T19:10:04.884-0300] {logging_mixin.py:151} INFO - [2024-06-13T19:10:04.884-0300] {dag.py:3722} INFO - Setting next_dagrun for stg_csv_to_csv to 2024-06-13T00:00:00+00:00, run_after=2024-06-14T00:00:00+00:00
[2024-06-13T19:10:04.906-0300] {processor.py:179} INFO - Processing /home/diego/Escritorio/AIRFLOW/airflow/dags/stg_csv_to_csv.py took 0.102 seconds
[2024-06-13T19:10:35.248-0300] {processor.py:157} INFO - Started process (PID=14539) to work on /home/diego/Escritorio/AIRFLOW/airflow/dags/stg_csv_to_csv.py
[2024-06-13T19:10:35.251-0300] {processor.py:829} INFO - Processing file /home/diego/Escritorio/AIRFLOW/airflow/dags/stg_csv_to_csv.py for tasks to queue
[2024-06-13T19:10:35.253-0300] {logging_mixin.py:151} INFO - [2024-06-13T19:10:35.253-0300] {dagbag.py:536} INFO - Filling up the DagBag from /home/diego/Escritorio/AIRFLOW/airflow/dags/stg_csv_to_csv.py
[2024-06-13T19:10:35.267-0300] {processor.py:839} INFO - DAG(s) dict_keys(['stg_csv_to_csv']) retrieved from /home/diego/Escritorio/AIRFLOW/airflow/dags/stg_csv_to_csv.py
[2024-06-13T19:10:35.312-0300] {logging_mixin.py:151} INFO - [2024-06-13T19:10:35.311-0300] {dag.py:2941} INFO - Sync 1 DAGs
[2024-06-13T19:10:35.339-0300] {logging_mixin.py:151} INFO - [2024-06-13T19:10:35.339-0300] {dag.py:3722} INFO - Setting next_dagrun for stg_csv_to_csv to 2024-06-13T00:00:00+00:00, run_after=2024-06-14T00:00:00+00:00
[2024-06-13T19:10:35.372-0300] {processor.py:179} INFO - Processing /home/diego/Escritorio/AIRFLOW/airflow/dags/stg_csv_to_csv.py took 0.128 seconds
[2024-06-13T19:11:05.695-0300] {processor.py:157} INFO - Started process (PID=14873) to work on /home/diego/Escritorio/AIRFLOW/airflow/dags/stg_csv_to_csv.py
[2024-06-13T19:11:05.696-0300] {processor.py:829} INFO - Processing file /home/diego/Escritorio/AIRFLOW/airflow/dags/stg_csv_to_csv.py for tasks to queue
[2024-06-13T19:11:05.698-0300] {logging_mixin.py:151} INFO - [2024-06-13T19:11:05.698-0300] {dagbag.py:536} INFO - Filling up the DagBag from /home/diego/Escritorio/AIRFLOW/airflow/dags/stg_csv_to_csv.py
[2024-06-13T19:11:05.708-0300] {processor.py:839} INFO - DAG(s) dict_keys(['stg_csv_to_csv']) retrieved from /home/diego/Escritorio/AIRFLOW/airflow/dags/stg_csv_to_csv.py
[2024-06-13T19:11:05.746-0300] {logging_mixin.py:151} INFO - [2024-06-13T19:11:05.745-0300] {dag.py:2941} INFO - Sync 1 DAGs
[2024-06-13T19:11:05.772-0300] {logging_mixin.py:151} INFO - [2024-06-13T19:11:05.772-0300] {dag.py:3722} INFO - Setting next_dagrun for stg_csv_to_csv to 2024-06-13T00:00:00+00:00, run_after=2024-06-14T00:00:00+00:00
[2024-06-13T19:11:05.795-0300] {processor.py:179} INFO - Processing /home/diego/Escritorio/AIRFLOW/airflow/dags/stg_csv_to_csv.py took 0.102 seconds
[2024-06-13T19:11:36.116-0300] {processor.py:157} INFO - Started process (PID=15225) to work on /home/diego/Escritorio/AIRFLOW/airflow/dags/stg_csv_to_csv.py
[2024-06-13T19:11:36.120-0300] {processor.py:829} INFO - Processing file /home/diego/Escritorio/AIRFLOW/airflow/dags/stg_csv_to_csv.py for tasks to queue
[2024-06-13T19:11:36.122-0300] {logging_mixin.py:151} INFO - [2024-06-13T19:11:36.122-0300] {dagbag.py:536} INFO - Filling up the DagBag from /home/diego/Escritorio/AIRFLOW/airflow/dags/stg_csv_to_csv.py
[2024-06-13T19:11:36.133-0300] {processor.py:839} INFO - DAG(s) dict_keys(['stg_csv_to_csv']) retrieved from /home/diego/Escritorio/AIRFLOW/airflow/dags/stg_csv_to_csv.py
[2024-06-13T19:11:36.175-0300] {logging_mixin.py:151} INFO - [2024-06-13T19:11:36.174-0300] {dag.py:2941} INFO - Sync 1 DAGs
[2024-06-13T19:11:36.207-0300] {logging_mixin.py:151} INFO - [2024-06-13T19:11:36.207-0300] {dag.py:3722} INFO - Setting next_dagrun for stg_csv_to_csv to 2024-06-13T00:00:00+00:00, run_after=2024-06-14T00:00:00+00:00
[2024-06-13T19:11:36.235-0300] {processor.py:179} INFO - Processing /home/diego/Escritorio/AIRFLOW/airflow/dags/stg_csv_to_csv.py took 0.122 seconds
[2024-06-13T19:12:06.528-0300] {processor.py:157} INFO - Started process (PID=15484) to work on /home/diego/Escritorio/AIRFLOW/airflow/dags/stg_csv_to_csv.py
[2024-06-13T19:12:06.531-0300] {processor.py:829} INFO - Processing file /home/diego/Escritorio/AIRFLOW/airflow/dags/stg_csv_to_csv.py for tasks to queue
[2024-06-13T19:12:06.533-0300] {logging_mixin.py:151} INFO - [2024-06-13T19:12:06.533-0300] {dagbag.py:536} INFO - Filling up the DagBag from /home/diego/Escritorio/AIRFLOW/airflow/dags/stg_csv_to_csv.py
[2024-06-13T19:12:06.543-0300] {processor.py:839} INFO - DAG(s) dict_keys(['stg_csv_to_csv']) retrieved from /home/diego/Escritorio/AIRFLOW/airflow/dags/stg_csv_to_csv.py
[2024-06-13T19:12:06.579-0300] {logging_mixin.py:151} INFO - [2024-06-13T19:12:06.579-0300] {dag.py:2941} INFO - Sync 1 DAGs
[2024-06-13T19:12:06.609-0300] {logging_mixin.py:151} INFO - [2024-06-13T19:12:06.609-0300] {dag.py:3722} INFO - Setting next_dagrun for stg_csv_to_csv to 2024-06-13T00:00:00+00:00, run_after=2024-06-14T00:00:00+00:00
[2024-06-13T19:12:06.644-0300] {processor.py:179} INFO - Processing /home/diego/Escritorio/AIRFLOW/airflow/dags/stg_csv_to_csv.py took 0.118 seconds
[2024-06-13T19:12:36.971-0300] {processor.py:157} INFO - Started process (PID=15625) to work on /home/diego/Escritorio/AIRFLOW/airflow/dags/stg_csv_to_csv.py
[2024-06-13T19:12:36.971-0300] {processor.py:829} INFO - Processing file /home/diego/Escritorio/AIRFLOW/airflow/dags/stg_csv_to_csv.py for tasks to queue
[2024-06-13T19:12:36.974-0300] {logging_mixin.py:151} INFO - [2024-06-13T19:12:36.973-0300] {dagbag.py:536} INFO - Filling up the DagBag from /home/diego/Escritorio/AIRFLOW/airflow/dags/stg_csv_to_csv.py
[2024-06-13T19:12:36.991-0300] {processor.py:839} INFO - DAG(s) dict_keys(['stg_csv_to_csv']) retrieved from /home/diego/Escritorio/AIRFLOW/airflow/dags/stg_csv_to_csv.py
[2024-06-13T19:12:37.026-0300] {logging_mixin.py:151} INFO - [2024-06-13T19:12:37.025-0300] {dag.py:2941} INFO - Sync 1 DAGs
[2024-06-13T19:12:37.052-0300] {logging_mixin.py:151} INFO - [2024-06-13T19:12:37.051-0300] {dag.py:3722} INFO - Setting next_dagrun for stg_csv_to_csv to 2024-06-13T00:00:00+00:00, run_after=2024-06-14T00:00:00+00:00
[2024-06-13T19:12:37.076-0300] {processor.py:179} INFO - Processing /home/diego/Escritorio/AIRFLOW/airflow/dags/stg_csv_to_csv.py took 0.109 seconds
[2024-06-13T19:13:07.367-0300] {processor.py:157} INFO - Started process (PID=15978) to work on /home/diego/Escritorio/AIRFLOW/airflow/dags/stg_csv_to_csv.py
[2024-06-13T19:13:07.368-0300] {processor.py:829} INFO - Processing file /home/diego/Escritorio/AIRFLOW/airflow/dags/stg_csv_to_csv.py for tasks to queue
[2024-06-13T19:13:07.370-0300] {logging_mixin.py:151} INFO - [2024-06-13T19:13:07.370-0300] {dagbag.py:536} INFO - Filling up the DagBag from /home/diego/Escritorio/AIRFLOW/airflow/dags/stg_csv_to_csv.py
[2024-06-13T19:13:07.379-0300] {processor.py:839} INFO - DAG(s) dict_keys(['stg_csv_to_csv']) retrieved from /home/diego/Escritorio/AIRFLOW/airflow/dags/stg_csv_to_csv.py
[2024-06-13T19:13:07.413-0300] {logging_mixin.py:151} INFO - [2024-06-13T19:13:07.413-0300] {dag.py:2941} INFO - Sync 1 DAGs
[2024-06-13T19:13:07.439-0300] {logging_mixin.py:151} INFO - [2024-06-13T19:13:07.439-0300] {dag.py:3722} INFO - Setting next_dagrun for stg_csv_to_csv to 2024-06-13T00:00:00+00:00, run_after=2024-06-14T00:00:00+00:00
[2024-06-13T19:13:07.465-0300] {processor.py:179} INFO - Processing /home/diego/Escritorio/AIRFLOW/airflow/dags/stg_csv_to_csv.py took 0.102 seconds
[2024-06-13T19:13:37.772-0300] {processor.py:157} INFO - Started process (PID=16215) to work on /home/diego/Escritorio/AIRFLOW/airflow/dags/stg_csv_to_csv.py
[2024-06-13T19:13:37.772-0300] {processor.py:829} INFO - Processing file /home/diego/Escritorio/AIRFLOW/airflow/dags/stg_csv_to_csv.py for tasks to queue
[2024-06-13T19:13:37.774-0300] {logging_mixin.py:151} INFO - [2024-06-13T19:13:37.774-0300] {dagbag.py:536} INFO - Filling up the DagBag from /home/diego/Escritorio/AIRFLOW/airflow/dags/stg_csv_to_csv.py
[2024-06-13T19:13:37.784-0300] {processor.py:839} INFO - DAG(s) dict_keys(['stg_csv_to_csv']) retrieved from /home/diego/Escritorio/AIRFLOW/airflow/dags/stg_csv_to_csv.py
[2024-06-13T19:13:37.814-0300] {logging_mixin.py:151} INFO - [2024-06-13T19:13:37.813-0300] {dag.py:2941} INFO - Sync 1 DAGs
[2024-06-13T19:13:37.834-0300] {logging_mixin.py:151} INFO - [2024-06-13T19:13:37.834-0300] {dag.py:3722} INFO - Setting next_dagrun for stg_csv_to_csv to 2024-06-13T00:00:00+00:00, run_after=2024-06-14T00:00:00+00:00
[2024-06-13T19:13:37.870-0300] {processor.py:179} INFO - Processing /home/diego/Escritorio/AIRFLOW/airflow/dags/stg_csv_to_csv.py took 0.102 seconds
[2024-06-13T19:14:08.207-0300] {processor.py:157} INFO - Started process (PID=16387) to work on /home/diego/Escritorio/AIRFLOW/airflow/dags/stg_csv_to_csv.py
[2024-06-13T19:14:08.207-0300] {processor.py:829} INFO - Processing file /home/diego/Escritorio/AIRFLOW/airflow/dags/stg_csv_to_csv.py for tasks to queue
[2024-06-13T19:14:08.209-0300] {logging_mixin.py:151} INFO - [2024-06-13T19:14:08.209-0300] {dagbag.py:536} INFO - Filling up the DagBag from /home/diego/Escritorio/AIRFLOW/airflow/dags/stg_csv_to_csv.py
[2024-06-13T19:14:08.217-0300] {processor.py:839} INFO - DAG(s) dict_keys(['stg_csv_to_csv']) retrieved from /home/diego/Escritorio/AIRFLOW/airflow/dags/stg_csv_to_csv.py
[2024-06-13T19:14:08.249-0300] {logging_mixin.py:151} INFO - [2024-06-13T19:14:08.248-0300] {dag.py:2941} INFO - Sync 1 DAGs
[2024-06-13T19:14:08.272-0300] {logging_mixin.py:151} INFO - [2024-06-13T19:14:08.272-0300] {dag.py:3722} INFO - Setting next_dagrun for stg_csv_to_csv to 2024-06-13T00:00:00+00:00, run_after=2024-06-14T00:00:00+00:00
[2024-06-13T19:14:08.319-0300] {processor.py:179} INFO - Processing /home/diego/Escritorio/AIRFLOW/airflow/dags/stg_csv_to_csv.py took 0.115 seconds
[2024-06-13T19:14:38.621-0300] {processor.py:157} INFO - Started process (PID=16550) to work on /home/diego/Escritorio/AIRFLOW/airflow/dags/stg_csv_to_csv.py
[2024-06-13T19:14:38.624-0300] {processor.py:829} INFO - Processing file /home/diego/Escritorio/AIRFLOW/airflow/dags/stg_csv_to_csv.py for tasks to queue
[2024-06-13T19:14:38.626-0300] {logging_mixin.py:151} INFO - [2024-06-13T19:14:38.626-0300] {dagbag.py:536} INFO - Filling up the DagBag from /home/diego/Escritorio/AIRFLOW/airflow/dags/stg_csv_to_csv.py
[2024-06-13T19:14:38.636-0300] {processor.py:839} INFO - DAG(s) dict_keys(['stg_csv_to_csv']) retrieved from /home/diego/Escritorio/AIRFLOW/airflow/dags/stg_csv_to_csv.py
[2024-06-13T19:14:38.668-0300] {logging_mixin.py:151} INFO - [2024-06-13T19:14:38.668-0300] {dag.py:2941} INFO - Sync 1 DAGs
[2024-06-13T19:14:38.695-0300] {logging_mixin.py:151} INFO - [2024-06-13T19:14:38.694-0300] {dag.py:3722} INFO - Setting next_dagrun for stg_csv_to_csv to 2024-06-13T00:00:00+00:00, run_after=2024-06-14T00:00:00+00:00
[2024-06-13T19:14:38.716-0300] {processor.py:179} INFO - Processing /home/diego/Escritorio/AIRFLOW/airflow/dags/stg_csv_to_csv.py took 0.098 seconds
[2024-06-13T19:15:08.989-0300] {processor.py:157} INFO - Started process (PID=16680) to work on /home/diego/Escritorio/AIRFLOW/airflow/dags/stg_csv_to_csv.py
[2024-06-13T19:15:08.991-0300] {processor.py:829} INFO - Processing file /home/diego/Escritorio/AIRFLOW/airflow/dags/stg_csv_to_csv.py for tasks to queue
[2024-06-13T19:15:08.994-0300] {logging_mixin.py:151} INFO - [2024-06-13T19:15:08.993-0300] {dagbag.py:536} INFO - Filling up the DagBag from /home/diego/Escritorio/AIRFLOW/airflow/dags/stg_csv_to_csv.py
[2024-06-13T19:15:09.002-0300] {processor.py:839} INFO - DAG(s) dict_keys(['stg_csv_to_csv']) retrieved from /home/diego/Escritorio/AIRFLOW/airflow/dags/stg_csv_to_csv.py
[2024-06-13T19:15:09.033-0300] {logging_mixin.py:151} INFO - [2024-06-13T19:15:09.033-0300] {dag.py:2941} INFO - Sync 1 DAGs
[2024-06-13T19:15:09.057-0300] {logging_mixin.py:151} INFO - [2024-06-13T19:15:09.057-0300] {dag.py:3722} INFO - Setting next_dagrun for stg_csv_to_csv to 2024-06-13T00:00:00+00:00, run_after=2024-06-14T00:00:00+00:00
[2024-06-13T19:15:09.087-0300] {processor.py:179} INFO - Processing /home/diego/Escritorio/AIRFLOW/airflow/dags/stg_csv_to_csv.py took 0.102 seconds
[2024-06-13T19:15:43.207-0300] {processor.py:157} INFO - Started process (PID=16766) to work on /home/diego/Escritorio/AIRFLOW/airflow/dags/stg_csv_to_csv.py
[2024-06-13T19:15:44.834-0300] {processor.py:829} INFO - Processing file /home/diego/Escritorio/AIRFLOW/airflow/dags/stg_csv_to_csv.py for tasks to queue
[2024-06-13T19:15:44.835-0300] {logging_mixin.py:151} INFO - [2024-06-13T19:15:44.835-0300] {dagbag.py:536} INFO - Filling up the DagBag from /home/diego/Escritorio/AIRFLOW/airflow/dags/stg_csv_to_csv.py
[2024-06-13T19:15:44.852-0300] {processor.py:839} INFO - DAG(s) dict_keys(['stg_csv_to_csv']) retrieved from /home/diego/Escritorio/AIRFLOW/airflow/dags/stg_csv_to_csv.py
[2024-06-13T19:15:44.907-0300] {logging_mixin.py:151} INFO - [2024-06-13T19:15:44.906-0300] {dag.py:2941} INFO - Sync 1 DAGs
[2024-06-13T19:15:44.949-0300] {logging_mixin.py:151} INFO - [2024-06-13T19:15:44.948-0300] {dag.py:3722} INFO - Setting next_dagrun for stg_csv_to_csv to 2024-06-13T00:00:00+00:00, run_after=2024-06-14T00:00:00+00:00
[2024-06-13T19:15:45.455-0300] {processor.py:179} INFO - Processing /home/diego/Escritorio/AIRFLOW/airflow/dags/stg_csv_to_csv.py took 2.254 seconds
[2024-06-13T19:16:15.747-0300] {processor.py:157} INFO - Started process (PID=16856) to work on /home/diego/Escritorio/AIRFLOW/airflow/dags/stg_csv_to_csv.py
[2024-06-13T19:16:15.758-0300] {processor.py:829} INFO - Processing file /home/diego/Escritorio/AIRFLOW/airflow/dags/stg_csv_to_csv.py for tasks to queue
[2024-06-13T19:16:15.759-0300] {logging_mixin.py:151} INFO - [2024-06-13T19:16:15.759-0300] {dagbag.py:536} INFO - Filling up the DagBag from /home/diego/Escritorio/AIRFLOW/airflow/dags/stg_csv_to_csv.py
[2024-06-13T19:16:15.768-0300] {processor.py:839} INFO - DAG(s) dict_keys(['stg_csv_to_csv']) retrieved from /home/diego/Escritorio/AIRFLOW/airflow/dags/stg_csv_to_csv.py
[2024-06-13T19:16:15.802-0300] {logging_mixin.py:151} INFO - [2024-06-13T19:16:15.802-0300] {dag.py:2941} INFO - Sync 1 DAGs
[2024-06-13T19:16:15.825-0300] {logging_mixin.py:151} INFO - [2024-06-13T19:16:15.825-0300] {dag.py:3722} INFO - Setting next_dagrun for stg_csv_to_csv to 2024-06-13T00:00:00+00:00, run_after=2024-06-14T00:00:00+00:00
[2024-06-13T19:16:15.843-0300] {processor.py:179} INFO - Processing /home/diego/Escritorio/AIRFLOW/airflow/dags/stg_csv_to_csv.py took 0.099 seconds
[2024-06-13T19:16:46.141-0300] {processor.py:157} INFO - Started process (PID=16991) to work on /home/diego/Escritorio/AIRFLOW/airflow/dags/stg_csv_to_csv.py
[2024-06-13T19:16:46.142-0300] {processor.py:829} INFO - Processing file /home/diego/Escritorio/AIRFLOW/airflow/dags/stg_csv_to_csv.py for tasks to queue
[2024-06-13T19:16:46.144-0300] {logging_mixin.py:151} INFO - [2024-06-13T19:16:46.143-0300] {dagbag.py:536} INFO - Filling up the DagBag from /home/diego/Escritorio/AIRFLOW/airflow/dags/stg_csv_to_csv.py
[2024-06-13T19:16:46.162-0300] {processor.py:839} INFO - DAG(s) dict_keys(['stg_csv_to_csv']) retrieved from /home/diego/Escritorio/AIRFLOW/airflow/dags/stg_csv_to_csv.py
[2024-06-13T19:16:46.215-0300] {logging_mixin.py:151} INFO - [2024-06-13T19:16:46.215-0300] {dag.py:2941} INFO - Sync 1 DAGs
[2024-06-13T19:16:46.242-0300] {logging_mixin.py:151} INFO - [2024-06-13T19:16:46.242-0300] {dag.py:3722} INFO - Setting next_dagrun for stg_csv_to_csv to 2024-06-13T00:00:00+00:00, run_after=2024-06-14T00:00:00+00:00
[2024-06-13T19:16:46.270-0300] {processor.py:179} INFO - Processing /home/diego/Escritorio/AIRFLOW/airflow/dags/stg_csv_to_csv.py took 0.134 seconds
[2024-06-13T19:17:16.561-0300] {processor.py:157} INFO - Started process (PID=17308) to work on /home/diego/Escritorio/AIRFLOW/airflow/dags/stg_csv_to_csv.py
[2024-06-13T19:17:16.570-0300] {processor.py:829} INFO - Processing file /home/diego/Escritorio/AIRFLOW/airflow/dags/stg_csv_to_csv.py for tasks to queue
[2024-06-13T19:17:16.571-0300] {logging_mixin.py:151} INFO - [2024-06-13T19:17:16.570-0300] {dagbag.py:536} INFO - Filling up the DagBag from /home/diego/Escritorio/AIRFLOW/airflow/dags/stg_csv_to_csv.py
[2024-06-13T19:17:16.581-0300] {processor.py:839} INFO - DAG(s) dict_keys(['stg_csv_to_csv']) retrieved from /home/diego/Escritorio/AIRFLOW/airflow/dags/stg_csv_to_csv.py
[2024-06-13T19:17:16.613-0300] {logging_mixin.py:151} INFO - [2024-06-13T19:17:16.613-0300] {dag.py:2941} INFO - Sync 1 DAGs
[2024-06-13T19:17:16.634-0300] {logging_mixin.py:151} INFO - [2024-06-13T19:17:16.634-0300] {dag.py:3722} INFO - Setting next_dagrun for stg_csv_to_csv to 2024-06-13T00:00:00+00:00, run_after=2024-06-14T00:00:00+00:00
[2024-06-13T19:17:16.653-0300] {processor.py:179} INFO - Processing /home/diego/Escritorio/AIRFLOW/airflow/dags/stg_csv_to_csv.py took 0.096 seconds
[2024-06-13T19:17:46.989-0300] {processor.py:157} INFO - Started process (PID=17445) to work on /home/diego/Escritorio/AIRFLOW/airflow/dags/stg_csv_to_csv.py
[2024-06-13T19:17:46.996-0300] {processor.py:829} INFO - Processing file /home/diego/Escritorio/AIRFLOW/airflow/dags/stg_csv_to_csv.py for tasks to queue
[2024-06-13T19:17:46.997-0300] {logging_mixin.py:151} INFO - [2024-06-13T19:17:46.996-0300] {dagbag.py:536} INFO - Filling up the DagBag from /home/diego/Escritorio/AIRFLOW/airflow/dags/stg_csv_to_csv.py
[2024-06-13T19:17:47.006-0300] {processor.py:839} INFO - DAG(s) dict_keys(['stg_csv_to_csv']) retrieved from /home/diego/Escritorio/AIRFLOW/airflow/dags/stg_csv_to_csv.py
[2024-06-13T19:17:47.037-0300] {logging_mixin.py:151} INFO - [2024-06-13T19:17:47.037-0300] {dag.py:2941} INFO - Sync 1 DAGs
[2024-06-13T19:17:47.061-0300] {logging_mixin.py:151} INFO - [2024-06-13T19:17:47.061-0300] {dag.py:3722} INFO - Setting next_dagrun for stg_csv_to_csv to 2024-06-13T00:00:00+00:00, run_after=2024-06-14T00:00:00+00:00
[2024-06-13T19:17:47.081-0300] {processor.py:179} INFO - Processing /home/diego/Escritorio/AIRFLOW/airflow/dags/stg_csv_to_csv.py took 0.095 seconds
[2024-06-13T19:18:17.404-0300] {processor.py:157} INFO - Started process (PID=17564) to work on /home/diego/Escritorio/AIRFLOW/airflow/dags/stg_csv_to_csv.py
[2024-06-13T19:18:17.417-0300] {processor.py:829} INFO - Processing file /home/diego/Escritorio/AIRFLOW/airflow/dags/stg_csv_to_csv.py for tasks to queue
[2024-06-13T19:18:17.418-0300] {logging_mixin.py:151} INFO - [2024-06-13T19:18:17.418-0300] {dagbag.py:536} INFO - Filling up the DagBag from /home/diego/Escritorio/AIRFLOW/airflow/dags/stg_csv_to_csv.py
[2024-06-13T19:18:17.435-0300] {processor.py:839} INFO - DAG(s) dict_keys(['stg_csv_to_csv']) retrieved from /home/diego/Escritorio/AIRFLOW/airflow/dags/stg_csv_to_csv.py
[2024-06-13T19:18:17.488-0300] {logging_mixin.py:151} INFO - [2024-06-13T19:18:17.488-0300] {dag.py:2941} INFO - Sync 1 DAGs
[2024-06-13T19:18:17.519-0300] {logging_mixin.py:151} INFO - [2024-06-13T19:18:17.519-0300] {dag.py:3722} INFO - Setting next_dagrun for stg_csv_to_csv to 2024-06-13T00:00:00+00:00, run_after=2024-06-14T00:00:00+00:00
[2024-06-13T19:18:17.540-0300] {processor.py:179} INFO - Processing /home/diego/Escritorio/AIRFLOW/airflow/dags/stg_csv_to_csv.py took 0.140 seconds
[2024-06-13T19:18:47.836-0300] {processor.py:157} INFO - Started process (PID=17631) to work on /home/diego/Escritorio/AIRFLOW/airflow/dags/stg_csv_to_csv.py
[2024-06-13T19:18:47.842-0300] {processor.py:829} INFO - Processing file /home/diego/Escritorio/AIRFLOW/airflow/dags/stg_csv_to_csv.py for tasks to queue
[2024-06-13T19:18:47.843-0300] {logging_mixin.py:151} INFO - [2024-06-13T19:18:47.843-0300] {dagbag.py:536} INFO - Filling up the DagBag from /home/diego/Escritorio/AIRFLOW/airflow/dags/stg_csv_to_csv.py
[2024-06-13T19:18:47.861-0300] {processor.py:839} INFO - DAG(s) dict_keys(['stg_csv_to_csv']) retrieved from /home/diego/Escritorio/AIRFLOW/airflow/dags/stg_csv_to_csv.py
[2024-06-13T19:18:47.915-0300] {logging_mixin.py:151} INFO - [2024-06-13T19:18:47.914-0300] {dag.py:2941} INFO - Sync 1 DAGs
[2024-06-13T19:18:47.940-0300] {logging_mixin.py:151} INFO - [2024-06-13T19:18:47.940-0300] {dag.py:3722} INFO - Setting next_dagrun for stg_csv_to_csv to 2024-06-13T00:00:00+00:00, run_after=2024-06-14T00:00:00+00:00
[2024-06-13T19:18:47.962-0300] {processor.py:179} INFO - Processing /home/diego/Escritorio/AIRFLOW/airflow/dags/stg_csv_to_csv.py took 0.132 seconds
[2024-06-13T19:19:18.292-0300] {processor.py:157} INFO - Started process (PID=17683) to work on /home/diego/Escritorio/AIRFLOW/airflow/dags/stg_csv_to_csv.py
[2024-06-13T19:19:18.303-0300] {processor.py:829} INFO - Processing file /home/diego/Escritorio/AIRFLOW/airflow/dags/stg_csv_to_csv.py for tasks to queue
[2024-06-13T19:19:18.304-0300] {logging_mixin.py:151} INFO - [2024-06-13T19:19:18.304-0300] {dagbag.py:536} INFO - Filling up the DagBag from /home/diego/Escritorio/AIRFLOW/airflow/dags/stg_csv_to_csv.py
[2024-06-13T19:19:18.324-0300] {processor.py:839} INFO - DAG(s) dict_keys(['stg_csv_to_csv']) retrieved from /home/diego/Escritorio/AIRFLOW/airflow/dags/stg_csv_to_csv.py
[2024-06-13T19:19:18.376-0300] {logging_mixin.py:151} INFO - [2024-06-13T19:19:18.375-0300] {dag.py:2941} INFO - Sync 1 DAGs
[2024-06-13T19:19:18.399-0300] {logging_mixin.py:151} INFO - [2024-06-13T19:19:18.399-0300] {dag.py:3722} INFO - Setting next_dagrun for stg_csv_to_csv to 2024-06-13T00:00:00+00:00, run_after=2024-06-14T00:00:00+00:00
[2024-06-13T19:19:18.424-0300] {processor.py:179} INFO - Processing /home/diego/Escritorio/AIRFLOW/airflow/dags/stg_csv_to_csv.py took 0.138 seconds
[2024-06-13T19:19:48.735-0300] {processor.py:157} INFO - Started process (PID=17817) to work on /home/diego/Escritorio/AIRFLOW/airflow/dags/stg_csv_to_csv.py
[2024-06-13T19:19:48.736-0300] {processor.py:829} INFO - Processing file /home/diego/Escritorio/AIRFLOW/airflow/dags/stg_csv_to_csv.py for tasks to queue
[2024-06-13T19:19:48.737-0300] {logging_mixin.py:151} INFO - [2024-06-13T19:19:48.737-0300] {dagbag.py:536} INFO - Filling up the DagBag from /home/diego/Escritorio/AIRFLOW/airflow/dags/stg_csv_to_csv.py
[2024-06-13T19:19:48.755-0300] {processor.py:839} INFO - DAG(s) dict_keys(['stg_csv_to_csv']) retrieved from /home/diego/Escritorio/AIRFLOW/airflow/dags/stg_csv_to_csv.py
[2024-06-13T19:19:48.792-0300] {logging_mixin.py:151} INFO - [2024-06-13T19:19:48.792-0300] {dag.py:2941} INFO - Sync 1 DAGs
[2024-06-13T19:19:48.818-0300] {logging_mixin.py:151} INFO - [2024-06-13T19:19:48.818-0300] {dag.py:3722} INFO - Setting next_dagrun for stg_csv_to_csv to 2024-06-13T00:00:00+00:00, run_after=2024-06-14T00:00:00+00:00
[2024-06-13T19:19:48.892-0300] {processor.py:179} INFO - Processing /home/diego/Escritorio/AIRFLOW/airflow/dags/stg_csv_to_csv.py took 0.162 seconds
[2024-06-13T19:20:19.034-0300] {processor.py:157} INFO - Started process (PID=17920) to work on /home/diego/Escritorio/AIRFLOW/airflow/dags/stg_csv_to_csv.py
[2024-06-13T19:20:19.038-0300] {processor.py:829} INFO - Processing file /home/diego/Escritorio/AIRFLOW/airflow/dags/stg_csv_to_csv.py for tasks to queue
[2024-06-13T19:20:19.039-0300] {logging_mixin.py:151} INFO - [2024-06-13T19:20:19.039-0300] {dagbag.py:536} INFO - Filling up the DagBag from /home/diego/Escritorio/AIRFLOW/airflow/dags/stg_csv_to_csv.py
[2024-06-13T19:20:19.058-0300] {processor.py:839} INFO - DAG(s) dict_keys(['stg_csv_to_csv']) retrieved from /home/diego/Escritorio/AIRFLOW/airflow/dags/stg_csv_to_csv.py
[2024-06-13T19:20:19.092-0300] {logging_mixin.py:151} INFO - [2024-06-13T19:20:19.091-0300] {dag.py:2941} INFO - Sync 1 DAGs
[2024-06-13T19:20:19.113-0300] {logging_mixin.py:151} INFO - [2024-06-13T19:20:19.113-0300] {dag.py:3722} INFO - Setting next_dagrun for stg_csv_to_csv to 2024-06-13T00:00:00+00:00, run_after=2024-06-14T00:00:00+00:00
[2024-06-13T19:20:19.291-0300] {processor.py:179} INFO - Processing /home/diego/Escritorio/AIRFLOW/airflow/dags/stg_csv_to_csv.py took 0.263 seconds
[2024-06-13T19:20:49.333-0300] {processor.py:157} INFO - Started process (PID=18112) to work on /home/diego/Escritorio/AIRFLOW/airflow/dags/stg_csv_to_csv.py
[2024-06-13T19:20:49.334-0300] {processor.py:829} INFO - Processing file /home/diego/Escritorio/AIRFLOW/airflow/dags/stg_csv_to_csv.py for tasks to queue
[2024-06-13T19:20:49.335-0300] {logging_mixin.py:151} INFO - [2024-06-13T19:20:49.335-0300] {dagbag.py:536} INFO - Filling up the DagBag from /home/diego/Escritorio/AIRFLOW/airflow/dags/stg_csv_to_csv.py
[2024-06-13T19:20:49.346-0300] {processor.py:839} INFO - DAG(s) dict_keys(['stg_csv_to_csv']) retrieved from /home/diego/Escritorio/AIRFLOW/airflow/dags/stg_csv_to_csv.py
[2024-06-13T19:20:49.387-0300] {logging_mixin.py:151} INFO - [2024-06-13T19:20:49.387-0300] {dag.py:2941} INFO - Sync 1 DAGs
[2024-06-13T19:20:49.415-0300] {logging_mixin.py:151} INFO - [2024-06-13T19:20:49.415-0300] {dag.py:3722} INFO - Setting next_dagrun for stg_csv_to_csv to 2024-06-13T00:00:00+00:00, run_after=2024-06-14T00:00:00+00:00
[2024-06-13T19:20:49.444-0300] {processor.py:179} INFO - Processing /home/diego/Escritorio/AIRFLOW/airflow/dags/stg_csv_to_csv.py took 0.115 seconds
