[2024-06-13T19:07:32.399-0300] {processor.py:157} INFO - Started process (PID=13749) to work on /home/diego/Escritorio/AIRFLOW/airflow/dags/stg_post_to_snow.py
[2024-06-13T19:07:32.399-0300] {processor.py:829} INFO - Processing file /home/diego/Escritorio/AIRFLOW/airflow/dags/stg_post_to_snow.py for tasks to queue
[2024-06-13T19:07:32.404-0300] {logging_mixin.py:151} INFO - [2024-06-13T19:07:32.404-0300] {dagbag.py:536} INFO - Filling up the DagBag from /home/diego/Escritorio/AIRFLOW/airflow/dags/stg_post_to_snow.py
[2024-06-13T19:07:32.454-0300] {processor.py:839} INFO - DAG(s) dict_keys(['migrate_buildings_data']) retrieved from /home/diego/Escritorio/AIRFLOW/airflow/dags/stg_post_to_snow.py
[2024-06-13T19:07:32.542-0300] {logging_mixin.py:151} INFO - [2024-06-13T19:07:32.541-0300] {dag.py:2941} INFO - Sync 1 DAGs
[2024-06-13T19:07:32.561-0300] {logging_mixin.py:151} INFO - [2024-06-13T19:07:32.560-0300] {dag.py:3722} INFO - Setting next_dagrun for migrate_buildings_data to None, run_after=None
[2024-06-13T19:07:32.604-0300] {processor.py:179} INFO - Processing /home/diego/Escritorio/AIRFLOW/airflow/dags/stg_post_to_snow.py took 0.208 seconds
[2024-06-13T19:08:03.244-0300] {processor.py:157} INFO - Started process (PID=14258) to work on /home/diego/Escritorio/AIRFLOW/airflow/dags/stg_post_to_snow.py
[2024-06-13T19:08:03.245-0300] {processor.py:829} INFO - Processing file /home/diego/Escritorio/AIRFLOW/airflow/dags/stg_post_to_snow.py for tasks to queue
[2024-06-13T19:08:03.247-0300] {logging_mixin.py:151} INFO - [2024-06-13T19:08:03.247-0300] {dagbag.py:536} INFO - Filling up the DagBag from /home/diego/Escritorio/AIRFLOW/airflow/dags/stg_post_to_snow.py
[2024-06-13T19:08:03.260-0300] {processor.py:839} INFO - DAG(s) dict_keys(['migrate_buildings_data']) retrieved from /home/diego/Escritorio/AIRFLOW/airflow/dags/stg_post_to_snow.py
[2024-06-13T19:08:03.292-0300] {logging_mixin.py:151} INFO - [2024-06-13T19:08:03.292-0300] {dag.py:2941} INFO - Sync 1 DAGs
[2024-06-13T19:08:03.306-0300] {logging_mixin.py:151} INFO - [2024-06-13T19:08:03.306-0300] {dag.py:3722} INFO - Setting next_dagrun for migrate_buildings_data to None, run_after=None
[2024-06-13T19:08:03.327-0300] {processor.py:179} INFO - Processing /home/diego/Escritorio/AIRFLOW/airflow/dags/stg_post_to_snow.py took 0.087 seconds
[2024-06-13T19:08:33.612-0300] {processor.py:157} INFO - Started process (PID=14291) to work on /home/diego/Escritorio/AIRFLOW/airflow/dags/stg_post_to_snow.py
[2024-06-13T19:08:33.626-0300] {processor.py:829} INFO - Processing file /home/diego/Escritorio/AIRFLOW/airflow/dags/stg_post_to_snow.py for tasks to queue
[2024-06-13T19:08:33.629-0300] {logging_mixin.py:151} INFO - [2024-06-13T19:08:33.628-0300] {dagbag.py:536} INFO - Filling up the DagBag from /home/diego/Escritorio/AIRFLOW/airflow/dags/stg_post_to_snow.py
[2024-06-13T19:08:33.639-0300] {processor.py:839} INFO - DAG(s) dict_keys(['migrate_buildings_data']) retrieved from /home/diego/Escritorio/AIRFLOW/airflow/dags/stg_post_to_snow.py
[2024-06-13T19:08:33.671-0300] {logging_mixin.py:151} INFO - [2024-06-13T19:08:33.670-0300] {dag.py:2941} INFO - Sync 1 DAGs
[2024-06-13T19:08:33.686-0300] {logging_mixin.py:151} INFO - [2024-06-13T19:08:33.686-0300] {dag.py:3722} INFO - Setting next_dagrun for migrate_buildings_data to None, run_after=None
[2024-06-13T19:08:33.712-0300] {processor.py:179} INFO - Processing /home/diego/Escritorio/AIRFLOW/airflow/dags/stg_post_to_snow.py took 0.104 seconds
[2024-06-13T19:09:04.001-0300] {processor.py:157} INFO - Started process (PID=14331) to work on /home/diego/Escritorio/AIRFLOW/airflow/dags/stg_post_to_snow.py
[2024-06-13T19:09:04.002-0300] {processor.py:829} INFO - Processing file /home/diego/Escritorio/AIRFLOW/airflow/dags/stg_post_to_snow.py for tasks to queue
[2024-06-13T19:09:04.005-0300] {logging_mixin.py:151} INFO - [2024-06-13T19:09:04.004-0300] {dagbag.py:536} INFO - Filling up the DagBag from /home/diego/Escritorio/AIRFLOW/airflow/dags/stg_post_to_snow.py
[2024-06-13T19:09:04.019-0300] {processor.py:839} INFO - DAG(s) dict_keys(['migrate_buildings_data']) retrieved from /home/diego/Escritorio/AIRFLOW/airflow/dags/stg_post_to_snow.py
[2024-06-13T19:09:04.058-0300] {logging_mixin.py:151} INFO - [2024-06-13T19:09:04.056-0300] {dag.py:2941} INFO - Sync 1 DAGs
[2024-06-13T19:09:04.072-0300] {logging_mixin.py:151} INFO - [2024-06-13T19:09:04.072-0300] {dag.py:3722} INFO - Setting next_dagrun for migrate_buildings_data to None, run_after=None
[2024-06-13T19:09:04.102-0300] {processor.py:179} INFO - Processing /home/diego/Escritorio/AIRFLOW/airflow/dags/stg_post_to_snow.py took 0.105 seconds
[2024-06-13T19:09:34.413-0300] {processor.py:157} INFO - Started process (PID=14368) to work on /home/diego/Escritorio/AIRFLOW/airflow/dags/stg_post_to_snow.py
[2024-06-13T19:09:34.427-0300] {processor.py:829} INFO - Processing file /home/diego/Escritorio/AIRFLOW/airflow/dags/stg_post_to_snow.py for tasks to queue
[2024-06-13T19:09:34.429-0300] {logging_mixin.py:151} INFO - [2024-06-13T19:09:34.429-0300] {dagbag.py:536} INFO - Filling up the DagBag from /home/diego/Escritorio/AIRFLOW/airflow/dags/stg_post_to_snow.py
[2024-06-13T19:09:34.439-0300] {processor.py:839} INFO - DAG(s) dict_keys(['migrate_buildings_data']) retrieved from /home/diego/Escritorio/AIRFLOW/airflow/dags/stg_post_to_snow.py
[2024-06-13T19:09:34.476-0300] {logging_mixin.py:151} INFO - [2024-06-13T19:09:34.475-0300] {dag.py:2941} INFO - Sync 1 DAGs
[2024-06-13T19:09:34.490-0300] {logging_mixin.py:151} INFO - [2024-06-13T19:09:34.490-0300] {dag.py:3722} INFO - Setting next_dagrun for migrate_buildings_data to None, run_after=None
[2024-06-13T19:09:34.510-0300] {processor.py:179} INFO - Processing /home/diego/Escritorio/AIRFLOW/airflow/dags/stg_post_to_snow.py took 0.101 seconds
[2024-06-13T19:10:04.692-0300] {processor.py:157} INFO - Started process (PID=14403) to work on /home/diego/Escritorio/AIRFLOW/airflow/dags/stg_post_to_snow.py
[2024-06-13T19:10:04.693-0300] {processor.py:829} INFO - Processing file /home/diego/Escritorio/AIRFLOW/airflow/dags/stg_post_to_snow.py for tasks to queue
[2024-06-13T19:10:04.696-0300] {logging_mixin.py:151} INFO - [2024-06-13T19:10:04.696-0300] {dagbag.py:536} INFO - Filling up the DagBag from /home/diego/Escritorio/AIRFLOW/airflow/dags/stg_post_to_snow.py
[2024-06-13T19:10:04.707-0300] {processor.py:839} INFO - DAG(s) dict_keys(['migrate_buildings_data']) retrieved from /home/diego/Escritorio/AIRFLOW/airflow/dags/stg_post_to_snow.py
[2024-06-13T19:10:04.741-0300] {logging_mixin.py:151} INFO - [2024-06-13T19:10:04.740-0300] {dag.py:2941} INFO - Sync 1 DAGs
[2024-06-13T19:10:04.755-0300] {logging_mixin.py:151} INFO - [2024-06-13T19:10:04.755-0300] {dag.py:3722} INFO - Setting next_dagrun for migrate_buildings_data to None, run_after=None
[2024-06-13T19:10:04.778-0300] {processor.py:179} INFO - Processing /home/diego/Escritorio/AIRFLOW/airflow/dags/stg_post_to_snow.py took 0.089 seconds
[2024-06-13T19:10:35.070-0300] {processor.py:157} INFO - Started process (PID=14526) to work on /home/diego/Escritorio/AIRFLOW/airflow/dags/stg_post_to_snow.py
[2024-06-13T19:10:35.071-0300] {processor.py:829} INFO - Processing file /home/diego/Escritorio/AIRFLOW/airflow/dags/stg_post_to_snow.py for tasks to queue
[2024-06-13T19:10:35.073-0300] {logging_mixin.py:151} INFO - [2024-06-13T19:10:35.073-0300] {dagbag.py:536} INFO - Filling up the DagBag from /home/diego/Escritorio/AIRFLOW/airflow/dags/stg_post_to_snow.py
[2024-06-13T19:10:35.087-0300] {processor.py:839} INFO - DAG(s) dict_keys(['migrate_buildings_data']) retrieved from /home/diego/Escritorio/AIRFLOW/airflow/dags/stg_post_to_snow.py
[2024-06-13T19:10:35.129-0300] {logging_mixin.py:151} INFO - [2024-06-13T19:10:35.124-0300] {dag.py:2941} INFO - Sync 1 DAGs
[2024-06-13T19:10:35.153-0300] {logging_mixin.py:151} INFO - [2024-06-13T19:10:35.153-0300] {dag.py:3722} INFO - Setting next_dagrun for migrate_buildings_data to None, run_after=None
[2024-06-13T19:10:35.190-0300] {processor.py:179} INFO - Processing /home/diego/Escritorio/AIRFLOW/airflow/dags/stg_post_to_snow.py took 0.123 seconds
[2024-06-13T19:11:05.537-0300] {processor.py:157} INFO - Started process (PID=14860) to work on /home/diego/Escritorio/AIRFLOW/airflow/dags/stg_post_to_snow.py
[2024-06-13T19:11:05.539-0300] {processor.py:829} INFO - Processing file /home/diego/Escritorio/AIRFLOW/airflow/dags/stg_post_to_snow.py for tasks to queue
[2024-06-13T19:11:05.542-0300] {logging_mixin.py:151} INFO - [2024-06-13T19:11:05.542-0300] {dagbag.py:536} INFO - Filling up the DagBag from /home/diego/Escritorio/AIRFLOW/airflow/dags/stg_post_to_snow.py
[2024-06-13T19:11:05.575-0300] {processor.py:839} INFO - DAG(s) dict_keys(['migrate_buildings_data']) retrieved from /home/diego/Escritorio/AIRFLOW/airflow/dags/stg_post_to_snow.py
[2024-06-13T19:11:05.631-0300] {logging_mixin.py:151} INFO - [2024-06-13T19:11:05.630-0300] {dag.py:2941} INFO - Sync 1 DAGs
[2024-06-13T19:11:05.648-0300] {logging_mixin.py:151} INFO - [2024-06-13T19:11:05.648-0300] {dag.py:3722} INFO - Setting next_dagrun for migrate_buildings_data to None, run_after=None
[2024-06-13T19:11:05.674-0300] {processor.py:179} INFO - Processing /home/diego/Escritorio/AIRFLOW/airflow/dags/stg_post_to_snow.py took 0.140 seconds
[2024-06-13T19:11:35.959-0300] {processor.py:157} INFO - Started process (PID=15215) to work on /home/diego/Escritorio/AIRFLOW/airflow/dags/stg_post_to_snow.py
[2024-06-13T19:11:35.963-0300] {processor.py:829} INFO - Processing file /home/diego/Escritorio/AIRFLOW/airflow/dags/stg_post_to_snow.py for tasks to queue
[2024-06-13T19:11:35.965-0300] {logging_mixin.py:151} INFO - [2024-06-13T19:11:35.964-0300] {dagbag.py:536} INFO - Filling up the DagBag from /home/diego/Escritorio/AIRFLOW/airflow/dags/stg_post_to_snow.py
[2024-06-13T19:11:35.974-0300] {processor.py:839} INFO - DAG(s) dict_keys(['migrate_buildings_data']) retrieved from /home/diego/Escritorio/AIRFLOW/airflow/dags/stg_post_to_snow.py
[2024-06-13T19:11:36.017-0300] {logging_mixin.py:151} INFO - [2024-06-13T19:11:36.017-0300] {dag.py:2941} INFO - Sync 1 DAGs
[2024-06-13T19:11:36.032-0300] {logging_mixin.py:151} INFO - [2024-06-13T19:11:36.031-0300] {dag.py:3722} INFO - Setting next_dagrun for migrate_buildings_data to None, run_after=None
[2024-06-13T19:11:36.070-0300] {processor.py:179} INFO - Processing /home/diego/Escritorio/AIRFLOW/airflow/dags/stg_post_to_snow.py took 0.116 seconds
[2024-06-13T19:12:06.389-0300] {processor.py:157} INFO - Started process (PID=15472) to work on /home/diego/Escritorio/AIRFLOW/airflow/dags/stg_post_to_snow.py
[2024-06-13T19:12:06.403-0300] {processor.py:829} INFO - Processing file /home/diego/Escritorio/AIRFLOW/airflow/dags/stg_post_to_snow.py for tasks to queue
[2024-06-13T19:12:06.408-0300] {logging_mixin.py:151} INFO - [2024-06-13T19:12:06.408-0300] {dagbag.py:536} INFO - Filling up the DagBag from /home/diego/Escritorio/AIRFLOW/airflow/dags/stg_post_to_snow.py
[2024-06-13T19:12:06.420-0300] {processor.py:839} INFO - DAG(s) dict_keys(['migrate_buildings_data']) retrieved from /home/diego/Escritorio/AIRFLOW/airflow/dags/stg_post_to_snow.py
[2024-06-13T19:12:06.453-0300] {logging_mixin.py:151} INFO - [2024-06-13T19:12:06.451-0300] {dag.py:2941} INFO - Sync 1 DAGs
[2024-06-13T19:12:06.467-0300] {logging_mixin.py:151} INFO - [2024-06-13T19:12:06.467-0300] {dag.py:3722} INFO - Setting next_dagrun for migrate_buildings_data to None, run_after=None
[2024-06-13T19:12:06.491-0300] {processor.py:179} INFO - Processing /home/diego/Escritorio/AIRFLOW/airflow/dags/stg_post_to_snow.py took 0.106 seconds
[2024-06-13T19:12:36.828-0300] {processor.py:157} INFO - Started process (PID=15612) to work on /home/diego/Escritorio/AIRFLOW/airflow/dags/stg_post_to_snow.py
[2024-06-13T19:12:36.829-0300] {processor.py:829} INFO - Processing file /home/diego/Escritorio/AIRFLOW/airflow/dags/stg_post_to_snow.py for tasks to queue
[2024-06-13T19:12:36.833-0300] {logging_mixin.py:151} INFO - [2024-06-13T19:12:36.833-0300] {dagbag.py:536} INFO - Filling up the DagBag from /home/diego/Escritorio/AIRFLOW/airflow/dags/stg_post_to_snow.py
[2024-06-13T19:12:36.852-0300] {processor.py:839} INFO - DAG(s) dict_keys(['migrate_buildings_data']) retrieved from /home/diego/Escritorio/AIRFLOW/airflow/dags/stg_post_to_snow.py
[2024-06-13T19:12:36.887-0300] {logging_mixin.py:151} INFO - [2024-06-13T19:12:36.886-0300] {dag.py:2941} INFO - Sync 1 DAGs
[2024-06-13T19:12:36.900-0300] {logging_mixin.py:151} INFO - [2024-06-13T19:12:36.900-0300] {dag.py:3722} INFO - Setting next_dagrun for migrate_buildings_data to None, run_after=None
[2024-06-13T19:12:36.928-0300] {processor.py:179} INFO - Processing /home/diego/Escritorio/AIRFLOW/airflow/dags/stg_post_to_snow.py took 0.106 seconds
[2024-06-13T19:13:07.256-0300] {processor.py:157} INFO - Started process (PID=15968) to work on /home/diego/Escritorio/AIRFLOW/airflow/dags/stg_post_to_snow.py
[2024-06-13T19:13:07.257-0300] {processor.py:829} INFO - Processing file /home/diego/Escritorio/AIRFLOW/airflow/dags/stg_post_to_snow.py for tasks to queue
[2024-06-13T19:13:07.260-0300] {logging_mixin.py:151} INFO - [2024-06-13T19:13:07.259-0300] {dagbag.py:536} INFO - Filling up the DagBag from /home/diego/Escritorio/AIRFLOW/airflow/dags/stg_post_to_snow.py
[2024-06-13T19:13:07.270-0300] {processor.py:839} INFO - DAG(s) dict_keys(['migrate_buildings_data']) retrieved from /home/diego/Escritorio/AIRFLOW/airflow/dags/stg_post_to_snow.py
[2024-06-13T19:13:07.300-0300] {logging_mixin.py:151} INFO - [2024-06-13T19:13:07.299-0300] {dag.py:2941} INFO - Sync 1 DAGs
[2024-06-13T19:13:07.314-0300] {logging_mixin.py:151} INFO - [2024-06-13T19:13:07.314-0300] {dag.py:3722} INFO - Setting next_dagrun for migrate_buildings_data to None, run_after=None
[2024-06-13T19:13:07.335-0300] {processor.py:179} INFO - Processing /home/diego/Escritorio/AIRFLOW/airflow/dags/stg_post_to_snow.py took 0.083 seconds
[2024-06-13T19:13:37.641-0300] {processor.py:157} INFO - Started process (PID=16203) to work on /home/diego/Escritorio/AIRFLOW/airflow/dags/stg_post_to_snow.py
[2024-06-13T19:13:37.642-0300] {processor.py:829} INFO - Processing file /home/diego/Escritorio/AIRFLOW/airflow/dags/stg_post_to_snow.py for tasks to queue
[2024-06-13T19:13:37.646-0300] {logging_mixin.py:151} INFO - [2024-06-13T19:13:37.646-0300] {dagbag.py:536} INFO - Filling up the DagBag from /home/diego/Escritorio/AIRFLOW/airflow/dags/stg_post_to_snow.py
[2024-06-13T19:13:37.659-0300] {processor.py:839} INFO - DAG(s) dict_keys(['migrate_buildings_data']) retrieved from /home/diego/Escritorio/AIRFLOW/airflow/dags/stg_post_to_snow.py
[2024-06-13T19:13:37.693-0300] {logging_mixin.py:151} INFO - [2024-06-13T19:13:37.692-0300] {dag.py:2941} INFO - Sync 1 DAGs
[2024-06-13T19:13:37.707-0300] {logging_mixin.py:151} INFO - [2024-06-13T19:13:37.706-0300] {dag.py:3722} INFO - Setting next_dagrun for migrate_buildings_data to None, run_after=None
[2024-06-13T19:13:37.731-0300] {processor.py:179} INFO - Processing /home/diego/Escritorio/AIRFLOW/airflow/dags/stg_post_to_snow.py took 0.096 seconds
[2024-06-13T19:14:08.058-0300] {processor.py:157} INFO - Started process (PID=16375) to work on /home/diego/Escritorio/AIRFLOW/airflow/dags/stg_post_to_snow.py
[2024-06-13T19:14:08.072-0300] {processor.py:829} INFO - Processing file /home/diego/Escritorio/AIRFLOW/airflow/dags/stg_post_to_snow.py for tasks to queue
[2024-06-13T19:14:08.076-0300] {logging_mixin.py:151} INFO - [2024-06-13T19:14:08.075-0300] {dagbag.py:536} INFO - Filling up the DagBag from /home/diego/Escritorio/AIRFLOW/airflow/dags/stg_post_to_snow.py
[2024-06-13T19:14:08.093-0300] {processor.py:839} INFO - DAG(s) dict_keys(['migrate_buildings_data']) retrieved from /home/diego/Escritorio/AIRFLOW/airflow/dags/stg_post_to_snow.py
[2024-06-13T19:14:08.143-0300] {logging_mixin.py:151} INFO - [2024-06-13T19:14:08.141-0300] {dag.py:2941} INFO - Sync 1 DAGs
[2024-06-13T19:14:08.156-0300] {logging_mixin.py:151} INFO - [2024-06-13T19:14:08.156-0300] {dag.py:3722} INFO - Setting next_dagrun for migrate_buildings_data to None, run_after=None
[2024-06-13T19:14:08.178-0300] {processor.py:179} INFO - Processing /home/diego/Escritorio/AIRFLOW/airflow/dags/stg_post_to_snow.py took 0.125 seconds
[2024-06-13T19:14:35.494-0300] {processor.py:157} INFO - Started process (PID=16517) to work on /home/diego/Escritorio/AIRFLOW/airflow/dags/stg_post_to_snow.py
[2024-06-13T19:14:35.504-0300] {processor.py:829} INFO - Processing file /home/diego/Escritorio/AIRFLOW/airflow/dags/stg_post_to_snow.py for tasks to queue
[2024-06-13T19:14:35.506-0300] {logging_mixin.py:151} INFO - [2024-06-13T19:14:35.506-0300] {dagbag.py:536} INFO - Filling up the DagBag from /home/diego/Escritorio/AIRFLOW/airflow/dags/stg_post_to_snow.py
[2024-06-13T19:14:35.516-0300] {processor.py:839} INFO - DAG(s) dict_keys(['stg_post_to_snow']) retrieved from /home/diego/Escritorio/AIRFLOW/airflow/dags/stg_post_to_snow.py
[2024-06-13T19:14:35.630-0300] {logging_mixin.py:151} INFO - [2024-06-13T19:14:35.630-0300] {manager.py:499} INFO - Created Permission View: %s
[2024-06-13T19:14:35.640-0300] {logging_mixin.py:151} INFO - [2024-06-13T19:14:35.640-0300] {manager.py:499} INFO - Created Permission View: %s
[2024-06-13T19:14:35.647-0300] {logging_mixin.py:151} INFO - [2024-06-13T19:14:35.647-0300] {manager.py:499} INFO - Created Permission View: %s
[2024-06-13T19:14:35.648-0300] {logging_mixin.py:151} INFO - [2024-06-13T19:14:35.647-0300] {dag.py:2941} INFO - Sync 1 DAGs
[2024-06-13T19:14:35.659-0300] {logging_mixin.py:151} INFO - [2024-06-13T19:14:35.659-0300] {dag.py:2963} INFO - Creating ORM DAG for stg_post_to_snow
[2024-06-13T19:14:35.660-0300] {logging_mixin.py:151} INFO - [2024-06-13T19:14:35.660-0300] {dag.py:3722} INFO - Setting next_dagrun for stg_post_to_snow to None, run_after=None
[2024-06-13T19:14:35.675-0300] {processor.py:179} INFO - Processing /home/diego/Escritorio/AIRFLOW/airflow/dags/stg_post_to_snow.py took 0.188 seconds
[2024-06-13T19:15:05.889-0300] {processor.py:157} INFO - Started process (PID=16661) to work on /home/diego/Escritorio/AIRFLOW/airflow/dags/stg_post_to_snow.py
[2024-06-13T19:15:05.894-0300] {processor.py:829} INFO - Processing file /home/diego/Escritorio/AIRFLOW/airflow/dags/stg_post_to_snow.py for tasks to queue
[2024-06-13T19:15:05.897-0300] {logging_mixin.py:151} INFO - [2024-06-13T19:15:05.897-0300] {dagbag.py:536} INFO - Filling up the DagBag from /home/diego/Escritorio/AIRFLOW/airflow/dags/stg_post_to_snow.py
[2024-06-13T19:15:05.915-0300] {processor.py:839} INFO - DAG(s) dict_keys(['stg_post_to_snow']) retrieved from /home/diego/Escritorio/AIRFLOW/airflow/dags/stg_post_to_snow.py
[2024-06-13T19:15:05.951-0300] {logging_mixin.py:151} INFO - [2024-06-13T19:15:05.951-0300] {dag.py:2941} INFO - Sync 1 DAGs
[2024-06-13T19:15:05.964-0300] {logging_mixin.py:151} INFO - [2024-06-13T19:15:05.964-0300] {dag.py:3722} INFO - Setting next_dagrun for stg_post_to_snow to None, run_after=None
[2024-06-13T19:15:05.991-0300] {processor.py:179} INFO - Processing /home/diego/Escritorio/AIRFLOW/airflow/dags/stg_post_to_snow.py took 0.108 seconds
[2024-06-13T19:15:39.230-0300] {processor.py:157} INFO - Started process (PID=16750) to work on /home/diego/Escritorio/AIRFLOW/airflow/dags/stg_post_to_snow.py
[2024-06-13T19:15:39.311-0300] {processor.py:829} INFO - Processing file /home/diego/Escritorio/AIRFLOW/airflow/dags/stg_post_to_snow.py for tasks to queue
[2024-06-13T19:15:39.312-0300] {logging_mixin.py:151} INFO - [2024-06-13T19:15:39.312-0300] {dagbag.py:536} INFO - Filling up the DagBag from /home/diego/Escritorio/AIRFLOW/airflow/dags/stg_post_to_snow.py
[2024-06-13T19:15:39.332-0300] {processor.py:839} INFO - DAG(s) dict_keys(['stg_post_to_snow']) retrieved from /home/diego/Escritorio/AIRFLOW/airflow/dags/stg_post_to_snow.py
[2024-06-13T19:15:39.367-0300] {logging_mixin.py:151} INFO - [2024-06-13T19:15:39.367-0300] {dag.py:2941} INFO - Sync 1 DAGs
[2024-06-13T19:15:39.381-0300] {logging_mixin.py:151} INFO - [2024-06-13T19:15:39.381-0300] {dag.py:3722} INFO - Setting next_dagrun for stg_post_to_snow to None, run_after=None
[2024-06-13T19:15:43.164-0300] {processor.py:179} INFO - Processing /home/diego/Escritorio/AIRFLOW/airflow/dags/stg_post_to_snow.py took 3.938 seconds
[2024-06-13T19:16:13.607-0300] {processor.py:157} INFO - Started process (PID=16841) to work on /home/diego/Escritorio/AIRFLOW/airflow/dags/stg_post_to_snow.py
[2024-06-13T19:16:13.618-0300] {processor.py:829} INFO - Processing file /home/diego/Escritorio/AIRFLOW/airflow/dags/stg_post_to_snow.py for tasks to queue
[2024-06-13T19:16:13.619-0300] {logging_mixin.py:151} INFO - [2024-06-13T19:16:13.619-0300] {dagbag.py:536} INFO - Filling up the DagBag from /home/diego/Escritorio/AIRFLOW/airflow/dags/stg_post_to_snow.py
[2024-06-13T19:16:13.630-0300] {processor.py:839} INFO - DAG(s) dict_keys(['stg_post_to_snow']) retrieved from /home/diego/Escritorio/AIRFLOW/airflow/dags/stg_post_to_snow.py
[2024-06-13T19:16:13.664-0300] {logging_mixin.py:151} INFO - [2024-06-13T19:16:13.663-0300] {dag.py:2941} INFO - Sync 1 DAGs
[2024-06-13T19:16:13.680-0300] {logging_mixin.py:151} INFO - [2024-06-13T19:16:13.679-0300] {dag.py:3722} INFO - Setting next_dagrun for stg_post_to_snow to None, run_after=None
[2024-06-13T19:16:13.703-0300] {processor.py:179} INFO - Processing /home/diego/Escritorio/AIRFLOW/airflow/dags/stg_post_to_snow.py took 0.101 seconds
[2024-06-13T19:16:44.014-0300] {processor.py:157} INFO - Started process (PID=16972) to work on /home/diego/Escritorio/AIRFLOW/airflow/dags/stg_post_to_snow.py
[2024-06-13T19:16:44.019-0300] {processor.py:829} INFO - Processing file /home/diego/Escritorio/AIRFLOW/airflow/dags/stg_post_to_snow.py for tasks to queue
[2024-06-13T19:16:44.020-0300] {logging_mixin.py:151} INFO - [2024-06-13T19:16:44.020-0300] {dagbag.py:536} INFO - Filling up the DagBag from /home/diego/Escritorio/AIRFLOW/airflow/dags/stg_post_to_snow.py
[2024-06-13T19:16:44.031-0300] {processor.py:839} INFO - DAG(s) dict_keys(['stg_post_to_snow']) retrieved from /home/diego/Escritorio/AIRFLOW/airflow/dags/stg_post_to_snow.py
[2024-06-13T19:16:44.060-0300] {logging_mixin.py:151} INFO - [2024-06-13T19:16:44.060-0300] {dag.py:2941} INFO - Sync 1 DAGs
[2024-06-13T19:16:44.073-0300] {logging_mixin.py:151} INFO - [2024-06-13T19:16:44.072-0300] {dag.py:3722} INFO - Setting next_dagrun for stg_post_to_snow to None, run_after=None
[2024-06-13T19:16:44.094-0300] {processor.py:179} INFO - Processing /home/diego/Escritorio/AIRFLOW/airflow/dags/stg_post_to_snow.py took 0.087 seconds
[2024-06-13T19:17:14.423-0300] {processor.py:157} INFO - Started process (PID=17282) to work on /home/diego/Escritorio/AIRFLOW/airflow/dags/stg_post_to_snow.py
[2024-06-13T19:17:14.429-0300] {processor.py:829} INFO - Processing file /home/diego/Escritorio/AIRFLOW/airflow/dags/stg_post_to_snow.py for tasks to queue
[2024-06-13T19:17:14.431-0300] {logging_mixin.py:151} INFO - [2024-06-13T19:17:14.430-0300] {dagbag.py:536} INFO - Filling up the DagBag from /home/diego/Escritorio/AIRFLOW/airflow/dags/stg_post_to_snow.py
[2024-06-13T19:17:14.451-0300] {processor.py:839} INFO - DAG(s) dict_keys(['stg_post_to_snow']) retrieved from /home/diego/Escritorio/AIRFLOW/airflow/dags/stg_post_to_snow.py
[2024-06-13T19:17:14.486-0300] {logging_mixin.py:151} INFO - [2024-06-13T19:17:14.485-0300] {dag.py:2941} INFO - Sync 1 DAGs
[2024-06-13T19:17:14.498-0300] {logging_mixin.py:151} INFO - [2024-06-13T19:17:14.498-0300] {dag.py:3722} INFO - Setting next_dagrun for stg_post_to_snow to None, run_after=None
[2024-06-13T19:17:14.519-0300] {processor.py:179} INFO - Processing /home/diego/Escritorio/AIRFLOW/airflow/dags/stg_post_to_snow.py took 0.101 seconds
[2024-06-13T19:17:44.858-0300] {processor.py:157} INFO - Started process (PID=17425) to work on /home/diego/Escritorio/AIRFLOW/airflow/dags/stg_post_to_snow.py
[2024-06-13T19:17:44.860-0300] {processor.py:829} INFO - Processing file /home/diego/Escritorio/AIRFLOW/airflow/dags/stg_post_to_snow.py for tasks to queue
[2024-06-13T19:17:44.861-0300] {logging_mixin.py:151} INFO - [2024-06-13T19:17:44.861-0300] {dagbag.py:536} INFO - Filling up the DagBag from /home/diego/Escritorio/AIRFLOW/airflow/dags/stg_post_to_snow.py
[2024-06-13T19:17:44.884-0300] {processor.py:839} INFO - DAG(s) dict_keys(['stg_post_to_snow']) retrieved from /home/diego/Escritorio/AIRFLOW/airflow/dags/stg_post_to_snow.py
[2024-06-13T19:17:44.914-0300] {logging_mixin.py:151} INFO - [2024-06-13T19:17:44.914-0300] {dag.py:2941} INFO - Sync 1 DAGs
[2024-06-13T19:17:44.927-0300] {logging_mixin.py:151} INFO - [2024-06-13T19:17:44.927-0300] {dag.py:3722} INFO - Setting next_dagrun for stg_post_to_snow to None, run_after=None
[2024-06-13T19:17:44.946-0300] {processor.py:179} INFO - Processing /home/diego/Escritorio/AIRFLOW/airflow/dags/stg_post_to_snow.py took 0.094 seconds
[2024-06-13T19:18:15.255-0300] {processor.py:157} INFO - Started process (PID=17551) to work on /home/diego/Escritorio/AIRFLOW/airflow/dags/stg_post_to_snow.py
[2024-06-13T19:18:15.267-0300] {processor.py:829} INFO - Processing file /home/diego/Escritorio/AIRFLOW/airflow/dags/stg_post_to_snow.py for tasks to queue
[2024-06-13T19:18:15.269-0300] {logging_mixin.py:151} INFO - [2024-06-13T19:18:15.268-0300] {dagbag.py:536} INFO - Filling up the DagBag from /home/diego/Escritorio/AIRFLOW/airflow/dags/stg_post_to_snow.py
[2024-06-13T19:18:15.287-0300] {processor.py:839} INFO - DAG(s) dict_keys(['stg_post_to_snow']) retrieved from /home/diego/Escritorio/AIRFLOW/airflow/dags/stg_post_to_snow.py
[2024-06-13T19:18:15.320-0300] {logging_mixin.py:151} INFO - [2024-06-13T19:18:15.319-0300] {dag.py:2941} INFO - Sync 1 DAGs
[2024-06-13T19:18:15.333-0300] {logging_mixin.py:151} INFO - [2024-06-13T19:18:15.332-0300] {dag.py:3722} INFO - Setting next_dagrun for stg_post_to_snow to None, run_after=None
[2024-06-13T19:18:15.355-0300] {processor.py:179} INFO - Processing /home/diego/Escritorio/AIRFLOW/airflow/dags/stg_post_to_snow.py took 0.106 seconds
[2024-06-13T19:18:45.714-0300] {processor.py:157} INFO - Started process (PID=17618) to work on /home/diego/Escritorio/AIRFLOW/airflow/dags/stg_post_to_snow.py
[2024-06-13T19:18:45.719-0300] {processor.py:829} INFO - Processing file /home/diego/Escritorio/AIRFLOW/airflow/dags/stg_post_to_snow.py for tasks to queue
[2024-06-13T19:18:45.720-0300] {logging_mixin.py:151} INFO - [2024-06-13T19:18:45.720-0300] {dagbag.py:536} INFO - Filling up the DagBag from /home/diego/Escritorio/AIRFLOW/airflow/dags/stg_post_to_snow.py
[2024-06-13T19:18:45.732-0300] {processor.py:839} INFO - DAG(s) dict_keys(['stg_post_to_snow']) retrieved from /home/diego/Escritorio/AIRFLOW/airflow/dags/stg_post_to_snow.py
[2024-06-13T19:18:45.762-0300] {logging_mixin.py:151} INFO - [2024-06-13T19:18:45.762-0300] {dag.py:2941} INFO - Sync 1 DAGs
[2024-06-13T19:18:45.774-0300] {logging_mixin.py:151} INFO - [2024-06-13T19:18:45.774-0300] {dag.py:3722} INFO - Setting next_dagrun for stg_post_to_snow to None, run_after=None
[2024-06-13T19:18:45.792-0300] {processor.py:179} INFO - Processing /home/diego/Escritorio/AIRFLOW/airflow/dags/stg_post_to_snow.py took 0.081 seconds
[2024-06-13T19:19:16.137-0300] {processor.py:157} INFO - Started process (PID=17670) to work on /home/diego/Escritorio/AIRFLOW/airflow/dags/stg_post_to_snow.py
[2024-06-13T19:19:16.148-0300] {processor.py:829} INFO - Processing file /home/diego/Escritorio/AIRFLOW/airflow/dags/stg_post_to_snow.py for tasks to queue
[2024-06-13T19:19:16.150-0300] {logging_mixin.py:151} INFO - [2024-06-13T19:19:16.149-0300] {dagbag.py:536} INFO - Filling up the DagBag from /home/diego/Escritorio/AIRFLOW/airflow/dags/stg_post_to_snow.py
[2024-06-13T19:19:16.169-0300] {processor.py:839} INFO - DAG(s) dict_keys(['stg_post_to_snow']) retrieved from /home/diego/Escritorio/AIRFLOW/airflow/dags/stg_post_to_snow.py
[2024-06-13T19:19:16.206-0300] {logging_mixin.py:151} INFO - [2024-06-13T19:19:16.206-0300] {dag.py:2941} INFO - Sync 1 DAGs
[2024-06-13T19:19:16.221-0300] {logging_mixin.py:151} INFO - [2024-06-13T19:19:16.220-0300] {dag.py:3722} INFO - Setting next_dagrun for stg_post_to_snow to None, run_after=None
[2024-06-13T19:19:16.243-0300] {processor.py:179} INFO - Processing /home/diego/Escritorio/AIRFLOW/airflow/dags/stg_post_to_snow.py took 0.111 seconds
[2024-06-13T19:19:46.599-0300] {processor.py:157} INFO - Started process (PID=17802) to work on /home/diego/Escritorio/AIRFLOW/airflow/dags/stg_post_to_snow.py
[2024-06-13T19:19:46.606-0300] {processor.py:829} INFO - Processing file /home/diego/Escritorio/AIRFLOW/airflow/dags/stg_post_to_snow.py for tasks to queue
[2024-06-13T19:19:46.608-0300] {logging_mixin.py:151} INFO - [2024-06-13T19:19:46.607-0300] {dagbag.py:536} INFO - Filling up the DagBag from /home/diego/Escritorio/AIRFLOW/airflow/dags/stg_post_to_snow.py
[2024-06-13T19:19:46.627-0300] {processor.py:839} INFO - DAG(s) dict_keys(['stg_post_to_snow']) retrieved from /home/diego/Escritorio/AIRFLOW/airflow/dags/stg_post_to_snow.py
[2024-06-13T19:19:46.657-0300] {logging_mixin.py:151} INFO - [2024-06-13T19:19:46.657-0300] {dag.py:2941} INFO - Sync 1 DAGs
[2024-06-13T19:19:46.670-0300] {logging_mixin.py:151} INFO - [2024-06-13T19:19:46.669-0300] {dag.py:3722} INFO - Setting next_dagrun for stg_post_to_snow to None, run_after=None
[2024-06-13T19:19:46.689-0300] {processor.py:179} INFO - Processing /home/diego/Escritorio/AIRFLOW/airflow/dags/stg_post_to_snow.py took 0.096 seconds
[2024-06-13T19:20:16.905-0300] {processor.py:157} INFO - Started process (PID=17901) to work on /home/diego/Escritorio/AIRFLOW/airflow/dags/stg_post_to_snow.py
[2024-06-13T19:20:16.906-0300] {processor.py:829} INFO - Processing file /home/diego/Escritorio/AIRFLOW/airflow/dags/stg_post_to_snow.py for tasks to queue
[2024-06-13T19:20:16.906-0300] {logging_mixin.py:151} INFO - [2024-06-13T19:20:16.906-0300] {dagbag.py:536} INFO - Filling up the DagBag from /home/diego/Escritorio/AIRFLOW/airflow/dags/stg_post_to_snow.py
[2024-06-13T19:20:16.917-0300] {processor.py:839} INFO - DAG(s) dict_keys(['stg_post_to_snow']) retrieved from /home/diego/Escritorio/AIRFLOW/airflow/dags/stg_post_to_snow.py
[2024-06-13T19:20:16.947-0300] {logging_mixin.py:151} INFO - [2024-06-13T19:20:16.947-0300] {dag.py:2941} INFO - Sync 1 DAGs
[2024-06-13T19:20:16.961-0300] {logging_mixin.py:151} INFO - [2024-06-13T19:20:16.960-0300] {dag.py:3722} INFO - Setting next_dagrun for stg_post_to_snow to None, run_after=None
[2024-06-13T19:20:16.987-0300] {processor.py:179} INFO - Processing /home/diego/Escritorio/AIRFLOW/airflow/dags/stg_post_to_snow.py took 0.085 seconds
[2024-06-13T19:20:47.216-0300] {processor.py:157} INFO - Started process (PID=18090) to work on /home/diego/Escritorio/AIRFLOW/airflow/dags/stg_post_to_snow.py
[2024-06-13T19:20:47.217-0300] {processor.py:829} INFO - Processing file /home/diego/Escritorio/AIRFLOW/airflow/dags/stg_post_to_snow.py for tasks to queue
[2024-06-13T19:20:47.218-0300] {logging_mixin.py:151} INFO - [2024-06-13T19:20:47.218-0300] {dagbag.py:536} INFO - Filling up the DagBag from /home/diego/Escritorio/AIRFLOW/airflow/dags/stg_post_to_snow.py
[2024-06-13T19:20:47.229-0300] {processor.py:839} INFO - DAG(s) dict_keys(['stg_post_to_snow']) retrieved from /home/diego/Escritorio/AIRFLOW/airflow/dags/stg_post_to_snow.py
[2024-06-13T19:20:47.260-0300] {logging_mixin.py:151} INFO - [2024-06-13T19:20:47.260-0300] {dag.py:2941} INFO - Sync 1 DAGs
[2024-06-13T19:20:47.274-0300] {logging_mixin.py:151} INFO - [2024-06-13T19:20:47.273-0300] {dag.py:3722} INFO - Setting next_dagrun for stg_post_to_snow to None, run_after=None
[2024-06-13T19:20:47.291-0300] {processor.py:179} INFO - Processing /home/diego/Escritorio/AIRFLOW/airflow/dags/stg_post_to_snow.py took 0.080 seconds
