[2024-06-13T19:07:32.428-0300] {processor.py:157} INFO - Started process (PID=13752) to work on /home/diego/Escritorio/AIRFLOW/airflow/dags/stg_api_to_mail.py
[2024-06-13T19:07:32.429-0300] {processor.py:829} INFO - Processing file /home/diego/Escritorio/AIRFLOW/airflow/dags/stg_api_to_mail.py for tasks to queue
[2024-06-13T19:07:32.431-0300] {logging_mixin.py:151} INFO - [2024-06-13T19:07:32.431-0300] {dagbag.py:536} INFO - Filling up the DagBag from /home/diego/Escritorio/AIRFLOW/airflow/dags/stg_api_to_mail.py
[2024-06-13T19:07:32.457-0300] {processor.py:839} INFO - DAG(s) dict_keys(['stg_api_to_mail']) retrieved from /home/diego/Escritorio/AIRFLOW/airflow/dags/stg_api_to_mail.py
[2024-06-13T19:07:32.492-0300] {logging_mixin.py:151} INFO - [2024-06-13T19:07:32.491-0300] {dag.py:2941} INFO - Sync 1 DAGs
[2024-06-13T19:07:32.526-0300] {logging_mixin.py:151} INFO - [2024-06-13T19:07:32.525-0300] {dag.py:3722} INFO - Setting next_dagrun for stg_api_to_mail to 2024-06-13T00:00:00+00:00, run_after=2024-06-14T00:00:00+00:00
[2024-06-13T19:07:32.586-0300] {processor.py:179} INFO - Processing /home/diego/Escritorio/AIRFLOW/airflow/dags/stg_api_to_mail.py took 0.161 seconds
[2024-06-13T19:08:03.258-0300] {processor.py:157} INFO - Started process (PID=14261) to work on /home/diego/Escritorio/AIRFLOW/airflow/dags/stg_api_to_mail.py
[2024-06-13T19:08:03.259-0300] {processor.py:829} INFO - Processing file /home/diego/Escritorio/AIRFLOW/airflow/dags/stg_api_to_mail.py for tasks to queue
[2024-06-13T19:08:03.261-0300] {logging_mixin.py:151} INFO - [2024-06-13T19:08:03.260-0300] {dagbag.py:536} INFO - Filling up the DagBag from /home/diego/Escritorio/AIRFLOW/airflow/dags/stg_api_to_mail.py
[2024-06-13T19:08:03.270-0300] {processor.py:839} INFO - DAG(s) dict_keys(['stg_api_to_mail']) retrieved from /home/diego/Escritorio/AIRFLOW/airflow/dags/stg_api_to_mail.py
[2024-06-13T19:08:03.306-0300] {logging_mixin.py:151} INFO - [2024-06-13T19:08:03.305-0300] {dag.py:2941} INFO - Sync 1 DAGs
[2024-06-13T19:08:03.332-0300] {logging_mixin.py:151} INFO - [2024-06-13T19:08:03.332-0300] {dag.py:3722} INFO - Setting next_dagrun for stg_api_to_mail to 2024-06-13T00:00:00+00:00, run_after=2024-06-14T00:00:00+00:00
[2024-06-13T19:08:03.358-0300] {processor.py:179} INFO - Processing /home/diego/Escritorio/AIRFLOW/airflow/dags/stg_api_to_mail.py took 0.103 seconds
[2024-06-13T19:08:33.633-0300] {processor.py:157} INFO - Started process (PID=14294) to work on /home/diego/Escritorio/AIRFLOW/airflow/dags/stg_api_to_mail.py
[2024-06-13T19:08:33.637-0300] {processor.py:829} INFO - Processing file /home/diego/Escritorio/AIRFLOW/airflow/dags/stg_api_to_mail.py for tasks to queue
[2024-06-13T19:08:33.640-0300] {logging_mixin.py:151} INFO - [2024-06-13T19:08:33.640-0300] {dagbag.py:536} INFO - Filling up the DagBag from /home/diego/Escritorio/AIRFLOW/airflow/dags/stg_api_to_mail.py
[2024-06-13T19:08:33.658-0300] {processor.py:839} INFO - DAG(s) dict_keys(['stg_api_to_mail']) retrieved from /home/diego/Escritorio/AIRFLOW/airflow/dags/stg_api_to_mail.py
[2024-06-13T19:08:33.696-0300] {logging_mixin.py:151} INFO - [2024-06-13T19:08:33.695-0300] {dag.py:2941} INFO - Sync 1 DAGs
[2024-06-13T19:08:33.723-0300] {logging_mixin.py:151} INFO - [2024-06-13T19:08:33.722-0300] {dag.py:3722} INFO - Setting next_dagrun for stg_api_to_mail to 2024-06-13T00:00:00+00:00, run_after=2024-06-14T00:00:00+00:00
[2024-06-13T19:08:33.747-0300] {processor.py:179} INFO - Processing /home/diego/Escritorio/AIRFLOW/airflow/dags/stg_api_to_mail.py took 0.120 seconds
[2024-06-13T19:09:04.010-0300] {processor.py:157} INFO - Started process (PID=14334) to work on /home/diego/Escritorio/AIRFLOW/airflow/dags/stg_api_to_mail.py
[2024-06-13T19:09:04.012-0300] {processor.py:829} INFO - Processing file /home/diego/Escritorio/AIRFLOW/airflow/dags/stg_api_to_mail.py for tasks to queue
[2024-06-13T19:09:04.015-0300] {logging_mixin.py:151} INFO - [2024-06-13T19:09:04.015-0300] {dagbag.py:536} INFO - Filling up the DagBag from /home/diego/Escritorio/AIRFLOW/airflow/dags/stg_api_to_mail.py
[2024-06-13T19:09:04.029-0300] {processor.py:839} INFO - DAG(s) dict_keys(['stg_api_to_mail']) retrieved from /home/diego/Escritorio/AIRFLOW/airflow/dags/stg_api_to_mail.py
[2024-06-13T19:09:04.068-0300] {logging_mixin.py:151} INFO - [2024-06-13T19:09:04.068-0300] {dag.py:2941} INFO - Sync 1 DAGs
[2024-06-13T19:09:04.096-0300] {logging_mixin.py:151} INFO - [2024-06-13T19:09:04.096-0300] {dag.py:3722} INFO - Setting next_dagrun for stg_api_to_mail to 2024-06-13T00:00:00+00:00, run_after=2024-06-14T00:00:00+00:00
[2024-06-13T19:09:04.122-0300] {processor.py:179} INFO - Processing /home/diego/Escritorio/AIRFLOW/airflow/dags/stg_api_to_mail.py took 0.115 seconds
[2024-06-13T19:09:34.422-0300] {processor.py:157} INFO - Started process (PID=14371) to work on /home/diego/Escritorio/AIRFLOW/airflow/dags/stg_api_to_mail.py
[2024-06-13T19:09:34.427-0300] {processor.py:829} INFO - Processing file /home/diego/Escritorio/AIRFLOW/airflow/dags/stg_api_to_mail.py for tasks to queue
[2024-06-13T19:09:34.429-0300] {logging_mixin.py:151} INFO - [2024-06-13T19:09:34.429-0300] {dagbag.py:536} INFO - Filling up the DagBag from /home/diego/Escritorio/AIRFLOW/airflow/dags/stg_api_to_mail.py
[2024-06-13T19:09:34.441-0300] {processor.py:839} INFO - DAG(s) dict_keys(['stg_api_to_mail']) retrieved from /home/diego/Escritorio/AIRFLOW/airflow/dags/stg_api_to_mail.py
[2024-06-13T19:09:34.473-0300] {logging_mixin.py:151} INFO - [2024-06-13T19:09:34.472-0300] {dag.py:2941} INFO - Sync 1 DAGs
[2024-06-13T19:09:34.498-0300] {logging_mixin.py:151} INFO - [2024-06-13T19:09:34.498-0300] {dag.py:3722} INFO - Setting next_dagrun for stg_api_to_mail to 2024-06-13T00:00:00+00:00, run_after=2024-06-14T00:00:00+00:00
[2024-06-13T19:09:34.523-0300] {processor.py:179} INFO - Processing /home/diego/Escritorio/AIRFLOW/airflow/dags/stg_api_to_mail.py took 0.105 seconds
[2024-06-13T19:10:04.703-0300] {processor.py:157} INFO - Started process (PID=14406) to work on /home/diego/Escritorio/AIRFLOW/airflow/dags/stg_api_to_mail.py
[2024-06-13T19:10:04.703-0300] {processor.py:829} INFO - Processing file /home/diego/Escritorio/AIRFLOW/airflow/dags/stg_api_to_mail.py for tasks to queue
[2024-06-13T19:10:04.705-0300] {logging_mixin.py:151} INFO - [2024-06-13T19:10:04.705-0300] {dagbag.py:536} INFO - Filling up the DagBag from /home/diego/Escritorio/AIRFLOW/airflow/dags/stg_api_to_mail.py
[2024-06-13T19:10:04.716-0300] {processor.py:839} INFO - DAG(s) dict_keys(['stg_api_to_mail']) retrieved from /home/diego/Escritorio/AIRFLOW/airflow/dags/stg_api_to_mail.py
[2024-06-13T19:10:04.749-0300] {logging_mixin.py:151} INFO - [2024-06-13T19:10:04.748-0300] {dag.py:2941} INFO - Sync 1 DAGs
[2024-06-13T19:10:04.774-0300] {logging_mixin.py:151} INFO - [2024-06-13T19:10:04.774-0300] {dag.py:3722} INFO - Setting next_dagrun for stg_api_to_mail to 2024-06-13T00:00:00+00:00, run_after=2024-06-14T00:00:00+00:00
[2024-06-13T19:10:04.799-0300] {processor.py:179} INFO - Processing /home/diego/Escritorio/AIRFLOW/airflow/dags/stg_api_to_mail.py took 0.099 seconds
[2024-06-13T19:10:35.080-0300] {processor.py:157} INFO - Started process (PID=14529) to work on /home/diego/Escritorio/AIRFLOW/airflow/dags/stg_api_to_mail.py
[2024-06-13T19:10:35.081-0300] {processor.py:829} INFO - Processing file /home/diego/Escritorio/AIRFLOW/airflow/dags/stg_api_to_mail.py for tasks to queue
[2024-06-13T19:10:35.084-0300] {logging_mixin.py:151} INFO - [2024-06-13T19:10:35.084-0300] {dagbag.py:536} INFO - Filling up the DagBag from /home/diego/Escritorio/AIRFLOW/airflow/dags/stg_api_to_mail.py
[2024-06-13T19:10:35.095-0300] {processor.py:839} INFO - DAG(s) dict_keys(['stg_api_to_mail']) retrieved from /home/diego/Escritorio/AIRFLOW/airflow/dags/stg_api_to_mail.py
[2024-06-13T19:10:35.136-0300] {logging_mixin.py:151} INFO - [2024-06-13T19:10:35.135-0300] {dag.py:2941} INFO - Sync 1 DAGs
[2024-06-13T19:10:35.170-0300] {logging_mixin.py:151} INFO - [2024-06-13T19:10:35.170-0300] {dag.py:3722} INFO - Setting next_dagrun for stg_api_to_mail to 2024-06-13T00:00:00+00:00, run_after=2024-06-14T00:00:00+00:00
[2024-06-13T19:10:35.207-0300] {processor.py:179} INFO - Processing /home/diego/Escritorio/AIRFLOW/airflow/dags/stg_api_to_mail.py took 0.131 seconds
[2024-06-13T19:11:05.556-0300] {processor.py:157} INFO - Started process (PID=14863) to work on /home/diego/Escritorio/AIRFLOW/airflow/dags/stg_api_to_mail.py
[2024-06-13T19:11:05.557-0300] {processor.py:829} INFO - Processing file /home/diego/Escritorio/AIRFLOW/airflow/dags/stg_api_to_mail.py for tasks to queue
[2024-06-13T19:11:05.560-0300] {logging_mixin.py:151} INFO - [2024-06-13T19:11:05.559-0300] {dagbag.py:536} INFO - Filling up the DagBag from /home/diego/Escritorio/AIRFLOW/airflow/dags/stg_api_to_mail.py
[2024-06-13T19:11:05.570-0300] {processor.py:839} INFO - DAG(s) dict_keys(['stg_api_to_mail']) retrieved from /home/diego/Escritorio/AIRFLOW/airflow/dags/stg_api_to_mail.py
[2024-06-13T19:11:05.610-0300] {logging_mixin.py:151} INFO - [2024-06-13T19:11:05.609-0300] {dag.py:2941} INFO - Sync 1 DAGs
[2024-06-13T19:11:05.639-0300] {logging_mixin.py:151} INFO - [2024-06-13T19:11:05.639-0300] {dag.py:3722} INFO - Setting next_dagrun for stg_api_to_mail to 2024-06-13T00:00:00+00:00, run_after=2024-06-14T00:00:00+00:00
[2024-06-13T19:11:05.664-0300] {processor.py:179} INFO - Processing /home/diego/Escritorio/AIRFLOW/airflow/dags/stg_api_to_mail.py took 0.111 seconds
[2024-06-13T19:11:35.965-0300] {processor.py:157} INFO - Started process (PID=15218) to work on /home/diego/Escritorio/AIRFLOW/airflow/dags/stg_api_to_mail.py
[2024-06-13T19:11:35.975-0300] {processor.py:829} INFO - Processing file /home/diego/Escritorio/AIRFLOW/airflow/dags/stg_api_to_mail.py for tasks to queue
[2024-06-13T19:11:35.977-0300] {logging_mixin.py:151} INFO - [2024-06-13T19:11:35.977-0300] {dagbag.py:536} INFO - Filling up the DagBag from /home/diego/Escritorio/AIRFLOW/airflow/dags/stg_api_to_mail.py
[2024-06-13T19:11:35.990-0300] {processor.py:839} INFO - DAG(s) dict_keys(['stg_api_to_mail']) retrieved from /home/diego/Escritorio/AIRFLOW/airflow/dags/stg_api_to_mail.py
[2024-06-13T19:11:36.033-0300] {logging_mixin.py:151} INFO - [2024-06-13T19:11:36.032-0300] {dag.py:2941} INFO - Sync 1 DAGs
[2024-06-13T19:11:36.069-0300] {logging_mixin.py:151} INFO - [2024-06-13T19:11:36.069-0300] {dag.py:3722} INFO - Setting next_dagrun for stg_api_to_mail to 2024-06-13T00:00:00+00:00, run_after=2024-06-14T00:00:00+00:00
[2024-06-13T19:11:36.096-0300] {processor.py:179} INFO - Processing /home/diego/Escritorio/AIRFLOW/airflow/dags/stg_api_to_mail.py took 0.134 seconds
[2024-06-13T19:12:06.401-0300] {processor.py:157} INFO - Started process (PID=15475) to work on /home/diego/Escritorio/AIRFLOW/airflow/dags/stg_api_to_mail.py
[2024-06-13T19:12:06.403-0300] {processor.py:829} INFO - Processing file /home/diego/Escritorio/AIRFLOW/airflow/dags/stg_api_to_mail.py for tasks to queue
[2024-06-13T19:12:06.406-0300] {logging_mixin.py:151} INFO - [2024-06-13T19:12:06.406-0300] {dagbag.py:536} INFO - Filling up the DagBag from /home/diego/Escritorio/AIRFLOW/airflow/dags/stg_api_to_mail.py
[2024-06-13T19:12:06.419-0300] {processor.py:839} INFO - DAG(s) dict_keys(['stg_api_to_mail']) retrieved from /home/diego/Escritorio/AIRFLOW/airflow/dags/stg_api_to_mail.py
[2024-06-13T19:12:06.453-0300] {logging_mixin.py:151} INFO - [2024-06-13T19:12:06.452-0300] {dag.py:2941} INFO - Sync 1 DAGs
[2024-06-13T19:12:06.479-0300] {logging_mixin.py:151} INFO - [2024-06-13T19:12:06.478-0300] {dag.py:3722} INFO - Setting next_dagrun for stg_api_to_mail to 2024-06-13T00:00:00+00:00, run_after=2024-06-14T00:00:00+00:00
[2024-06-13T19:12:06.504-0300] {processor.py:179} INFO - Processing /home/diego/Escritorio/AIRFLOW/airflow/dags/stg_api_to_mail.py took 0.107 seconds
[2024-06-13T19:12:36.838-0300] {processor.py:157} INFO - Started process (PID=15615) to work on /home/diego/Escritorio/AIRFLOW/airflow/dags/stg_api_to_mail.py
[2024-06-13T19:12:36.838-0300] {processor.py:829} INFO - Processing file /home/diego/Escritorio/AIRFLOW/airflow/dags/stg_api_to_mail.py for tasks to queue
[2024-06-13T19:12:36.840-0300] {logging_mixin.py:151} INFO - [2024-06-13T19:12:36.840-0300] {dagbag.py:536} INFO - Filling up the DagBag from /home/diego/Escritorio/AIRFLOW/airflow/dags/stg_api_to_mail.py
[2024-06-13T19:12:36.850-0300] {processor.py:839} INFO - DAG(s) dict_keys(['stg_api_to_mail']) retrieved from /home/diego/Escritorio/AIRFLOW/airflow/dags/stg_api_to_mail.py
[2024-06-13T19:12:36.901-0300] {logging_mixin.py:151} INFO - [2024-06-13T19:12:36.901-0300] {dag.py:2941} INFO - Sync 1 DAGs
[2024-06-13T19:12:36.935-0300] {logging_mixin.py:151} INFO - [2024-06-13T19:12:36.934-0300] {dag.py:3722} INFO - Setting next_dagrun for stg_api_to_mail to 2024-06-13T00:00:00+00:00, run_after=2024-06-14T00:00:00+00:00
[2024-06-13T19:12:36.964-0300] {processor.py:179} INFO - Processing /home/diego/Escritorio/AIRFLOW/airflow/dags/stg_api_to_mail.py took 0.129 seconds
[2024-06-13T19:13:07.273-0300] {processor.py:157} INFO - Started process (PID=15971) to work on /home/diego/Escritorio/AIRFLOW/airflow/dags/stg_api_to_mail.py
[2024-06-13T19:13:07.274-0300] {processor.py:829} INFO - Processing file /home/diego/Escritorio/AIRFLOW/airflow/dags/stg_api_to_mail.py for tasks to queue
[2024-06-13T19:13:07.276-0300] {logging_mixin.py:151} INFO - [2024-06-13T19:13:07.276-0300] {dagbag.py:536} INFO - Filling up the DagBag from /home/diego/Escritorio/AIRFLOW/airflow/dags/stg_api_to_mail.py
[2024-06-13T19:13:07.288-0300] {processor.py:839} INFO - DAG(s) dict_keys(['stg_api_to_mail']) retrieved from /home/diego/Escritorio/AIRFLOW/airflow/dags/stg_api_to_mail.py
[2024-06-13T19:13:07.322-0300] {logging_mixin.py:151} INFO - [2024-06-13T19:13:07.322-0300] {dag.py:2941} INFO - Sync 1 DAGs
[2024-06-13T19:13:07.349-0300] {logging_mixin.py:151} INFO - [2024-06-13T19:13:07.349-0300] {dag.py:3722} INFO - Setting next_dagrun for stg_api_to_mail to 2024-06-13T00:00:00+00:00, run_after=2024-06-14T00:00:00+00:00
[2024-06-13T19:13:07.368-0300] {processor.py:179} INFO - Processing /home/diego/Escritorio/AIRFLOW/airflow/dags/stg_api_to_mail.py took 0.098 seconds
[2024-06-13T19:13:37.648-0300] {processor.py:157} INFO - Started process (PID=16206) to work on /home/diego/Escritorio/AIRFLOW/airflow/dags/stg_api_to_mail.py
[2024-06-13T19:13:37.648-0300] {processor.py:829} INFO - Processing file /home/diego/Escritorio/AIRFLOW/airflow/dags/stg_api_to_mail.py for tasks to queue
[2024-06-13T19:13:37.651-0300] {logging_mixin.py:151} INFO - [2024-06-13T19:13:37.650-0300] {dagbag.py:536} INFO - Filling up the DagBag from /home/diego/Escritorio/AIRFLOW/airflow/dags/stg_api_to_mail.py
[2024-06-13T19:13:37.661-0300] {processor.py:839} INFO - DAG(s) dict_keys(['stg_api_to_mail']) retrieved from /home/diego/Escritorio/AIRFLOW/airflow/dags/stg_api_to_mail.py
[2024-06-13T19:13:37.697-0300] {logging_mixin.py:151} INFO - [2024-06-13T19:13:37.696-0300] {dag.py:2941} INFO - Sync 1 DAGs
[2024-06-13T19:13:37.723-0300] {logging_mixin.py:151} INFO - [2024-06-13T19:13:37.722-0300] {dag.py:3722} INFO - Setting next_dagrun for stg_api_to_mail to 2024-06-13T00:00:00+00:00, run_after=2024-06-14T00:00:00+00:00
[2024-06-13T19:13:37.745-0300] {processor.py:179} INFO - Processing /home/diego/Escritorio/AIRFLOW/airflow/dags/stg_api_to_mail.py took 0.101 seconds
[2024-06-13T19:14:08.073-0300] {processor.py:157} INFO - Started process (PID=16378) to work on /home/diego/Escritorio/AIRFLOW/airflow/dags/stg_api_to_mail.py
[2024-06-13T19:14:08.083-0300] {processor.py:829} INFO - Processing file /home/diego/Escritorio/AIRFLOW/airflow/dags/stg_api_to_mail.py for tasks to queue
[2024-06-13T19:14:08.087-0300] {logging_mixin.py:151} INFO - [2024-06-13T19:14:08.087-0300] {dagbag.py:536} INFO - Filling up the DagBag from /home/diego/Escritorio/AIRFLOW/airflow/dags/stg_api_to_mail.py
[2024-06-13T19:14:08.105-0300] {processor.py:839} INFO - DAG(s) dict_keys(['stg_api_to_mail']) retrieved from /home/diego/Escritorio/AIRFLOW/airflow/dags/stg_api_to_mail.py
[2024-06-13T19:14:08.139-0300] {logging_mixin.py:151} INFO - [2024-06-13T19:14:08.139-0300] {dag.py:2941} INFO - Sync 1 DAGs
[2024-06-13T19:14:08.164-0300] {logging_mixin.py:151} INFO - [2024-06-13T19:14:08.164-0300] {dag.py:3722} INFO - Setting next_dagrun for stg_api_to_mail to 2024-06-13T00:00:00+00:00, run_after=2024-06-14T00:00:00+00:00
[2024-06-13T19:14:08.187-0300] {processor.py:179} INFO - Processing /home/diego/Escritorio/AIRFLOW/airflow/dags/stg_api_to_mail.py took 0.119 seconds
[2024-06-13T19:14:38.614-0300] {processor.py:157} INFO - Started process (PID=16547) to work on /home/diego/Escritorio/AIRFLOW/airflow/dags/stg_api_to_mail.py
[2024-06-13T19:14:38.624-0300] {processor.py:829} INFO - Processing file /home/diego/Escritorio/AIRFLOW/airflow/dags/stg_api_to_mail.py for tasks to queue
[2024-06-13T19:14:38.626-0300] {logging_mixin.py:151} INFO - [2024-06-13T19:14:38.626-0300] {dagbag.py:536} INFO - Filling up the DagBag from /home/diego/Escritorio/AIRFLOW/airflow/dags/stg_api_to_mail.py
[2024-06-13T19:14:38.636-0300] {processor.py:839} INFO - DAG(s) dict_keys(['stg_api_to_mail']) retrieved from /home/diego/Escritorio/AIRFLOW/airflow/dags/stg_api_to_mail.py
[2024-06-13T19:14:38.670-0300] {logging_mixin.py:151} INFO - [2024-06-13T19:14:38.669-0300] {dag.py:2941} INFO - Sync 1 DAGs
[2024-06-13T19:14:38.697-0300] {logging_mixin.py:151} INFO - [2024-06-13T19:14:38.696-0300] {dag.py:3722} INFO - Setting next_dagrun for stg_api_to_mail to 2024-06-13T00:00:00+00:00, run_after=2024-06-14T00:00:00+00:00
[2024-06-13T19:14:38.720-0300] {processor.py:179} INFO - Processing /home/diego/Escritorio/AIRFLOW/airflow/dags/stg_api_to_mail.py took 0.110 seconds
[2024-06-13T19:15:08.983-0300] {processor.py:157} INFO - Started process (PID=16677) to work on /home/diego/Escritorio/AIRFLOW/airflow/dags/stg_api_to_mail.py
[2024-06-13T19:15:08.989-0300] {processor.py:829} INFO - Processing file /home/diego/Escritorio/AIRFLOW/airflow/dags/stg_api_to_mail.py for tasks to queue
[2024-06-13T19:15:08.992-0300] {logging_mixin.py:151} INFO - [2024-06-13T19:15:08.991-0300] {dagbag.py:536} INFO - Filling up the DagBag from /home/diego/Escritorio/AIRFLOW/airflow/dags/stg_api_to_mail.py
[2024-06-13T19:15:09.001-0300] {processor.py:839} INFO - DAG(s) dict_keys(['stg_api_to_mail']) retrieved from /home/diego/Escritorio/AIRFLOW/airflow/dags/stg_api_to_mail.py
[2024-06-13T19:15:09.033-0300] {logging_mixin.py:151} INFO - [2024-06-13T19:15:09.033-0300] {dag.py:2941} INFO - Sync 1 DAGs
[2024-06-13T19:15:09.057-0300] {logging_mixin.py:151} INFO - [2024-06-13T19:15:09.057-0300] {dag.py:3722} INFO - Setting next_dagrun for stg_api_to_mail to 2024-06-13T00:00:00+00:00, run_after=2024-06-14T00:00:00+00:00
[2024-06-13T19:15:09.079-0300] {processor.py:179} INFO - Processing /home/diego/Escritorio/AIRFLOW/airflow/dags/stg_api_to_mail.py took 0.102 seconds
[2024-06-13T19:15:39.245-0300] {processor.py:157} INFO - Started process (PID=16753) to work on /home/diego/Escritorio/AIRFLOW/airflow/dags/stg_api_to_mail.py
[2024-06-13T19:15:39.311-0300] {processor.py:829} INFO - Processing file /home/diego/Escritorio/AIRFLOW/airflow/dags/stg_api_to_mail.py for tasks to queue
[2024-06-13T19:15:39.312-0300] {logging_mixin.py:151} INFO - [2024-06-13T19:15:39.312-0300] {dagbag.py:536} INFO - Filling up the DagBag from /home/diego/Escritorio/AIRFLOW/airflow/dags/stg_api_to_mail.py
[2024-06-13T19:15:39.332-0300] {processor.py:839} INFO - DAG(s) dict_keys(['stg_api_to_mail']) retrieved from /home/diego/Escritorio/AIRFLOW/airflow/dags/stg_api_to_mail.py
[2024-06-13T19:15:39.367-0300] {logging_mixin.py:151} INFO - [2024-06-13T19:15:39.367-0300] {dag.py:2941} INFO - Sync 1 DAGs
[2024-06-13T19:15:39.394-0300] {logging_mixin.py:151} INFO - [2024-06-13T19:15:39.394-0300] {dag.py:3722} INFO - Setting next_dagrun for stg_api_to_mail to 2024-06-13T00:00:00+00:00, run_after=2024-06-14T00:00:00+00:00
[2024-06-13T19:15:43.164-0300] {processor.py:179} INFO - Processing /home/diego/Escritorio/AIRFLOW/airflow/dags/stg_api_to_mail.py took 3.923 seconds
[2024-06-13T19:16:13.618-0300] {processor.py:157} INFO - Started process (PID=16844) to work on /home/diego/Escritorio/AIRFLOW/airflow/dags/stg_api_to_mail.py
[2024-06-13T19:16:13.629-0300] {processor.py:829} INFO - Processing file /home/diego/Escritorio/AIRFLOW/airflow/dags/stg_api_to_mail.py for tasks to queue
[2024-06-13T19:16:13.631-0300] {logging_mixin.py:151} INFO - [2024-06-13T19:16:13.630-0300] {dagbag.py:536} INFO - Filling up the DagBag from /home/diego/Escritorio/AIRFLOW/airflow/dags/stg_api_to_mail.py
[2024-06-13T19:16:13.646-0300] {processor.py:839} INFO - DAG(s) dict_keys(['stg_api_to_mail']) retrieved from /home/diego/Escritorio/AIRFLOW/airflow/dags/stg_api_to_mail.py
[2024-06-13T19:16:13.681-0300] {logging_mixin.py:151} INFO - [2024-06-13T19:16:13.681-0300] {dag.py:2941} INFO - Sync 1 DAGs
[2024-06-13T19:16:13.707-0300] {logging_mixin.py:151} INFO - [2024-06-13T19:16:13.707-0300] {dag.py:3722} INFO - Setting next_dagrun for stg_api_to_mail to 2024-06-13T00:00:00+00:00, run_after=2024-06-14T00:00:00+00:00
[2024-06-13T19:16:13.732-0300] {processor.py:179} INFO - Processing /home/diego/Escritorio/AIRFLOW/airflow/dags/stg_api_to_mail.py took 0.119 seconds
[2024-06-13T19:16:44.028-0300] {processor.py:157} INFO - Started process (PID=16975) to work on /home/diego/Escritorio/AIRFLOW/airflow/dags/stg_api_to_mail.py
[2024-06-13T19:16:44.031-0300] {processor.py:829} INFO - Processing file /home/diego/Escritorio/AIRFLOW/airflow/dags/stg_api_to_mail.py for tasks to queue
[2024-06-13T19:16:44.032-0300] {logging_mixin.py:151} INFO - [2024-06-13T19:16:44.032-0300] {dagbag.py:536} INFO - Filling up the DagBag from /home/diego/Escritorio/AIRFLOW/airflow/dags/stg_api_to_mail.py
[2024-06-13T19:16:44.051-0300] {processor.py:839} INFO - DAG(s) dict_keys(['stg_api_to_mail']) retrieved from /home/diego/Escritorio/AIRFLOW/airflow/dags/stg_api_to_mail.py
[2024-06-13T19:16:44.086-0300] {logging_mixin.py:151} INFO - [2024-06-13T19:16:44.086-0300] {dag.py:2941} INFO - Sync 1 DAGs
[2024-06-13T19:16:44.111-0300] {logging_mixin.py:151} INFO - [2024-06-13T19:16:44.111-0300] {dag.py:3722} INFO - Setting next_dagrun for stg_api_to_mail to 2024-06-13T00:00:00+00:00, run_after=2024-06-14T00:00:00+00:00
[2024-06-13T19:16:44.129-0300] {processor.py:179} INFO - Processing /home/diego/Escritorio/AIRFLOW/airflow/dags/stg_api_to_mail.py took 0.106 seconds
[2024-06-13T19:17:14.431-0300] {processor.py:157} INFO - Started process (PID=17285) to work on /home/diego/Escritorio/AIRFLOW/airflow/dags/stg_api_to_mail.py
[2024-06-13T19:17:14.432-0300] {processor.py:829} INFO - Processing file /home/diego/Escritorio/AIRFLOW/airflow/dags/stg_api_to_mail.py for tasks to queue
[2024-06-13T19:17:14.434-0300] {logging_mixin.py:151} INFO - [2024-06-13T19:17:14.433-0300] {dagbag.py:536} INFO - Filling up the DagBag from /home/diego/Escritorio/AIRFLOW/airflow/dags/stg_api_to_mail.py
[2024-06-13T19:17:14.453-0300] {processor.py:839} INFO - DAG(s) dict_keys(['stg_api_to_mail']) retrieved from /home/diego/Escritorio/AIRFLOW/airflow/dags/stg_api_to_mail.py
[2024-06-13T19:17:14.485-0300] {logging_mixin.py:151} INFO - [2024-06-13T19:17:14.484-0300] {dag.py:2941} INFO - Sync 1 DAGs
[2024-06-13T19:17:14.511-0300] {logging_mixin.py:151} INFO - [2024-06-13T19:17:14.511-0300] {dag.py:3722} INFO - Setting next_dagrun for stg_api_to_mail to 2024-06-13T00:00:00+00:00, run_after=2024-06-14T00:00:00+00:00
[2024-06-13T19:17:14.534-0300] {processor.py:179} INFO - Processing /home/diego/Escritorio/AIRFLOW/airflow/dags/stg_api_to_mail.py took 0.107 seconds
[2024-06-13T19:17:44.874-0300] {processor.py:157} INFO - Started process (PID=17428) to work on /home/diego/Escritorio/AIRFLOW/airflow/dags/stg_api_to_mail.py
[2024-06-13T19:17:44.875-0300] {processor.py:829} INFO - Processing file /home/diego/Escritorio/AIRFLOW/airflow/dags/stg_api_to_mail.py for tasks to queue
[2024-06-13T19:17:44.877-0300] {logging_mixin.py:151} INFO - [2024-06-13T19:17:44.876-0300] {dagbag.py:536} INFO - Filling up the DagBag from /home/diego/Escritorio/AIRFLOW/airflow/dags/stg_api_to_mail.py
[2024-06-13T19:17:44.894-0300] {processor.py:839} INFO - DAG(s) dict_keys(['stg_api_to_mail']) retrieved from /home/diego/Escritorio/AIRFLOW/airflow/dags/stg_api_to_mail.py
[2024-06-13T19:17:44.929-0300] {logging_mixin.py:151} INFO - [2024-06-13T19:17:44.928-0300] {dag.py:2941} INFO - Sync 1 DAGs
[2024-06-13T19:17:44.953-0300] {logging_mixin.py:151} INFO - [2024-06-13T19:17:44.953-0300] {dag.py:3722} INFO - Setting next_dagrun for stg_api_to_mail to 2024-06-13T00:00:00+00:00, run_after=2024-06-14T00:00:00+00:00
[2024-06-13T19:17:44.972-0300] {processor.py:179} INFO - Processing /home/diego/Escritorio/AIRFLOW/airflow/dags/stg_api_to_mail.py took 0.102 seconds
[2024-06-13T19:18:15.266-0300] {processor.py:157} INFO - Started process (PID=17554) to work on /home/diego/Escritorio/AIRFLOW/airflow/dags/stg_api_to_mail.py
[2024-06-13T19:18:15.267-0300] {processor.py:829} INFO - Processing file /home/diego/Escritorio/AIRFLOW/airflow/dags/stg_api_to_mail.py for tasks to queue
[2024-06-13T19:18:15.268-0300] {logging_mixin.py:151} INFO - [2024-06-13T19:18:15.268-0300] {dagbag.py:536} INFO - Filling up the DagBag from /home/diego/Escritorio/AIRFLOW/airflow/dags/stg_api_to_mail.py
[2024-06-13T19:18:15.278-0300] {processor.py:839} INFO - DAG(s) dict_keys(['stg_api_to_mail']) retrieved from /home/diego/Escritorio/AIRFLOW/airflow/dags/stg_api_to_mail.py
[2024-06-13T19:18:15.315-0300] {logging_mixin.py:151} INFO - [2024-06-13T19:18:15.314-0300] {dag.py:2941} INFO - Sync 1 DAGs
[2024-06-13T19:18:15.341-0300] {logging_mixin.py:151} INFO - [2024-06-13T19:18:15.341-0300] {dag.py:3722} INFO - Setting next_dagrun for stg_api_to_mail to 2024-06-13T00:00:00+00:00, run_after=2024-06-14T00:00:00+00:00
[2024-06-13T19:18:15.366-0300] {processor.py:179} INFO - Processing /home/diego/Escritorio/AIRFLOW/airflow/dags/stg_api_to_mail.py took 0.102 seconds
[2024-06-13T19:18:45.731-0300] {processor.py:157} INFO - Started process (PID=17621) to work on /home/diego/Escritorio/AIRFLOW/airflow/dags/stg_api_to_mail.py
[2024-06-13T19:18:45.732-0300] {processor.py:829} INFO - Processing file /home/diego/Escritorio/AIRFLOW/airflow/dags/stg_api_to_mail.py for tasks to queue
[2024-06-13T19:18:45.732-0300] {logging_mixin.py:151} INFO - [2024-06-13T19:18:45.732-0300] {dagbag.py:536} INFO - Filling up the DagBag from /home/diego/Escritorio/AIRFLOW/airflow/dags/stg_api_to_mail.py
[2024-06-13T19:18:45.743-0300] {processor.py:839} INFO - DAG(s) dict_keys(['stg_api_to_mail']) retrieved from /home/diego/Escritorio/AIRFLOW/airflow/dags/stg_api_to_mail.py
[2024-06-13T19:18:45.788-0300] {logging_mixin.py:151} INFO - [2024-06-13T19:18:45.788-0300] {dag.py:2941} INFO - Sync 1 DAGs
[2024-06-13T19:18:45.815-0300] {logging_mixin.py:151} INFO - [2024-06-13T19:18:45.815-0300] {dag.py:3722} INFO - Setting next_dagrun for stg_api_to_mail to 2024-06-13T00:00:00+00:00, run_after=2024-06-14T00:00:00+00:00
[2024-06-13T19:18:45.835-0300] {processor.py:179} INFO - Processing /home/diego/Escritorio/AIRFLOW/airflow/dags/stg_api_to_mail.py took 0.108 seconds
[2024-06-13T19:19:16.152-0300] {processor.py:157} INFO - Started process (PID=17673) to work on /home/diego/Escritorio/AIRFLOW/airflow/dags/stg_api_to_mail.py
[2024-06-13T19:19:16.159-0300] {processor.py:829} INFO - Processing file /home/diego/Escritorio/AIRFLOW/airflow/dags/stg_api_to_mail.py for tasks to queue
[2024-06-13T19:19:16.160-0300] {logging_mixin.py:151} INFO - [2024-06-13T19:19:16.160-0300] {dagbag.py:536} INFO - Filling up the DagBag from /home/diego/Escritorio/AIRFLOW/airflow/dags/stg_api_to_mail.py
[2024-06-13T19:19:16.180-0300] {processor.py:839} INFO - DAG(s) dict_keys(['stg_api_to_mail']) retrieved from /home/diego/Escritorio/AIRFLOW/airflow/dags/stg_api_to_mail.py
[2024-06-13T19:19:16.217-0300] {logging_mixin.py:151} INFO - [2024-06-13T19:19:16.216-0300] {dag.py:2941} INFO - Sync 1 DAGs
[2024-06-13T19:19:16.242-0300] {logging_mixin.py:151} INFO - [2024-06-13T19:19:16.241-0300] {dag.py:3722} INFO - Setting next_dagrun for stg_api_to_mail to 2024-06-13T00:00:00+00:00, run_after=2024-06-14T00:00:00+00:00
[2024-06-13T19:19:16.266-0300] {processor.py:179} INFO - Processing /home/diego/Escritorio/AIRFLOW/airflow/dags/stg_api_to_mail.py took 0.119 seconds
[2024-06-13T19:19:46.612-0300] {processor.py:157} INFO - Started process (PID=17805) to work on /home/diego/Escritorio/AIRFLOW/airflow/dags/stg_api_to_mail.py
[2024-06-13T19:19:46.617-0300] {processor.py:829} INFO - Processing file /home/diego/Escritorio/AIRFLOW/airflow/dags/stg_api_to_mail.py for tasks to queue
[2024-06-13T19:19:46.618-0300] {logging_mixin.py:151} INFO - [2024-06-13T19:19:46.618-0300] {dagbag.py:536} INFO - Filling up the DagBag from /home/diego/Escritorio/AIRFLOW/airflow/dags/stg_api_to_mail.py
[2024-06-13T19:19:46.627-0300] {processor.py:839} INFO - DAG(s) dict_keys(['stg_api_to_mail']) retrieved from /home/diego/Escritorio/AIRFLOW/airflow/dags/stg_api_to_mail.py
[2024-06-13T19:19:46.657-0300] {logging_mixin.py:151} INFO - [2024-06-13T19:19:46.657-0300] {dag.py:2941} INFO - Sync 1 DAGs
[2024-06-13T19:19:46.681-0300] {logging_mixin.py:151} INFO - [2024-06-13T19:19:46.680-0300] {dag.py:3722} INFO - Setting next_dagrun for stg_api_to_mail to 2024-06-13T00:00:00+00:00, run_after=2024-06-14T00:00:00+00:00
[2024-06-13T19:19:46.699-0300] {processor.py:179} INFO - Processing /home/diego/Escritorio/AIRFLOW/airflow/dags/stg_api_to_mail.py took 0.091 seconds
[2024-06-13T19:20:16.919-0300] {processor.py:157} INFO - Started process (PID=17904) to work on /home/diego/Escritorio/AIRFLOW/airflow/dags/stg_api_to_mail.py
[2024-06-13T19:20:16.920-0300] {processor.py:829} INFO - Processing file /home/diego/Escritorio/AIRFLOW/airflow/dags/stg_api_to_mail.py for tasks to queue
[2024-06-13T19:20:16.921-0300] {logging_mixin.py:151} INFO - [2024-06-13T19:20:16.921-0300] {dagbag.py:536} INFO - Filling up the DagBag from /home/diego/Escritorio/AIRFLOW/airflow/dags/stg_api_to_mail.py
[2024-06-13T19:20:16.931-0300] {processor.py:839} INFO - DAG(s) dict_keys(['stg_api_to_mail']) retrieved from /home/diego/Escritorio/AIRFLOW/airflow/dags/stg_api_to_mail.py
[2024-06-13T19:20:16.968-0300] {logging_mixin.py:151} INFO - [2024-06-13T19:20:16.968-0300] {dag.py:2941} INFO - Sync 1 DAGs
[2024-06-13T19:20:16.993-0300] {logging_mixin.py:151} INFO - [2024-06-13T19:20:16.992-0300] {dag.py:3722} INFO - Setting next_dagrun for stg_api_to_mail to 2024-06-13T00:00:00+00:00, run_after=2024-06-14T00:00:00+00:00
[2024-06-13T19:20:17.020-0300] {processor.py:179} INFO - Processing /home/diego/Escritorio/AIRFLOW/airflow/dags/stg_api_to_mail.py took 0.104 seconds
[2024-06-13T19:20:47.224-0300] {processor.py:157} INFO - Started process (PID=18093) to work on /home/diego/Escritorio/AIRFLOW/airflow/dags/stg_api_to_mail.py
[2024-06-13T19:20:47.225-0300] {processor.py:829} INFO - Processing file /home/diego/Escritorio/AIRFLOW/airflow/dags/stg_api_to_mail.py for tasks to queue
[2024-06-13T19:20:47.225-0300] {logging_mixin.py:151} INFO - [2024-06-13T19:20:47.225-0300] {dagbag.py:536} INFO - Filling up the DagBag from /home/diego/Escritorio/AIRFLOW/airflow/dags/stg_api_to_mail.py
[2024-06-13T19:20:47.235-0300] {processor.py:839} INFO - DAG(s) dict_keys(['stg_api_to_mail']) retrieved from /home/diego/Escritorio/AIRFLOW/airflow/dags/stg_api_to_mail.py
[2024-06-13T19:20:47.266-0300] {logging_mixin.py:151} INFO - [2024-06-13T19:20:47.266-0300] {dag.py:2941} INFO - Sync 1 DAGs
[2024-06-13T19:20:47.291-0300] {logging_mixin.py:151} INFO - [2024-06-13T19:20:47.291-0300] {dag.py:3722} INFO - Setting next_dagrun for stg_api_to_mail to 2024-06-13T00:00:00+00:00, run_after=2024-06-14T00:00:00+00:00
[2024-06-13T19:20:47.310-0300] {processor.py:179} INFO - Processing /home/diego/Escritorio/AIRFLOW/airflow/dags/stg_api_to_mail.py took 0.090 seconds
